#
# A fatal error has been detected by the Java Runtime Environment:
#
#  SIGSEGV (0xb) at pc=0x00007f6cda091ae4, pid=4364, tid=4384
#
# JRE version: OpenJDK Runtime Environment (11.0.13+8) (build 11.0.13+8-Ubuntu-0ubuntu1.20.04)
# Java VM: OpenJDK 64-Bit Server VM (11.0.13+8-Ubuntu-0ubuntu1.20.04, mixed mode, sharing, tiered, compressed oops, g1 gc, linux-amd64)
# Problematic frame:
# V  [libjvm.so+0x79eae4]
#
# Core dump will be written. Default location: Core dumps may be processed with "/usr/share/apport/apport %p %s %c %d %P %E" (or dumping to /home/haneul/workspace/spring-study/spring_study/freelec-springboot2-webservice/core.4364)
#
# If you would like to submit a bug report, please visit:
#   https://bugs.launchpad.net/ubuntu/+source/openjdk-lts
#

---------------  S U M M A R Y ------------

Command Line: -Dfile.encoding=UTF-8 -Duser.country=KR -Duser.language=ko -Duser.variant com.haneul.study.springboot.Application

Host: Intel(R) Core(TM) i5-1035G7 CPU @ 1.20GHz, 8 cores, 15G, Ubuntu 20.04.3 LTS
Time: Tue Jan 11 21:49:35 2022 KST elapsed time: 1.635409 seconds (0d 0h 0m 1s)

---------------  T H R E A D  ---------------

Current thread (0x00007f6c9c002800):  GCTaskThread "GC Thread#2" [stack: 0x00007f6c8f547000,0x00007f6c8f647000] [id=4384]

Stack: [0x00007f6c8f547000,0x00007f6c8f647000],  sp=0x00007f6c8f6459f0,  free space=1018k
Native frames: (J=compiled Java code, A=aot compiled Java code, j=interpreted, Vv=VM code, C=native code)
V  [libjvm.so+0x79eae4]
V  [libjvm.so+0x79ec27]
V  [libjvm.so+0x79de81]
V  [libjvm.so+0x799564]
V  [libjvm.so+0x79f1e2]
V  [libjvm.so+0x6ff26f]
V  [libjvm.so+0x742cc2]
V  [libjvm.so+0x79a32f]
V  [libjvm.so+0x79a4a0]
V  [libjvm.so+0x753102]
V  [libjvm.so+0xeba7cd]
V  [libjvm.so+0xe21850]
V  [libjvm.so+0xbe0406]


siginfo: si_signo: 11 (SIGSEGV), si_code: 1 (SEGV_MAPERR), si_addr: 0x00000000000000f8

Register to memory mapping:

RAX=0x00007f6cd4021320 points into unknown readable memory: 0x00007f6cdaa58080 | 80 80 a5 da 6c 7f 00 00
RBX=
[error occurred during error reporting (printing register info), id 0xb, SIGSEGV (0xb) at pc=0x00007f6cdad7aad1]

Registers:
RAX=0x00007f6cd4021320, RBX=0x000000070be37c0c, RCX=0x0000000000000014, RDX=0x0000000000000000
RSP=0x00007f6c8f6459f0, RBP=0x00007f6c8f6459f0, RSI=0x000000063e02a008, RDI=0x00000000000063e0
R8 =0x000000070be37c08, R9 =0x00007f6c8f645bc0, R10=0x0000000000000000, R11=0x00007f6cd4072b22
R12=0x000000070be37e00, R13=0x00007f6c8f645bc0, R14=0x000000072be37ac8, R15=0x000000072be37ac8
RIP=0x00007f6cda091ae4, EFLAGS=0x0000000000010213, CSGSFS=0x002b000000000033, ERR=0x0000000000000004
  TRAPNO=0x000000000000000e

Top of Stack: (sp=0x00007f6c8f6459f0)
0x00007f6c8f6459f0:   00007f6c8f645a20 00007f6cda091c27
0x00007f6c8f645a00:   00007f6cd4026670 00007f6cd40b3f80
0x00007f6c8f645a10:   00007f6cd407d478 000000070be37e00
0x00007f6c8f645a20:   00007f6c8f645a80 00007f6cda090e81 

Instructions: (pc=0x00007f6cda091ae4)
0x00007f6cda0919e4:   00 00 00 00 e8 c3 b9 63 00 49 8b 47 10 0f b6 90
0x00007f6cda0919f4:   2a 05 00 00 84 d2 0f 84 df f9 ff ff 88 95 23 ff
0x00007f6cda091a04:   ff ff 0f b6 85 23 ff ff ff 48 8d 65 d8 5b 41 5c
0x00007f6cda091a14:   41 5d 41 5e 41 5f 5d c3 0f 1f 40 00 48 8b 53 08
0x00007f6cda091a24:   e9 8a f8 ff ff 0f 1f 80 00 00 00 00 4c 89 c6 4c
0x00007f6cda091a34:   89 ef ff d0 49 89 c1 e9 80 fb ff ff 48 8b 85 18
0x00007f6cda091a44:   ff ff ff 48 8b 40 10 0f b6 80 2a 05 00 00 88 85
0x00007f6cda091a54:   23 ff ff ff eb ac 66 0f 1f 44 00 00 45 31 e4 e9
0x00007f6cda091a64:   98 f8 ff ff 0f 1f 84 00 00 00 00 00 f3 0f 1e fa
0x00007f6cda091a74:   8b 06 85 c0 0f 84 c2 00 00 00 49 89 f0 89 c6 48
0x00007f6cda091a84:   8d 05 96 2d aa 00 49 89 f9 8b 48 08 48 d3 e6 48
0x00007f6cda091a94:   03 30 48 8b 47 10 48 89 f2 8b 88 f0 06 00 00 48
0x00007f6cda091aa4:   d3 ea 48 8b 88 e0 06 00 00 0f b6 14 11 84 d2 7f
0x00007f6cda091ab4:   4b 8b 88 c0 02 00 00 48 89 f7 48 8b 80 b0 02 00
0x00007f6cda091ac4:   00 48 d3 ef 4c 8b 14 f8 4d 39 51 20 74 6e 55 48
0x00007f6cda091ad4:   89 e5 80 fa ff 75 09 49 8d 79 10 e8 4c 9f ff ff
0x00007f6cda091ae4:   49 8b ba f8 00 00 00 8b 87 18 01 00 00 85 c0 75
0x00007f6cda091af4:   33 5d c3 66 0f 1f 84 00 00 00 00 00 31 c0 0f 18
0x00007f6cda091b04:   0c 06 b8 10 00 00 00 0f 18 0c 06 48 8b 47 18 4c
0x00007f6cda091b14:   89 c6 48 83 ce 01 48 8b 78 10 e9 3d ad ff ff 0f
0x00007f6cda091b24:   1f 44 00 00 41 8b 51 28 48 81 c7 90 00 00 00 4c
0x00007f6cda091b34:   89 c6 5d e9 84 af 07 00 0f 1f 40 00 c3 66 2e 0f
0x00007f6cda091b44:   1f 84 00 00 00 00 00 0f 1f 44 00 00 f3 0f 1e fa
0x00007f6cda091b54:   e9 17 ff ff ff 0f 1f 80 00 00 00 00 f3 0f 1e fa
0x00007f6cda091b64:   55 48 89 e5 41 55 41 54 53 48 83 ec 08 48 8d 15
0x00007f6cda091b74:   14 fd ac 00 80 3a 01 48 19 c0 83 e0 04 80 3a 01
0x00007f6cda091b84:   48 19 d2 48 63 44 06 0c 83 e2 08 48 8d 5c 16 10
0x00007f6cda091b94:   4c 8d 2c 83 4c 39 eb 73 17 49 89 fc 48 89 de 4c
0x00007f6cda091ba4:   89 e7 48 83 c3 04 e8 c1 fe ff ff 49 39 dd 77 ec
0x00007f6cda091bb4:   48 83 c4 08 5b 41 5c 41 5d 5d c3 90 f3 0f 1e fa
0x00007f6cda091bc4:   55 48 89 e5 41 55 41 54 4e 8d 24 c1 53 48 83 ec
0x00007f6cda091bd4:   08 48 8d 15 b0 fc ac 00 80 3a 01 48 19 c0 83 e0 


Stack slot to memory mapping:
stack at sp + 0 slots: 0x00007f6c8f645a20 points into unknown readable memory: 0x00007f6c8f645a80 | 80 5a 64 8f 6c 7f 00 00
stack at sp + 1 slots: 0x00007f6cda091c27: <offset 0x000000000079ec27> in /usr/lib/jvm/java-11-openjdk-amd64/lib/server/libjvm.so at 0x00007f6cd98f3000
stack at sp + 2 slots: 0x00007f6cd4026670 points into unknown readable memory: 0x00007f6cdab06118 | 18 61 b0 da 6c 7f 00 00
stack at sp + 3 slots: 0x00007f6cd40b3f80 points into unknown readable memory: 0x00007f6cdab07548 | 48 75 b0 da 6c 7f 00 00
stack at sp + 4 slots: 0x00007f6cd407d478 points into unknown readable memory: 0x000000070bc00000 | 00 00 c0 0b 07 00 00 00
stack at sp + 5 slots: 0x000000070be37e00 points into unknown readable memory: 0x000000100005babe | be ba 05 00 10 00 00 00
stack at sp + 6 slots: 0x00007f6c8f645a80 points into unknown readable memory: 0x00007f6c8f645a90 | 90 5a 64 8f 6c 7f 00 00
stack at sp + 7 slots: 0x00007f6cda090e81: <offset 0x000000000079de81> in /usr/lib/jvm/java-11-openjdk-amd64/lib/server/libjvm.so at 0x00007f6cd98f3000


---------------  P R O C E S S  ---------------

Threads class SMR info:
_java_thread_list=0x00007f6c5c24c380, length=11, elements={
0x00007f6cd4019000, 0x00007f6cd41cc000, 0x00007f6cd41d6800, 0x00007f6cd41dc000,
0x00007f6cd41de000, 0x00007f6cd41e0000, 0x00007f6cd41e2000, 0x00007f6cd41e4000,
0x00007f6cd423f800, 0x00007f6c8405e000, 0x00007f6c781ab000
}

Java Threads: ( => current thread )
  0x00007f6cd4019000 JavaThread "main" [_thread_blocked, id=4366, stack(0x00007f6cd94a6000,0x00007f6cd95a7000)]
  0x00007f6cd41cc000 JavaThread "Reference Handler" daemon [_thread_blocked, id=4373, stack(0x00007f6cac7aa000,0x00007f6cac8ab000)]
  0x00007f6cd41d6800 JavaThread "Finalizer" daemon [_thread_blocked, id=4374, stack(0x00007f6cac6a9000,0x00007f6cac7aa000)]
  0x00007f6cd41dc000 JavaThread "Signal Dispatcher" daemon [_thread_blocked, id=4375, stack(0x00007f6cac5a8000,0x00007f6cac6a9000)]
  0x00007f6cd41de000 JavaThread "Service Thread" daemon [_thread_blocked, id=4376, stack(0x00007f6cac4a7000,0x00007f6cac5a8000)]
  0x00007f6cd41e0000 JavaThread "C2 CompilerThread0" daemon [_thread_blocked, id=4377, stack(0x00007f6cac3a6000,0x00007f6cac4a7000)]
  0x00007f6cd41e2000 JavaThread "C1 CompilerThread0" daemon [_thread_blocked, id=4378, stack(0x00007f6cac2a5000,0x00007f6cac3a6000)]
  0x00007f6cd41e4000 JavaThread "Sweeper thread" daemon [_thread_blocked, id=4379, stack(0x00007f6cac1a4000,0x00007f6cac2a5000)]
  0x00007f6cd423f800 JavaThread "Common-Cleaner" daemon [_thread_blocked, id=4381, stack(0x00007f6c8f84a000,0x00007f6c8f94b000)]
  0x00007f6c8405e000 JavaThread "C2 CompilerThread1" daemon [_thread_blocked, id=4382, stack(0x00007f6c8f749000,0x00007f6c8f84a000)]
  0x00007f6c781ab000 JavaThread "C2 CompilerThread2" daemon [_thread_blocked, id=4388, stack(0x00007f6c8ef3f000,0x00007f6c8f040000)]

Other Threads:
  0x00007f6cd41c9800 VMThread "VM Thread" [stack: 0x00007f6cac8ad000,0x00007f6cac9ad000] [id=4372]
  0x00007f6cd423d000 WatcherThread [stack: 0x00007f6cac0a4000,0x00007f6cac1a4000] [id=4380]
  0x00007f6cd4031000 GCTaskThread "GC Thread#0" [stack: 0x00007f6cd915a000,0x00007f6cd925a000] [id=4367]
  0x00007f6c9c001000 GCTaskThread "GC Thread#1" [stack: 0x00007f6c8f649000,0x00007f6c8f749000] [id=4383]
=>0x00007f6c9c002800 GCTaskThread "GC Thread#2" [stack: 0x00007f6c8f547000,0x00007f6c8f647000] [id=4384]
  0x00007f6c9c004000 GCTaskThread "GC Thread#3" [stack: 0x00007f6c8f445000,0x00007f6c8f545000] [id=4385]
  0x00007f6c9c005800 GCTaskThread "GC Thread#4" [stack: 0x00007f6c8f343000,0x00007f6c8f443000] [id=4386]
  0x00007f6cd408d800 ConcurrentGCThread "G1 Main Marker" [stack: 0x00007f6cafd3e000,0x00007f6cafe3e000] [id=4368]
  0x00007f6cd408f800 ConcurrentGCThread "G1 Conc#0" [stack: 0x00007f6cafc3c000,0x00007f6cafd3c000] [id=4369]
  0x00007f6cd418b800 ConcurrentGCThread "G1 Refine#0" [stack: 0x00007f6cad332000,0x00007f6cad432000] [id=4370]
  0x00007f6cd418d800 ConcurrentGCThread "G1 Young RemSet Sampling" [stack: 0x00007f6cad230000,0x00007f6cad330000] [id=4371]

Threads with active compile tasks:
C1 CompilerThread0   1638 2757       3       org.springframework.asm.Frame::execute (2305 bytes)
C2 CompilerThread2   1638 2598   !   4       jdk.internal.loader.BuiltinClassLoader::loadClassOrNull (143 bytes)

VM state:at safepoint (normal execution)

VM Mutex/Monitor currently owned by a thread:  ([mutex/lock_event])
[0x00007f6cd4015720] Threads_lock - owner thread: 0x00007f6cd41c9800
[0x00007f6cd4015f00] Heap_lock - owner thread: 0x00007f6cd4019000

Heap address: 0x000000070bc00000, size: 3908 MB, Compressed Oops mode: Zero based, Oop shift amount: 3
Narrow klass base: 0x0000000800000000, Narrow klass shift: 3
Compressed class space size: 1073741824 Address: 0x0000000840000000

Heap:
 garbage-first heap   total 253952K, used 145536K [0x000000070bc00000, 0x0000000800000000)
  region size 1024K, 144 young (147456K), 8 survivors (8192K)
 Metaspace       used 20312K, capacity 21071K, committed 21296K, reserved 1067008K
  class space    used 2521K, capacity 2821K, committed 2944K, reserved 1048576K
Heap Regions: E=young(eden), S=young(survivor), O=old, HS=humongous(starts), HC=humongous(continues), CS=collection set, F=free, A=archive, TAMS=top-at-mark-start (previous, next)
|   0|0x000000070bc00000, 0x000000070bd00000, 0x000000070bd00000|100%|HS|  |TAMS 0x000000070bc00000, 0x000000070bd00000| Complete 
|   1|0x000000070bd00000, 0x000000070be00000, 0x000000070be00000|100%| O|  |TAMS 0x000000070bd00000, 0x000000070be00000| Untracked 
|   2|0x000000070be00000, 0x000000070beed800, 0x000000070bf00000| 92%| O|  |TAMS 0x000000070be00000, 0x000000070bf00000| Untracked 
|   3|0x000000070bf00000, 0x000000070bf00000, 0x000000070c000000|  0%| F|  |TAMS 0x000000070bf00000, 0x000000070bf00000| Untracked 
|   4|0x000000070c000000, 0x000000070c000000, 0x000000070c100000|  0%| F|  |TAMS 0x000000070c000000, 0x000000070c000000| Untracked 
|   5|0x000000070c100000, 0x000000070c100000, 0x000000070c200000|  0%| F|  |TAMS 0x000000070c100000, 0x000000070c100000| Untracked 
|   6|0x000000070c200000, 0x000000070c200000, 0x000000070c300000|  0%| F|  |TAMS 0x000000070c200000, 0x000000070c200000| Untracked 
|   7|0x000000070c300000, 0x000000070c300000, 0x000000070c400000|  0%| F|  |TAMS 0x000000070c300000, 0x000000070c300000| Untracked 
|   8|0x000000070c400000, 0x000000070c400000, 0x000000070c500000|  0%| F|  |TAMS 0x000000070c400000, 0x000000070c400000| Untracked 
|   9|0x000000070c500000, 0x000000070c500000, 0x000000070c600000|  0%| F|  |TAMS 0x000000070c500000, 0x000000070c500000| Untracked 
|  10|0x000000070c600000, 0x000000070c600000, 0x000000070c700000|  0%| F|  |TAMS 0x000000070c600000, 0x000000070c600000| Untracked 
|  11|0x000000070c700000, 0x000000070c700000, 0x000000070c800000|  0%| F|  |TAMS 0x000000070c700000, 0x000000070c700000| Untracked 
|  12|0x000000070c800000, 0x000000070c800000, 0x000000070c900000|  0%| F|  |TAMS 0x000000070c800000, 0x000000070c800000| Untracked 
|  13|0x000000070c900000, 0x000000070c900000, 0x000000070ca00000|  0%| F|  |TAMS 0x000000070c900000, 0x000000070c900000| Untracked 
|  14|0x000000070ca00000, 0x000000070ca00000, 0x000000070cb00000|  0%| F|  |TAMS 0x000000070ca00000, 0x000000070ca00000| Untracked 
|  15|0x000000070cb00000, 0x000000070cb00000, 0x000000070cc00000|  0%| F|  |TAMS 0x000000070cb00000, 0x000000070cb00000| Untracked 
|  16|0x000000070cc00000, 0x000000070cc00000, 0x000000070cd00000|  0%| F|  |TAMS 0x000000070cc00000, 0x000000070cc00000| Untracked 
|  17|0x000000070cd00000, 0x000000070cd00000, 0x000000070ce00000|  0%| F|  |TAMS 0x000000070cd00000, 0x000000070cd00000| Untracked 
|  18|0x000000070ce00000, 0x000000070ce00000, 0x000000070cf00000|  0%| F|  |TAMS 0x000000070ce00000, 0x000000070ce00000| Untracked 
|  19|0x000000070cf00000, 0x000000070cf00000, 0x000000070d000000|  0%| F|  |TAMS 0x000000070cf00000, 0x000000070cf00000| Untracked 
|  20|0x000000070d000000, 0x000000070d000000, 0x000000070d100000|  0%| F|  |TAMS 0x000000070d000000, 0x000000070d000000| Untracked 
|  21|0x000000070d100000, 0x000000070d100000, 0x000000070d200000|  0%| F|  |TAMS 0x000000070d100000, 0x000000070d100000| Untracked 
|  22|0x000000070d200000, 0x000000070d200000, 0x000000070d300000|  0%| F|  |TAMS 0x000000070d200000, 0x000000070d200000| Untracked 
|  23|0x000000070d300000, 0x000000070d300000, 0x000000070d400000|  0%| F|  |TAMS 0x000000070d300000, 0x000000070d300000| Untracked 
|  24|0x000000070d400000, 0x000000070d400000, 0x000000070d500000|  0%| F|  |TAMS 0x000000070d400000, 0x000000070d400000| Untracked 
|  25|0x000000070d500000, 0x000000070d500000, 0x000000070d600000|  0%| F|  |TAMS 0x000000070d500000, 0x000000070d500000| Untracked 
|  26|0x000000070d600000, 0x000000070d600000, 0x000000070d700000|  0%| F|  |TAMS 0x000000070d600000, 0x000000070d600000| Untracked 
|  27|0x000000070d700000, 0x000000070d700000, 0x000000070d800000|  0%| F|  |TAMS 0x000000070d700000, 0x000000070d700000| Untracked 
|  28|0x000000070d800000, 0x000000070d800000, 0x000000070d900000|  0%| F|  |TAMS 0x000000070d800000, 0x000000070d800000| Untracked 
|  29|0x000000070d900000, 0x000000070d900000, 0x000000070da00000|  0%| F|  |TAMS 0x000000070d900000, 0x000000070d900000| Untracked 
|  30|0x000000070da00000, 0x000000070da00000, 0x000000070db00000|  0%| F|  |TAMS 0x000000070da00000, 0x000000070da00000| Untracked 
|  31|0x000000070db00000, 0x000000070db00000, 0x000000070dc00000|  0%| F|  |TAMS 0x000000070db00000, 0x000000070db00000| Untracked 
|  32|0x000000070dc00000, 0x000000070dc00000, 0x000000070dd00000|  0%| F|  |TAMS 0x000000070dc00000, 0x000000070dc00000| Untracked 
|  33|0x000000070dd00000, 0x000000070dd00000, 0x000000070de00000|  0%| F|  |TAMS 0x000000070dd00000, 0x000000070dd00000| Untracked 
|  34|0x000000070de00000, 0x000000070de00000, 0x000000070df00000|  0%| F|  |TAMS 0x000000070de00000, 0x000000070de00000| Untracked 
|  35|0x000000070df00000, 0x000000070df00000, 0x000000070e000000|  0%| F|  |TAMS 0x000000070df00000, 0x000000070df00000| Untracked 
|  36|0x000000070e000000, 0x000000070e000000, 0x000000070e100000|  0%| F|  |TAMS 0x000000070e000000, 0x000000070e000000| Untracked 
|  37|0x000000070e100000, 0x000000070e100000, 0x000000070e200000|  0%| F|  |TAMS 0x000000070e100000, 0x000000070e100000| Untracked 
|  38|0x000000070e200000, 0x000000070e200000, 0x000000070e300000|  0%| F|  |TAMS 0x000000070e200000, 0x000000070e200000| Untracked 
|  39|0x000000070e300000, 0x000000070e300000, 0x000000070e400000|  0%| F|  |TAMS 0x000000070e300000, 0x000000070e300000| Untracked 
|  40|0x000000070e400000, 0x000000070e400000, 0x000000070e500000|  0%| F|  |TAMS 0x000000070e400000, 0x000000070e400000| Untracked 
|  41|0x000000070e500000, 0x000000070e500000, 0x000000070e600000|  0%| F|  |TAMS 0x000000070e500000, 0x000000070e500000| Untracked 
|  42|0x000000070e600000, 0x000000070e600000, 0x000000070e700000|  0%| F|  |TAMS 0x000000070e600000, 0x000000070e600000| Untracked 
|  43|0x000000070e700000, 0x000000070e700000, 0x000000070e800000|  0%| F|  |TAMS 0x000000070e700000, 0x000000070e700000| Untracked 
|  44|0x000000070e800000, 0x000000070e800000, 0x000000070e900000|  0%| F|  |TAMS 0x000000070e800000, 0x000000070e800000| Untracked 
|  45|0x000000070e900000, 0x000000070e900000, 0x000000070ea00000|  0%| F|  |TAMS 0x000000070e900000, 0x000000070e900000| Untracked 
|  46|0x000000070ea00000, 0x000000070ea00000, 0x000000070eb00000|  0%| F|  |TAMS 0x000000070ea00000, 0x000000070ea00000| Untracked 
|  47|0x000000070eb00000, 0x000000070eb00000, 0x000000070ec00000|  0%| F|  |TAMS 0x000000070eb00000, 0x000000070eb00000| Untracked 
|  48|0x000000070ec00000, 0x000000070ec00000, 0x000000070ed00000|  0%| F|  |TAMS 0x000000070ec00000, 0x000000070ec00000| Untracked 
|  49|0x000000070ed00000, 0x000000070ed00000, 0x000000070ee00000|  0%| F|  |TAMS 0x000000070ed00000, 0x000000070ed00000| Untracked 
|  50|0x000000070ee00000, 0x000000070ee00000, 0x000000070ef00000|  0%| F|  |TAMS 0x000000070ee00000, 0x000000070ee00000| Untracked 
|  51|0x000000070ef00000, 0x000000070ef00000, 0x000000070f000000|  0%| F|  |TAMS 0x000000070ef00000, 0x000000070ef00000| Untracked 
|  52|0x000000070f000000, 0x000000070f000000, 0x000000070f100000|  0%| F|  |TAMS 0x000000070f000000, 0x000000070f000000| Untracked 
|  53|0x000000070f100000, 0x000000070f100000, 0x000000070f200000|  0%| F|  |TAMS 0x000000070f100000, 0x000000070f100000| Untracked 
|  54|0x000000070f200000, 0x000000070f200000, 0x000000070f300000|  0%| F|  |TAMS 0x000000070f200000, 0x000000070f200000| Untracked 
|  55|0x000000070f300000, 0x000000070f300000, 0x000000070f400000|  0%| F|  |TAMS 0x000000070f300000, 0x000000070f300000| Untracked 
|  56|0x000000070f400000, 0x000000070f400000, 0x000000070f500000|  0%| F|  |TAMS 0x000000070f400000, 0x000000070f400000| Untracked 
|  57|0x000000070f500000, 0x000000070f500000, 0x000000070f600000|  0%| F|  |TAMS 0x000000070f500000, 0x000000070f500000| Untracked 
|  58|0x000000070f600000, 0x000000070f600000, 0x000000070f700000|  0%| F|  |TAMS 0x000000070f600000, 0x000000070f600000| Untracked 
|  59|0x000000070f700000, 0x000000070f700000, 0x000000070f800000|  0%| F|  |TAMS 0x000000070f700000, 0x000000070f700000| Untracked 
|  60|0x000000070f800000, 0x000000070f800000, 0x000000070f900000|  0%| F|  |TAMS 0x000000070f800000, 0x000000070f800000| Untracked 
|  61|0x000000070f900000, 0x000000070f900000, 0x000000070fa00000|  0%| F|  |TAMS 0x000000070f900000, 0x000000070f900000| Untracked 
|  62|0x000000070fa00000, 0x000000070fa00000, 0x000000070fb00000|  0%| F|  |TAMS 0x000000070fa00000, 0x000000070fa00000| Untracked 
|  63|0x000000070fb00000, 0x000000070fb00000, 0x000000070fc00000|  0%| F|  |TAMS 0x000000070fb00000, 0x000000070fb00000| Untracked 
|  64|0x000000070fc00000, 0x000000070fc00000, 0x000000070fd00000|  0%| F|  |TAMS 0x000000070fc00000, 0x000000070fc00000| Untracked 
|  65|0x000000070fd00000, 0x000000070fd00000, 0x000000070fe00000|  0%| F|  |TAMS 0x000000070fd00000, 0x000000070fd00000| Untracked 
|  66|0x000000070fe00000, 0x000000070fe00000, 0x000000070ff00000|  0%| F|  |TAMS 0x000000070fe00000, 0x000000070fe00000| Untracked 
|  67|0x000000070ff00000, 0x000000070ff00000, 0x0000000710000000|  0%| F|  |TAMS 0x000000070ff00000, 0x000000070ff00000| Untracked 
|  68|0x0000000710000000, 0x0000000710000000, 0x0000000710100000|  0%| F|  |TAMS 0x0000000710000000, 0x0000000710000000| Untracked 
|  69|0x0000000710100000, 0x0000000710100000, 0x0000000710200000|  0%| F|  |TAMS 0x0000000710100000, 0x0000000710100000| Untracked 
|  70|0x0000000710200000, 0x0000000710200000, 0x0000000710300000|  0%| F|  |TAMS 0x0000000710200000, 0x0000000710200000| Untracked 
|  71|0x0000000710300000, 0x0000000710300000, 0x0000000710400000|  0%| F|  |TAMS 0x0000000710300000, 0x0000000710300000| Untracked 
|  72|0x0000000710400000, 0x0000000710400000, 0x0000000710500000|  0%| F|  |TAMS 0x0000000710400000, 0x0000000710400000| Untracked 
|  73|0x0000000710500000, 0x0000000710500000, 0x0000000710600000|  0%| F|  |TAMS 0x0000000710500000, 0x0000000710500000| Untracked 
|  74|0x0000000710600000, 0x0000000710600000, 0x0000000710700000|  0%| F|  |TAMS 0x0000000710600000, 0x0000000710600000| Untracked 
|  75|0x0000000710700000, 0x0000000710700000, 0x0000000710800000|  0%| F|  |TAMS 0x0000000710700000, 0x0000000710700000| Untracked 
|  76|0x0000000710800000, 0x0000000710800000, 0x0000000710900000|  0%| F|  |TAMS 0x0000000710800000, 0x0000000710800000| Untracked 
|  77|0x0000000710900000, 0x0000000710900000, 0x0000000710a00000|  0%| F|  |TAMS 0x0000000710900000, 0x0000000710900000| Untracked 
|  78|0x0000000710a00000, 0x0000000710a00000, 0x0000000710b00000|  0%| F|  |TAMS 0x0000000710a00000, 0x0000000710a00000| Untracked 
|  79|0x0000000710b00000, 0x0000000710b00000, 0x0000000710c00000|  0%| F|  |TAMS 0x0000000710b00000, 0x0000000710b00000| Untracked 
|  80|0x0000000710c00000, 0x0000000710c00000, 0x0000000710d00000|  0%| F|  |TAMS 0x0000000710c00000, 0x0000000710c00000| Untracked 
|  81|0x0000000710d00000, 0x0000000710d00000, 0x0000000710e00000|  0%| F|  |TAMS 0x0000000710d00000, 0x0000000710d00000| Untracked 
|  82|0x0000000710e00000, 0x0000000710e00000, 0x0000000710f00000|  0%| F|  |TAMS 0x0000000710e00000, 0x0000000710e00000| Untracked 
|  83|0x0000000710f00000, 0x0000000710f00000, 0x0000000711000000|  0%| F|  |TAMS 0x0000000710f00000, 0x0000000710f00000| Untracked 
|  84|0x0000000711000000, 0x0000000711000000, 0x0000000711100000|  0%| F|  |TAMS 0x0000000711000000, 0x0000000711000000| Untracked 
|  85|0x0000000711100000, 0x0000000711100000, 0x0000000711200000|  0%| F|  |TAMS 0x0000000711100000, 0x0000000711100000| Untracked 
|  86|0x0000000711200000, 0x0000000711200000, 0x0000000711300000|  0%| F|  |TAMS 0x0000000711200000, 0x0000000711200000| Untracked 
|  87|0x0000000711300000, 0x0000000711300000, 0x0000000711400000|  0%| F|  |TAMS 0x0000000711300000, 0x0000000711300000| Untracked 
|  88|0x0000000711400000, 0x0000000711400000, 0x0000000711500000|  0%| F|  |TAMS 0x0000000711400000, 0x0000000711400000| Untracked 
|  89|0x0000000711500000, 0x0000000711500000, 0x0000000711600000|  0%| F|  |TAMS 0x0000000711500000, 0x0000000711500000| Untracked 
|  90|0x0000000711600000, 0x0000000711600000, 0x0000000711700000|  0%| F|  |TAMS 0x0000000711600000, 0x0000000711600000| Untracked 
|  91|0x0000000711700000, 0x0000000711700000, 0x0000000711800000|  0%| F|  |TAMS 0x0000000711700000, 0x0000000711700000| Untracked 
|  92|0x0000000711800000, 0x0000000711800000, 0x0000000711900000|  0%| F|  |TAMS 0x0000000711800000, 0x0000000711800000| Untracked 
|  93|0x0000000711900000, 0x0000000711900000, 0x0000000711a00000|  0%| F|  |TAMS 0x0000000711900000, 0x0000000711900000| Untracked 
|  94|0x0000000711a00000, 0x0000000711a00000, 0x0000000711b00000|  0%| F|  |TAMS 0x0000000711a00000, 0x0000000711a00000| Untracked 
|  95|0x0000000711b00000, 0x0000000711b00000, 0x0000000711c00000|  0%| F|  |TAMS 0x0000000711b00000, 0x0000000711b00000| Untracked 
|  96|0x0000000711c00000, 0x0000000711c00000, 0x0000000711d00000|  0%| F|  |TAMS 0x0000000711c00000, 0x0000000711c00000| Untracked 
|  97|0x0000000711d00000, 0x0000000711d00000, 0x0000000711e00000|  0%| F|  |TAMS 0x0000000711d00000, 0x0000000711d00000| Untracked 
|  98|0x0000000711e00000, 0x0000000711e00000, 0x0000000711f00000|  0%| F|  |TAMS 0x0000000711e00000, 0x0000000711e00000| Untracked 
|  99|0x0000000711f00000, 0x0000000711f2d190, 0x0000000712000000| 17%| S|  |TAMS 0x0000000711f00000, 0x0000000711f00000| Complete 
| 100|0x0000000712000000, 0x0000000712100000, 0x0000000712100000|100%| S|  |TAMS 0x0000000712000000, 0x0000000712000000| Complete 
| 101|0x0000000712100000, 0x0000000712200000, 0x0000000712200000|100%| S|  |TAMS 0x0000000712100000, 0x0000000712100000| Complete 
| 102|0x0000000712200000, 0x0000000712300000, 0x0000000712300000|100%| S|  |TAMS 0x0000000712200000, 0x0000000712200000| Complete 
| 103|0x0000000712300000, 0x0000000712400000, 0x0000000712400000|100%| S|  |TAMS 0x0000000712300000, 0x0000000712300000| Complete 
| 104|0x0000000712400000, 0x0000000712500000, 0x0000000712500000|100%| S|  |TAMS 0x0000000712400000, 0x0000000712400000| Complete 
| 105|0x0000000712500000, 0x0000000712600000, 0x0000000712600000|100%| S|  |TAMS 0x0000000712500000, 0x0000000712500000| Complete 
| 106|0x0000000712600000, 0x0000000712700000, 0x0000000712700000|100%| S|  |TAMS 0x0000000712600000, 0x0000000712600000| Complete 
| 107|0x0000000712700000, 0x0000000712780800, 0x0000000712800000| 50%| E|CS|TAMS 0x0000000712700000, 0x0000000712780800| Complete 
| 108|0x0000000712800000, 0x0000000712900000, 0x0000000712900000|100%| E|CS|TAMS 0x0000000712800000, 0x0000000712900000| Complete 
| 109|0x0000000712900000, 0x0000000712a00000, 0x0000000712a00000|100%| E|CS|TAMS 0x0000000712900000, 0x0000000712a00000| Complete 
| 110|0x0000000712a00000, 0x0000000712b00000, 0x0000000712b00000|100%| E|CS|TAMS 0x0000000712a00000, 0x0000000712b00000| Complete 
| 111|0x0000000712b00000, 0x0000000712c00000, 0x0000000712c00000|100%| E|CS|TAMS 0x0000000712b00000, 0x0000000712c00000| Complete 
| 112|0x0000000712c00000, 0x0000000712d00000, 0x0000000712d00000|100%| E|CS|TAMS 0x0000000712c00000, 0x0000000712d00000| Complete 
| 113|0x0000000712d00000, 0x0000000712e00000, 0x0000000712e00000|100%| E|CS|TAMS 0x0000000712d00000, 0x0000000712e00000| Complete 
| 114|0x0000000712e00000, 0x0000000712f00000, 0x0000000712f00000|100%| E|CS|TAMS 0x0000000712e00000, 0x0000000712f00000| Complete 
| 115|0x0000000712f00000, 0x0000000713000000, 0x0000000713000000|100%| E|CS|TAMS 0x0000000712f00000, 0x0000000713000000| Complete 
| 116|0x0000000713000000, 0x0000000713100000, 0x0000000713100000|100%| E|CS|TAMS 0x0000000713000000, 0x0000000713100000| Complete 
| 117|0x0000000713100000, 0x0000000713200000, 0x0000000713200000|100%| E|CS|TAMS 0x0000000713100000, 0x0000000713200000| Complete 
| 118|0x0000000713200000, 0x0000000713300000, 0x0000000713300000|100%| E|CS|TAMS 0x0000000713200000, 0x0000000713300000| Complete 
| 119|0x0000000713300000, 0x0000000713400000, 0x0000000713400000|100%| E|CS|TAMS 0x0000000713300000, 0x0000000713400000| Complete 
| 120|0x0000000713400000, 0x0000000713500000, 0x0000000713500000|100%| E|CS|TAMS 0x0000000713400000, 0x0000000713500000| Complete 
| 121|0x0000000713500000, 0x0000000713600000, 0x0000000713600000|100%| E|CS|TAMS 0x0000000713500000, 0x0000000713600000| Complete 
| 122|0x0000000713600000, 0x0000000713700000, 0x0000000713700000|100%| E|CS|TAMS 0x0000000713600000, 0x0000000713700000| Complete 
| 123|0x0000000713700000, 0x0000000713800000, 0x0000000713800000|100%| E|CS|TAMS 0x0000000713700000, 0x0000000713800000| Complete 
| 124|0x0000000713800000, 0x0000000713900000, 0x0000000713900000|100%| E|CS|TAMS 0x0000000713800000, 0x0000000713900000| Complete 
| 125|0x0000000713900000, 0x0000000713a00000, 0x0000000713a00000|100%| E|CS|TAMS 0x0000000713900000, 0x0000000713a00000| Complete 
| 126|0x0000000713a00000, 0x0000000713b00000, 0x0000000713b00000|100%| E|CS|TAMS 0x0000000713a00000, 0x0000000713b00000| Complete 
| 127|0x0000000713b00000, 0x0000000713c00000, 0x0000000713c00000|100%| E|CS|TAMS 0x0000000713b00000, 0x0000000713c00000| Complete 
| 128|0x0000000713c00000, 0x0000000713d00000, 0x0000000713d00000|100%| E|CS|TAMS 0x0000000713c00000, 0x0000000713d00000| Complete 
| 129|0x0000000713d00000, 0x0000000713e00000, 0x0000000713e00000|100%| E|CS|TAMS 0x0000000713d00000, 0x0000000713e00000| Complete 
| 130|0x0000000713e00000, 0x0000000713f00000, 0x0000000713f00000|100%| E|CS|TAMS 0x0000000713e00000, 0x0000000713f00000| Complete 
| 131|0x0000000713f00000, 0x0000000714000000, 0x0000000714000000|100%| E|CS|TAMS 0x0000000713f00000, 0x0000000714000000| Complete 
| 132|0x0000000714000000, 0x0000000714100000, 0x0000000714100000|100%| E|CS|TAMS 0x0000000714000000, 0x0000000714100000| Complete 
| 133|0x0000000714100000, 0x0000000714200000, 0x0000000714200000|100%| E|CS|TAMS 0x0000000714100000, 0x0000000714200000| Complete 
| 134|0x0000000714200000, 0x0000000714300000, 0x0000000714300000|100%| E|CS|TAMS 0x0000000714200000, 0x0000000714300000| Complete 
| 135|0x0000000714300000, 0x0000000714400000, 0x0000000714400000|100%| E|CS|TAMS 0x0000000714300000, 0x0000000714400000| Complete 
| 136|0x0000000714400000, 0x0000000714500000, 0x0000000714500000|100%| E|CS|TAMS 0x0000000714400000, 0x0000000714500000| Complete 
| 137|0x0000000714500000, 0x0000000714600000, 0x0000000714600000|100%| E|CS|TAMS 0x0000000714500000, 0x0000000714600000| Complete 
| 138|0x0000000714600000, 0x0000000714700000, 0x0000000714700000|100%| E|CS|TAMS 0x0000000714600000, 0x0000000714700000| Complete 
| 139|0x0000000714700000, 0x0000000714800000, 0x0000000714800000|100%| E|CS|TAMS 0x0000000714700000, 0x0000000714800000| Complete 
| 140|0x0000000714800000, 0x0000000714900000, 0x0000000714900000|100%| E|CS|TAMS 0x0000000714800000, 0x0000000714900000| Complete 
| 141|0x0000000714900000, 0x0000000714a00000, 0x0000000714a00000|100%| E|CS|TAMS 0x0000000714900000, 0x0000000714a00000| Complete 
| 142|0x0000000714a00000, 0x0000000714b00000, 0x0000000714b00000|100%| E|CS|TAMS 0x0000000714a00000, 0x0000000714b00000| Complete 
| 143|0x0000000714b00000, 0x0000000714c00000, 0x0000000714c00000|100%| E|CS|TAMS 0x0000000714b00000, 0x0000000714c00000| Complete 
| 144|0x0000000714c00000, 0x0000000714d00000, 0x0000000714d00000|100%| E|CS|TAMS 0x0000000714c00000, 0x0000000714d00000| Complete 
| 145|0x0000000714d00000, 0x0000000714e00000, 0x0000000714e00000|100%| E|CS|TAMS 0x0000000714d00000, 0x0000000714e00000| Complete 
| 146|0x0000000714e00000, 0x0000000714f00000, 0x0000000714f00000|100%| E|CS|TAMS 0x0000000714e00000, 0x0000000714f00000| Complete 
| 147|0x0000000714f00000, 0x0000000715000000, 0x0000000715000000|100%| E|CS|TAMS 0x0000000714f00000, 0x0000000715000000| Complete 
| 148|0x0000000715000000, 0x0000000715100000, 0x0000000715100000|100%| E|CS|TAMS 0x0000000715000000, 0x0000000715100000| Complete 
| 149|0x0000000715100000, 0x0000000715200000, 0x0000000715200000|100%| E|CS|TAMS 0x0000000715100000, 0x0000000715200000| Complete 
| 150|0x0000000715200000, 0x0000000715300000, 0x0000000715300000|100%| E|CS|TAMS 0x0000000715200000, 0x0000000715300000| Complete 
| 151|0x0000000715300000, 0x0000000715400000, 0x0000000715400000|100%| E|CS|TAMS 0x0000000715300000, 0x0000000715400000| Complete 
| 152|0x0000000715400000, 0x0000000715500000, 0x0000000715500000|100%| E|CS|TAMS 0x0000000715400000, 0x0000000715500000| Complete 
| 153|0x0000000715500000, 0x0000000715600000, 0x0000000715600000|100%| E|CS|TAMS 0x0000000715500000, 0x0000000715600000| Complete 
| 154|0x0000000715600000, 0x0000000715700000, 0x0000000715700000|100%| E|CS|TAMS 0x0000000715600000, 0x0000000715700000| Complete 
| 155|0x0000000715700000, 0x0000000715800000, 0x0000000715800000|100%| E|CS|TAMS 0x0000000715700000, 0x0000000715800000| Complete 
| 156|0x0000000715800000, 0x0000000715900000, 0x0000000715900000|100%| E|CS|TAMS 0x0000000715800000, 0x0000000715900000| Complete 
| 157|0x0000000715900000, 0x0000000715a00000, 0x0000000715a00000|100%| E|CS|TAMS 0x0000000715900000, 0x0000000715a00000| Complete 
| 158|0x0000000715a00000, 0x0000000715b00000, 0x0000000715b00000|100%| E|CS|TAMS 0x0000000715a00000, 0x0000000715b00000| Complete 
| 159|0x0000000715b00000, 0x0000000715c00000, 0x0000000715c00000|100%| E|CS|TAMS 0x0000000715b00000, 0x0000000715c00000| Complete 
| 160|0x0000000715c00000, 0x0000000715d00000, 0x0000000715d00000|100%| E|CS|TAMS 0x0000000715c00000, 0x0000000715d00000| Complete 
| 161|0x0000000715d00000, 0x0000000715e00000, 0x0000000715e00000|100%| E|CS|TAMS 0x0000000715d00000, 0x0000000715e00000| Complete 
| 162|0x0000000715e00000, 0x0000000715f00000, 0x0000000715f00000|100%| E|CS|TAMS 0x0000000715e00000, 0x0000000715f00000| Complete 
| 163|0x0000000715f00000, 0x0000000716000000, 0x0000000716000000|100%| E|CS|TAMS 0x0000000715f00000, 0x0000000716000000| Complete 
| 164|0x0000000716000000, 0x0000000716100000, 0x0000000716100000|100%| E|CS|TAMS 0x0000000716000000, 0x0000000716100000| Complete 
| 165|0x0000000716100000, 0x0000000716200000, 0x0000000716200000|100%| E|CS|TAMS 0x0000000716100000, 0x0000000716200000| Complete 
| 166|0x0000000716200000, 0x0000000716300000, 0x0000000716300000|100%| E|CS|TAMS 0x0000000716200000, 0x0000000716300000| Complete 
| 167|0x0000000716300000, 0x0000000716400000, 0x0000000716400000|100%| E|CS|TAMS 0x0000000716300000, 0x0000000716400000| Complete 
| 168|0x0000000716400000, 0x0000000716500000, 0x0000000716500000|100%| E|CS|TAMS 0x0000000716400000, 0x0000000716500000| Complete 
| 169|0x0000000716500000, 0x0000000716600000, 0x0000000716600000|100%| E|CS|TAMS 0x0000000716500000, 0x0000000716600000| Complete 
| 170|0x0000000716600000, 0x0000000716700000, 0x0000000716700000|100%| E|CS|TAMS 0x0000000716600000, 0x0000000716700000| Complete 
| 171|0x0000000716700000, 0x0000000716800000, 0x0000000716800000|100%| E|CS|TAMS 0x0000000716700000, 0x0000000716800000| Complete 
| 172|0x0000000716800000, 0x0000000716900000, 0x0000000716900000|100%| E|CS|TAMS 0x0000000716800000, 0x0000000716900000| Complete 
| 173|0x0000000716900000, 0x0000000716a00000, 0x0000000716a00000|100%| E|CS|TAMS 0x0000000716900000, 0x0000000716a00000| Complete 
| 174|0x0000000716a00000, 0x0000000716b00000, 0x0000000716b00000|100%| E|CS|TAMS 0x0000000716a00000, 0x0000000716b00000| Complete 
| 175|0x0000000716b00000, 0x0000000716c00000, 0x0000000716c00000|100%| E|CS|TAMS 0x0000000716b00000, 0x0000000716c00000| Complete 
| 176|0x0000000716c00000, 0x0000000716d00000, 0x0000000716d00000|100%| E|CS|TAMS 0x0000000716c00000, 0x0000000716d00000| Complete 
| 177|0x0000000716d00000, 0x0000000716e00000, 0x0000000716e00000|100%| E|CS|TAMS 0x0000000716d00000, 0x0000000716e00000| Complete 
| 178|0x0000000716e00000, 0x0000000716f00000, 0x0000000716f00000|100%| E|CS|TAMS 0x0000000716e00000, 0x0000000716f00000| Complete 
| 179|0x0000000716f00000, 0x0000000717000000, 0x0000000717000000|100%| E|CS|TAMS 0x0000000716f00000, 0x0000000717000000| Complete 
| 180|0x0000000717000000, 0x0000000717100000, 0x0000000717100000|100%| E|CS|TAMS 0x0000000717000000, 0x0000000717100000| Complete 
| 181|0x0000000717100000, 0x0000000717200000, 0x0000000717200000|100%| E|CS|TAMS 0x0000000717100000, 0x0000000717200000| Complete 
| 182|0x0000000717200000, 0x0000000717300000, 0x0000000717300000|100%| E|CS|TAMS 0x0000000717200000, 0x0000000717300000| Complete 
| 183|0x0000000717300000, 0x0000000717400000, 0x0000000717400000|100%| E|CS|TAMS 0x0000000717300000, 0x0000000717400000| Complete 
| 184|0x0000000717400000, 0x0000000717500000, 0x0000000717500000|100%| E|CS|TAMS 0x0000000717400000, 0x0000000717500000| Complete 
| 185|0x0000000717500000, 0x0000000717600000, 0x0000000717600000|100%| E|CS|TAMS 0x0000000717500000, 0x0000000717600000| Complete 
| 186|0x0000000717600000, 0x0000000717700000, 0x0000000717700000|100%| E|CS|TAMS 0x0000000717600000, 0x0000000717700000| Complete 
| 187|0x0000000717700000, 0x0000000717800000, 0x0000000717800000|100%| E|CS|TAMS 0x0000000717700000, 0x0000000717800000| Complete 
| 188|0x0000000717800000, 0x0000000717900000, 0x0000000717900000|100%| E|CS|TAMS 0x0000000717800000, 0x0000000717900000| Complete 
| 189|0x0000000717900000, 0x0000000717a00000, 0x0000000717a00000|100%| E|CS|TAMS 0x0000000717900000, 0x0000000717a00000| Complete 
| 190|0x0000000717a00000, 0x0000000717b00000, 0x0000000717b00000|100%| E|CS|TAMS 0x0000000717a00000, 0x0000000717b00000| Complete 
| 191|0x0000000717b00000, 0x0000000717c00000, 0x0000000717c00000|100%| E|CS|TAMS 0x0000000717b00000, 0x0000000717c00000| Complete 
| 192|0x0000000717c00000, 0x0000000717d00000, 0x0000000717d00000|100%| E|CS|TAMS 0x0000000717c00000, 0x0000000717d00000| Complete 
| 193|0x0000000717d00000, 0x0000000717e00000, 0x0000000717e00000|100%| E|CS|TAMS 0x0000000717d00000, 0x0000000717e00000| Complete 
| 194|0x0000000717e00000, 0x0000000717f00000, 0x0000000717f00000|100%| E|CS|TAMS 0x0000000717e00000, 0x0000000717f00000| Complete 
| 195|0x0000000717f00000, 0x0000000718000000, 0x0000000718000000|100%| E|CS|TAMS 0x0000000717f00000, 0x0000000718000000| Complete 
| 196|0x0000000718000000, 0x0000000718100000, 0x0000000718100000|100%| E|CS|TAMS 0x0000000718000000, 0x0000000718100000| Complete 
| 197|0x0000000718100000, 0x0000000718200000, 0x0000000718200000|100%| E|CS|TAMS 0x0000000718100000, 0x0000000718200000| Complete 
| 198|0x0000000718200000, 0x0000000718300000, 0x0000000718300000|100%| E|CS|TAMS 0x0000000718200000, 0x0000000718300000| Complete 
| 199|0x0000000718300000, 0x0000000718400000, 0x0000000718400000|100%| E|CS|TAMS 0x0000000718300000, 0x0000000718400000| Complete 
| 200|0x0000000718400000, 0x0000000718500000, 0x0000000718500000|100%| E|CS|TAMS 0x0000000718400000, 0x0000000718500000| Complete 
| 201|0x0000000718500000, 0x0000000718600000, 0x0000000718600000|100%| E|CS|TAMS 0x0000000718500000, 0x0000000718600000| Complete 
| 202|0x0000000718600000, 0x0000000718700000, 0x0000000718700000|100%| E|CS|TAMS 0x0000000718600000, 0x0000000718700000| Complete 
| 203|0x0000000718700000, 0x0000000718800000, 0x0000000718800000|100%| E|CS|TAMS 0x0000000718700000, 0x0000000718800000| Complete 
| 204|0x0000000718800000, 0x0000000718900000, 0x0000000718900000|100%| E|CS|TAMS 0x0000000718800000, 0x0000000718900000| Complete 
| 205|0x0000000718900000, 0x0000000718a00000, 0x0000000718a00000|100%| E|CS|TAMS 0x0000000718900000, 0x0000000718a00000| Complete 
| 206|0x0000000718a00000, 0x0000000718b00000, 0x0000000718b00000|100%| E|CS|TAMS 0x0000000718a00000, 0x0000000718b00000| Complete 
| 207|0x0000000718b00000, 0x0000000718c00000, 0x0000000718c00000|100%| E|CS|TAMS 0x0000000718b00000, 0x0000000718c00000| Complete 
| 208|0x0000000718c00000, 0x0000000718d00000, 0x0000000718d00000|100%| E|CS|TAMS 0x0000000718c00000, 0x0000000718d00000| Complete 
| 209|0x0000000718d00000, 0x0000000718e00000, 0x0000000718e00000|100%| E|CS|TAMS 0x0000000718d00000, 0x0000000718e00000| Complete 
| 210|0x0000000718e00000, 0x0000000718f00000, 0x0000000718f00000|100%| E|CS|TAMS 0x0000000718e00000, 0x0000000718f00000| Complete 
| 211|0x0000000718f00000, 0x0000000719000000, 0x0000000719000000|100%| E|CS|TAMS 0x0000000718f00000, 0x0000000719000000| Complete 
| 212|0x0000000719000000, 0x0000000719100000, 0x0000000719100000|100%| E|CS|TAMS 0x0000000719000000, 0x0000000719100000| Complete 
| 213|0x0000000719100000, 0x0000000719200000, 0x0000000719200000|100%| E|CS|TAMS 0x0000000719100000, 0x0000000719200000| Complete 
| 214|0x0000000719200000, 0x0000000719300000, 0x0000000719300000|100%| E|CS|TAMS 0x0000000719200000, 0x0000000719300000| Complete 
| 215|0x0000000719300000, 0x0000000719400000, 0x0000000719400000|100%| E|CS|TAMS 0x0000000719300000, 0x0000000719400000| Complete 
| 216|0x0000000719400000, 0x0000000719500000, 0x0000000719500000|100%| E|CS|TAMS 0x0000000719400000, 0x0000000719500000| Complete 
| 217|0x0000000719500000, 0x0000000719600000, 0x0000000719600000|100%| E|CS|TAMS 0x0000000719500000, 0x0000000719600000| Complete 
| 218|0x0000000719600000, 0x0000000719700000, 0x0000000719700000|100%| E|CS|TAMS 0x0000000719600000, 0x0000000719700000| Complete 
| 219|0x0000000719700000, 0x0000000719800000, 0x0000000719800000|100%| E|CS|TAMS 0x0000000719700000, 0x0000000719800000| Complete 
| 220|0x0000000719800000, 0x0000000719900000, 0x0000000719900000|100%| E|CS|TAMS 0x0000000719800000, 0x0000000719900000| Complete 
| 221|0x0000000719900000, 0x0000000719a00000, 0x0000000719a00000|100%| E|CS|TAMS 0x0000000719900000, 0x0000000719a00000| Complete 
| 222|0x0000000719a00000, 0x0000000719b00000, 0x0000000719b00000|100%| E|CS|TAMS 0x0000000719a00000, 0x0000000719b00000| Complete 
| 223|0x0000000719b00000, 0x0000000719c00000, 0x0000000719c00000|100%| E|CS|TAMS 0x0000000719b00000, 0x0000000719c00000| Complete 
| 224|0x0000000719c00000, 0x0000000719d00000, 0x0000000719d00000|100%| E|CS|TAMS 0x0000000719c00000, 0x0000000719d00000| Complete 
| 225|0x0000000719d00000, 0x0000000719e00000, 0x0000000719e00000|100%| E|CS|TAMS 0x0000000719d00000, 0x0000000719e00000| Complete 
| 226|0x0000000719e00000, 0x0000000719f00000, 0x0000000719f00000|100%| E|CS|TAMS 0x0000000719e00000, 0x0000000719f00000| Complete 
| 227|0x0000000719f00000, 0x000000071a000000, 0x000000071a000000|100%| E|CS|TAMS 0x0000000719f00000, 0x000000071a000000| Complete 
| 228|0x000000071a000000, 0x000000071a100000, 0x000000071a100000|100%| E|CS|TAMS 0x000000071a000000, 0x000000071a100000| Complete 
| 229|0x000000071a100000, 0x000000071a200000, 0x000000071a200000|100%| E|CS|TAMS 0x000000071a100000, 0x000000071a200000| Complete 
| 230|0x000000071a200000, 0x000000071a300000, 0x000000071a300000|100%| E|CS|TAMS 0x000000071a200000, 0x000000071a300000| Complete 
| 231|0x000000071a300000, 0x000000071a400000, 0x000000071a400000|100%| E|CS|TAMS 0x000000071a300000, 0x000000071a400000| Complete 
| 232|0x000000071a400000, 0x000000071a500000, 0x000000071a500000|100%| E|CS|TAMS 0x000000071a400000, 0x000000071a500000| Complete 
| 233|0x000000071a500000, 0x000000071a600000, 0x000000071a600000|100%| E|CS|TAMS 0x000000071a500000, 0x000000071a600000| Complete 
| 234|0x000000071a600000, 0x000000071a700000, 0x000000071a700000|100%| E|CS|TAMS 0x000000071a600000, 0x000000071a700000| Complete 
| 235|0x000000071a700000, 0x000000071a800000, 0x000000071a800000|100%| E|CS|TAMS 0x000000071a700000, 0x000000071a800000| Complete 
| 236|0x000000071a800000, 0x000000071a900000, 0x000000071a900000|100%| E|CS|TAMS 0x000000071a800000, 0x000000071a900000| Complete 
| 237|0x000000071a900000, 0x000000071aa00000, 0x000000071aa00000|100%| E|CS|TAMS 0x000000071a900000, 0x000000071aa00000| Complete 
| 238|0x000000071aa00000, 0x000000071ab00000, 0x000000071ab00000|100%| E|CS|TAMS 0x000000071aa00000, 0x000000071ab00000| Complete 
| 239|0x000000071ab00000, 0x000000071ac00000, 0x000000071ac00000|100%| E|CS|TAMS 0x000000071ab00000, 0x000000071ac00000| Complete 
| 240|0x000000071ac00000, 0x000000071ad00000, 0x000000071ad00000|100%| E|CS|TAMS 0x000000071ac00000, 0x000000071ad00000| Complete 
| 241|0x000000071ad00000, 0x000000071ae00000, 0x000000071ae00000|100%| E|CS|TAMS 0x000000071ad00000, 0x000000071ae00000| Complete 
| 242|0x000000071ae00000, 0x000000071af00000, 0x000000071af00000|100%| E|CS|TAMS 0x000000071ae00000, 0x000000071af00000| Complete 
| 243|0x000000071af00000, 0x000000071b000000, 0x000000071b000000|100%| E|CS|TAMS 0x000000071af00000, 0x000000071b000000| Complete 
| 244|0x000000071b000000, 0x000000071b100000, 0x000000071b100000|100%| E|CS|TAMS 0x000000071b000000, 0x000000071b100000| Complete 
| 245|0x000000071b100000, 0x000000071b200000, 0x000000071b200000|100%| E|CS|TAMS 0x000000071b100000, 0x000000071b200000| Complete 
|2882|0x00000007bfe00000, 0x00000007bfe47000, 0x00000007bff00000| 27%|OA|  |TAMS 0x00000007bfe00000, 0x00000007bfe47000| Untracked 
|2883|0x00000007bff00000, 0x00000007bff6b000, 0x00000007c0000000| 41%|CA|  |TAMS 0x00000007bff00000, 0x00000007bff6b000| Untracked 

Card table byte_map: [0x00007f6cbc0b1000,0x00007f6cbc853000] _byte_map_base: 0x00007f6cb8853000

Marking Bits (Prev, Next): (CMBitMap*) 0x00007f6cd407d478, (CMBitMap*) 0x00007f6cd407d4b0
 Prev Bits: [0x00007f6cb3b4e000, 0x00007f6cb785e000)
 Next Bits: [0x00007f6cafe3e000, 0x00007f6cb3b4e000)

Polling page: 0x00007f6cdadde000

Metaspace:

Usage:
  Non-class:     17.82 MB capacity,    17.37 MB ( 97%) used,   377.22 KB (  2%) free+waste,    81.62 KB ( <1%) overhead. 
      Class:      2.75 MB capacity,     2.46 MB ( 89%) used,   258.35 KB (  9%) free+waste,    41.19 KB (  1%) overhead. 
       Both:     20.58 MB capacity,    19.84 MB ( 96%) used,   635.57 KB (  3%) free+waste,   122.81 KB ( <1%) overhead. 

Virtual space:
  Non-class space:       18.00 MB reserved,      17.92 MB (>99%) committed 
      Class space:        1.00 GB reserved,       2.88 MB ( <1%) committed 
             Both:        1.02 GB reserved,      20.80 MB (  2%) committed 

Chunk freelists:
   Non-Class:  58.00 KB
       Class:  27.00 KB
        Both:  85.00 KB

MaxMetaspaceSize: unlimited
CompressedClassSpaceSize: 1.00 GB
Initial GC threshold: 20.80 MB
Current GC threshold: 20.80 MB
CDS: on

CodeHeap 'non-profiled nmethods': size=120032Kb used=1308Kb max_used=1308Kb free=118723Kb
 bounds [0x00007f6cc431b000, 0x00007f6cc458b000, 0x00007f6ccb853000]
CodeHeap 'profiled nmethods': size=120028Kb used=5958Kb max_used=5958Kb free=114069Kb
 bounds [0x00007f6cbcde4000, 0x00007f6cbd3c4000, 0x00007f6cc431b000]
CodeHeap 'non-nmethods': size=5700Kb used=1206Kb max_used=1252Kb free=4493Kb
 bounds [0x00007f6cbc853000, 0x00007f6cbcac3000, 0x00007f6cbcde4000]
 total_blobs=3216 nmethods=2754 adapters=375
 compilation: enabled
              stopped_count=0, restarted_count=0
 full_count=0

Compilation events (20 events):
Event: 1.576 Thread 0x00007f6cd41e2000 nmethod 2750 0x00007f6cbd3b3a90 code [0x00007f6cbd3b3ca0, 0x00007f6cbd3b42c0]
Event: 1.577 Thread 0x00007f6cd41e2000 2752       3       java.lang.reflect.AccessibleObject::slowVerifyAccess (62 bytes)
Event: 1.577 Thread 0x00007f6cd41e2000 nmethod 2752 0x00007f6cbd3b4410 code [0x00007f6cbd3b4620, 0x00007f6cbd3b4e10]
Event: 1.588 Thread 0x00007f6cd41e2000 2755  s    3       java.lang.StringBuffer::append (13 bytes)
Event: 1.588 Thread 0x00007f6cd41e2000 nmethod 2755 0x00007f6cbd3b4f90 code [0x00007f6cbd3b5160, 0x00007f6cbd3b5480]
Event: 1.591 Thread 0x00007f6cd41e0000 nmethod 2699 0x00007f6cc4458210 code [0x00007f6cc4458520, 0x00007f6cc445b9f0]
Event: 1.591 Thread 0x00007f6cd41e0000 2737       4       org.springframework.beans.factory.support.AbstractBeanFactory::isFactoryBean (60 bytes)
Event: 1.594 Thread 0x00007f6c8405e000 nmethod 2720 0x00007f6cc445d510 code [0x00007f6cc445d740, 0x00007f6cc445ecc8]
Event: 1.594 Thread 0x00007f6c8405e000 2753       4       org.springframework.beans.factory.support.AbstractBeanFactory::transformedBeanName (9 bytes)
Event: 1.597 Thread 0x00007f6cd41e0000 nmethod 2737 0x00007f6cc445f790 code [0x00007f6cc445f960, 0x00007f6cc445fe98]
Event: 1.597 Thread 0x00007f6cd41e0000 2689       4       java.util.Collections::emptySet (4 bytes)
Event: 1.597 Thread 0x00007f6cd41e0000 nmethod 2689 0x00007f6cc4460290 code [0x00007f6cc4460420, 0x00007f6cc4460478]
Event: 1.597 Thread 0x00007f6cd41e0000 2668       4       org.springframework.beans.factory.support.AbstractAutowireCapableBeanFactory::determineTargetType (60 bytes)
Event: 1.600 Thread 0x00007f6cd41e0000 nmethod 2668 0x00007f6cc4460590 code [0x00007f6cc4460740, 0x00007f6cc4460998]
Event: 1.600 Thread 0x00007f6cd41e0000 2692       4       org.springframework.core.annotation.AttributeMethods::canThrowTypeNotPresentException (7 bytes)
Event: 1.600 Thread 0x00007f6cd41e0000 nmethod 2692 0x00007f6cc4460b90 code [0x00007f6cc4460d20, 0x00007f6cc4460db8]
Event: 1.604 Thread 0x00007f6cd41e2000 2756       3       org.springframework.asm.ByteVector::putByte (39 bytes)
Event: 1.605 Thread 0x00007f6cd41e2000 nmethod 2756 0x00007f6cbd3b5510 code [0x00007f6cbd3b56e0, 0x00007f6cbd3b58e0]
Event: 1.605 Thread 0x00007f6cd41e2000 2757       3       org.springframework.asm.Frame::execute (2305 bytes)
Event: 1.605 Thread 0x00007f6c8405e000 nmethod 2753 0x00007f6cc4460e90 code [0x00007f6cc4461080, 0x00007f6cc4461a08]

GC Heap History (3 events):
Event: 0.528 GC heap before
{Heap before GC invocations=0 (full 0):
 garbage-first heap   total 253952K, used 26312K [0x000000070bc00000, 0x0000000800000000)
  region size 1024K, 24 young (24576K), 0 survivors (0K)
 Metaspace       used 5006K, capacity 7248K, committed 7552K, reserved 1056768K
  class space    used 582K, capacity 831K, committed 896K, reserved 1048576K
}
Event: 0.535 GC heap after
{Heap after GC invocations=1 (full 0):
 garbage-first heap   total 253952K, used 6782K [0x000000070bc00000, 0x0000000800000000)
  region size 1024K, 3 young (3072K), 3 survivors (3072K)
 Metaspace       used 5006K, capacity 7248K, committed 7552K, reserved 1056768K
  class space    used 582K, capacity 831K, committed 896K, reserved 1048576K
}
Event: 1.608 GC heap before
{Heap before GC invocations=1 (full 0):
 garbage-first heap   total 253952K, used 143998K [0x000000070bc00000, 0x0000000800000000)
  region size 1024K, 139 young (142336K), 3 survivors (3072K)
 Metaspace       used 20312K, capacity 21071K, committed 21296K, reserved 1067008K
  class space    used 2521K, capacity 2821K, committed 2944K, reserved 1048576K
}

Deoptimization events (20 events):
Event: 1.439 Thread 0x00007f6cd4019000 DEOPT PACKING pc=0x00007f6cc4431e58 sp=0x00007f6cd95a47e0
Event: 1.439 Thread 0x00007f6cd4019000 DEOPT UNPACKING pc=0x00007f6cbc85b2a5 sp=0x00007f6cd95a47b8 mode 2
Event: 1.440 Thread 0x00007f6cd4019000 Uncommon trap: trap_request=0xffffff4d fr.pc=0x00007f6cc443fd6c relative=0x0000000000000d6c
Event: 1.440 Thread 0x00007f6cd4019000 Uncommon trap: reason=unstable_if action=reinterpret pc=0x00007f6cc443fd6c method=org.springframework.beans.factory.support.DefaultSingletonBeanRegistry.getSingleton(Ljava/lang/String;Z)Ljava/lang/Object; @ 20 c2
Event: 1.440 Thread 0x00007f6cd4019000 DEOPT PACKING pc=0x00007f6cc443fd6c sp=0x00007f6cd95a44a0
Event: 1.440 Thread 0x00007f6cd4019000 DEOPT UNPACKING pc=0x00007f6cbc85b2a5 sp=0x00007f6cd95a4470 mode 2
Event: 1.453 Thread 0x00007f6cd4019000 DEOPT PACKING pc=0x00007f6cbd1e0efc sp=0x00007f6cd95a4250
Event: 1.453 Thread 0x00007f6cd4019000 DEOPT UNPACKING pc=0x00007f6cbc89c9fa sp=0x00007f6cd95a37d8 mode 0
Event: 1.455 Thread 0x00007f6cd4019000 Uncommon trap: trap_request=0xffffffde fr.pc=0x00007f6cc442ba48 relative=0x0000000000000548
Event: 1.455 Thread 0x00007f6cd4019000 Uncommon trap: reason=class_check action=maybe_recompile pc=0x00007f6cc442ba48 method=org.springframework.util.ConcurrentReferenceHashMap$Segment.findInChain(Lorg/springframework/util/ConcurrentReferenceHashMap$Reference;Ljava/lang/Object;I)Lorg/springfra
Event: 1.455 Thread 0x00007f6cd4019000 DEOPT PACKING pc=0x00007f6cc442ba48 sp=0x00007f6cd95a4c00
Event: 1.455 Thread 0x00007f6cd4019000 DEOPT UNPACKING pc=0x00007f6cbc85b2a5 sp=0x00007f6cd95a4a38 mode 2
Event: 1.481 Thread 0x00007f6cd4019000 Uncommon trap: trap_request=0xffffff4d fr.pc=0x00007f6cc44353d4 relative=0x0000000000000214
Event: 1.481 Thread 0x00007f6cd4019000 Uncommon trap: reason=unstable_if action=reinterpret pc=0x00007f6cc44353d4 method=org.springframework.beans.factory.support.AbstractBeanFactory.isFactoryBean(Ljava/lang/String;Lorg/springframework/beans/factory/support/RootBeanDefinition;)Z @ 38 c2
Event: 1.481 Thread 0x00007f6cd4019000 DEOPT PACKING pc=0x00007f6cc44353d4 sp=0x00007f6cd95a4b30
Event: 1.481 Thread 0x00007f6cd4019000 DEOPT UNPACKING pc=0x00007f6cbc85b2a5 sp=0x00007f6cd95a4af0 mode 2
Event: 1.571 Thread 0x00007f6cd4019000 Uncommon trap: trap_request=0xffffff4d fr.pc=0x00007f6cc44540c4 relative=0x0000000000002bc4
Event: 1.571 Thread 0x00007f6cd4019000 Uncommon trap: reason=unstable_if action=reinterpret pc=0x00007f6cc44540c4 method=org.springframework.beans.factory.support.AbstractBeanFactory.isTypeMatch(Ljava/lang/String;Lorg/springframework/core/ResolvableType;Z)Z @ 99 c2
Event: 1.571 Thread 0x00007f6cd4019000 DEOPT PACKING pc=0x00007f6cc44540c4 sp=0x00007f6cd95a52e0
Event: 1.571 Thread 0x00007f6cd4019000 DEOPT UNPACKING pc=0x00007f6cbc85b2a5 sp=0x00007f6cd95a52a8 mode 2

Classes redefined (0 events):
No events

Internal exceptions (20 events):
Event: 0.868 Thread 0x00007f6cd4019000 Exception <a 'java/lang/ClassNotFoundException'{0x00000007184864f8}: org/springframework/core/PriorityOrderedCustomizer> (0x00000007184864f8) thrown at [src/hotspot/share/classfile/systemDictionary.cpp, line 231]
Event: 0.868 Thread 0x00007f6cd4019000 Exception <a 'java/lang/ClassNotFoundException'{0x0000000718492080}: org/springframework/core/OrderedCustomizer> (0x0000000718492080) thrown at [src/hotspot/share/classfile/systemDictionary.cpp, line 231]
Event: 0.868 Thread 0x00007f6cd4019000 Exception <a 'java/lang/ClassNotFoundException'{0x00000007184a00b0}: org/springframework/context/ResourceLoaderAwareCustomizer> (0x00000007184a00b0) thrown at [src/hotspot/share/classfile/systemDictionary.cpp, line 231]
Event: 0.869 Thread 0x00007f6cd4019000 Exception <a 'java/lang/ClassNotFoundException'{0x00000007184ad698}: org/springframework/beans/factory/AwareCustomizer> (0x00000007184ad698) thrown at [src/hotspot/share/classfile/systemDictionary.cpp, line 231]
Event: 0.869 Thread 0x00007f6cd4019000 Exception <a 'java/lang/ClassNotFoundException'{0x00000007184bb0a8}: org/springframework/context/ApplicationStartupAwareCustomizer> (0x00000007184bb0a8) thrown at [src/hotspot/share/classfile/systemDictionary.cpp, line 231]
Event: 0.869 Thread 0x00007f6cd4019000 Exception <a 'java/lang/ClassNotFoundException'{0x00000007184c8908}: org/springframework/beans/factory/AwareCustomizer> (0x00000007184c8908) thrown at [src/hotspot/share/classfile/systemDictionary.cpp, line 231]
Event: 0.869 Thread 0x00007f6cd4019000 Exception <a 'java/lang/ClassNotFoundException'{0x00000007184d6590}: org/springframework/beans/factory/BeanClassLoaderAwareCustomizer> (0x00000007184d6590) thrown at [src/hotspot/share/classfile/systemDictionary.cpp, line 231]
Event: 0.870 Thread 0x00007f6cd4019000 Exception <a 'java/lang/ClassNotFoundException'{0x00000007184e3b90}: org/springframework/beans/factory/AwareCustomizer> (0x00000007184e3b90) thrown at [src/hotspot/share/classfile/systemDictionary.cpp, line 231]
Event: 0.870 Thread 0x00007f6cd4019000 Exception <a 'java/lang/ClassNotFoundException'{0x00000007184f0a48}: org/springframework/context/EnvironmentAwareCustomizer> (0x00000007184f0a48) thrown at [src/hotspot/share/classfile/systemDictionary.cpp, line 231]
Event: 0.870 Thread 0x00007f6cd4019000 Exception <a 'java/lang/ClassNotFoundException'{0x00000007184fdfc0}: org/springframework/beans/factory/AwareCustomizer> (0x00000007184fdfc0) thrown at [src/hotspot/share/classfile/systemDictionary.cpp, line 231]
Event: 0.907 Thread 0x00007f6cd484f000 Exception <a 'java/lang/NoSuchMethodError'{0x0000000717e0ed58}: 'long java.lang.invoke.DirectMethodHandle$Holder.invokeSpecial(java.lang.Object, java.lang.Object)'> (0x0000000717e0ed58) thrown at [src/hotspot/share/interpreter/linkResolver.cpp, line 772]
Event: 0.909 Thread 0x00007f6cd484f000 Exception <a 'java/lang/NoSuchMethodError'{0x0000000717e19378}: 'long java.lang.invoke.DirectMethodHandle$Holder.invokeStatic(java.lang.Object, java.lang.Object)'> (0x0000000717e19378) thrown at [src/hotspot/share/interpreter/linkResolver.cpp, line 772]
Event: 0.909 Thread 0x00007f6cd484f000 Exception <a 'java/lang/NoSuchMethodError'{0x0000000717e1c1a0}: 'long java.lang.invoke.DirectMethodHandle$Holder.invokeStaticInit(java.lang.Object, java.lang.Object)'> (0x0000000717e1c1a0) thrown at [src/hotspot/share/interpreter/linkResolver.cpp, line 772]
Event: 0.911 Thread 0x00007f6cd484f000 Exception <a 'java/lang/NoSuchMethodError'{0x0000000717e285c0}: 'long java.lang.invoke.DirectMethodHandle$Holder.invokeInterface(java.lang.Object, java.lang.Object)'> (0x0000000717e285c0) thrown at [src/hotspot/share/interpreter/linkResolver.cpp, line 772]
Event: 0.912 Thread 0x00007f6cd484f000 Exception <a 'java/lang/IncompatibleClassChangeError'{0x0000000717e2b358}: Found class java.lang.Object, but interface was expected> (0x0000000717e2b358) thrown at [src/hotspot/share/interpreter/linkResolver.cpp, line 839]
Event: 0.922 Thread 0x00007f6cd484f000 Exception <a 'java/lang/NoSuchMethodError'{0x0000000717d4c0c8}: 'java.lang.Object java.lang.invoke.DirectMethodHandle$Holder.invokeVirtual(java.lang.Object, java.lang.Object, java.lang.Object, java.lang.Object)'> (0x0000000717d4c0c8) thrown at [src/hotspot/share/interpreter/linkResolver.cpp, line 772]
Event: 0.941 Thread 0x00007f6cd4019000 Exception <a 'java/lang/NoSuchMethodError'{0x0000000717c3eff8}: 'int java.lang.invoke.DirectMethodHandle$Holder.invokeSpecialIFC(java.lang.Object, java.lang.Object, java.lang.Object, java.lang.Object)'> (0x0000000717c3eff8) thrown at [src/hotspot/share/interpreter/linkResolver.cpp, line 772]
Event: 1.017 Thread 0x00007f6cd4019000 Exception <a 'java/lang/IncompatibleClassChangeError'{0x0000000715286ca0}: Found class java.lang.Object, but interface was expected> (0x0000000715286ca0) thrown at [src/hotspot/share/interpreter/linkResolver.cpp, line 839]
Event: 1.055 Thread 0x00007f6cd4019000 Exception <a 'java/lang/NoSuchMethodError'{0x0000000715038560}: 'void java.lang.invoke.DirectMethodHandle$Holder.invokeInterface(java.lang.Object, java.lang.Object, java.lang.Object, java.lang.Object)'> (0x0000000715038560) thrown at [src/hotspot/share/interpreter/linkResolver.cpp, line 772]
Event: 1.136 Thread 0x00007f6cd4019000 Exception <a 'java/lang/NoSuchMethodError'{0x0000000714bb0cb0}: 'void java.lang.invoke.DelegatingMethodHandle$Holder.delegate(java.lang.Object, java.lang.Object, int, java.lang.Object)'> (0x0000000714bb0cb0) thrown at [src/hotspot/share/interpreter/linkResolver.cpp, line 772]

Events (20 events):
Event: 1.603 loading class org/springframework/cglib/core/EmitUtils$7
Event: 1.603 loading class org/springframework/cglib/core/EmitUtils$7 done
Event: 1.603 loading class org/springframework/cglib/core/Local
Event: 1.603 loading class org/springframework/cglib/core/Local done
Event: 1.604 loading class org/springframework/cglib/core/EmitUtils$8
Event: 1.604 loading class org/springframework/cglib/core/EmitUtils$8 done
Event: 1.605 loading class org/springframework/cglib/core/EmitUtils$9
Event: 1.605 loading class org/springframework/cglib/core/EmitUtils$9 done
Event: 1.606 loading class org/springframework/asm/Handler
Event: 1.606 loading class org/springframework/asm/Handler done
Event: 1.606 loading class org/springframework/cglib/core/DebuggingClassWriter$1
Event: 1.606 loading class org/springframework/cglib/core/DebuggingClassWriter$1 done
Event: 1.607 loading class org/springframework/cglib/core/ClassNameReader
Event: 1.607 loading class org/springframework/cglib/core/ClassNameReader done
Event: 1.607 loading class org/springframework/cglib/core/ClassNameReader$EarlyExitException
Event: 1.607 loading class org/springframework/cglib/core/ClassNameReader$EarlyExitException done
Event: 1.607 loading class org/springframework/cglib/core/ClassNameReader$1
Event: 1.607 loading class org/springframework/cglib/core/ClassNameReader$1 done
Event: 1.608 loading class jdk/internal/org/objectweb/asm/ClassReader
Event: 1.608 Executing VM operation: CollectForMetadataAllocation


Dynamic libraries:
70bc00000-71b200000 rw-p 00000000 00:00 0 
71b200000-7bfe00000 ---p 00000000 00:00 0 
7bfe00000-7bfe47000 rw-p 01114000 103:0a 1703095                         /usr/lib/jvm/java-11-openjdk-amd64/lib/server/classes.jsa
7bfe47000-7bff00000 rw-p 00000000 00:00 0 
7bff00000-7bff6b000 rw-p 010a9000 103:0a 1703095                         /usr/lib/jvm/java-11-openjdk-amd64/lib/server/classes.jsa
7bff6b000-7c0000000 rw-p 00000000 00:00 0 
7c0000000-800000000 ---p 00000000 00:00 0 
800000000-800002000 rwxp 00001000 103:0a 1703095                         /usr/lib/jvm/java-11-openjdk-amd64/lib/server/classes.jsa
800002000-8003b7000 rw-p 00003000 103:0a 1703095                         /usr/lib/jvm/java-11-openjdk-amd64/lib/server/classes.jsa
8003b7000-800a97000 r--p 003b8000 103:0a 1703095                         /usr/lib/jvm/java-11-openjdk-amd64/lib/server/classes.jsa
800a97000-800a98000 rw-p 00a98000 103:0a 1703095                         /usr/lib/jvm/java-11-openjdk-amd64/lib/server/classes.jsa
800a98000-8010a8000 r--p 00a99000 103:0a 1703095                         /usr/lib/jvm/java-11-openjdk-amd64/lib/server/classes.jsa
840000000-8402e0000 rw-p 00000000 00:00 0 
8402e0000-880000000 ---p 00000000 00:00 0 
55caa1b7e000-55caa1b7f000 r--p 00000000 103:0a 1710924                   /usr/lib/jvm/java-11-openjdk-amd64/bin/java
55caa1b7f000-55caa1b80000 r-xp 00001000 103:0a 1710924                   /usr/lib/jvm/java-11-openjdk-amd64/bin/java
55caa1b80000-55caa1b81000 r--p 00002000 103:0a 1710924                   /usr/lib/jvm/java-11-openjdk-amd64/bin/java
55caa1b81000-55caa1b82000 r--p 00002000 103:0a 1710924                   /usr/lib/jvm/java-11-openjdk-amd64/bin/java
55caa1b82000-55caa1b83000 rw-p 00003000 103:0a 1710924                   /usr/lib/jvm/java-11-openjdk-amd64/bin/java
55caa2dfd000-55caa2e1e000 rw-p 00000000 00:00 0                          [heap]
7f6c50000000-7f6c50bc4000 rw-p 00000000 00:00 0 
7f6c50bc4000-7f6c54000000 ---p 00000000 00:00 0 
7f6c58000000-7f6c58021000 rw-p 00000000 00:00 0 
7f6c58021000-7f6c5c000000 ---p 00000000 00:00 0 
7f6c5c000000-7f6c5c24e000 rw-p 00000000 00:00 0 
7f6c5c24e000-7f6c60000000 ---p 00000000 00:00 0 
7f6c60000000-7f6c60021000 rw-p 00000000 00:00 0 
7f6c60021000-7f6c64000000 ---p 00000000 00:00 0 
7f6c64000000-7f6c64021000 rw-p 00000000 00:00 0 
7f6c64021000-7f6c68000000 ---p 00000000 00:00 0 
7f6c68000000-7f6c686e2000 rw-p 00000000 00:00 0 
7f6c686e2000-7f6c6c000000 ---p 00000000 00:00 0 
7f6c6c000000-7f6c6c021000 rw-p 00000000 00:00 0 
7f6c6c021000-7f6c70000000 ---p 00000000 00:00 0 
7f6c70000000-7f6c70021000 rw-p 00000000 00:00 0 
7f6c70021000-7f6c74000000 ---p 00000000 00:00 0 
7f6c74000000-7f6c74021000 rw-p 00000000 00:00 0 
7f6c74021000-7f6c78000000 ---p 00000000 00:00 0 
7f6c78000000-7f6c78440000 rw-p 00000000 00:00 0 
7f6c78440000-7f6c7c000000 ---p 00000000 00:00 0 
7f6c7c000000-7f6c7c021000 rw-p 00000000 00:00 0 
7f6c7c021000-7f6c80000000 ---p 00000000 00:00 0 
7f6c80000000-7f6c80021000 rw-p 00000000 00:00 0 
7f6c80021000-7f6c84000000 ---p 00000000 00:00 0 
7f6c84000000-7f6c8492c000 rw-p 00000000 00:00 0 
7f6c8492c000-7f6c88000000 ---p 00000000 00:00 0 
7f6c88000000-7f6c88021000 rw-p 00000000 00:00 0 
7f6c88021000-7f6c8c000000 ---p 00000000 00:00 0 
7f6c8e73f000-7f6c8e92b000 rw-p 00000000 00:00 0 
7f6c8e92b000-7f6c8e93f000 ---p 00000000 00:00 0 
7f6c8e93f000-7f6c8eb3f000 rw-p 00000000 00:00 0 
7f6c8eb3f000-7f6c8ed3f000 rw-p 00000000 00:00 0 
7f6c8ed3f000-7f6c8ef3f000 rw-p 00000000 00:00 0 
7f6c8ef3f000-7f6c8ef43000 ---p 00000000 00:00 0 
7f6c8ef43000-7f6c8f240000 rw-p 00000000 00:00 0 
7f6c8f240000-7f6c8f244000 ---p 00000000 00:00 0 
7f6c8f244000-7f6c8f341000 rw-p 00000000 00:00 0 
7f6c8f341000-7f6c8f342000 ---p 00000000 00:00 0 
7f6c8f342000-7f6c8f443000 rw-p 00000000 00:00 0 
7f6c8f443000-7f6c8f444000 ---p 00000000 00:00 0 
7f6c8f444000-7f6c8f545000 rw-p 00000000 00:00 0 
7f6c8f545000-7f6c8f546000 ---p 00000000 00:00 0 
7f6c8f546000-7f6c8f647000 rw-p 00000000 00:00 0 
7f6c8f647000-7f6c8f648000 ---p 00000000 00:00 0 
7f6c8f648000-7f6c8f749000 rw-p 00000000 00:00 0 
7f6c8f749000-7f6c8f74d000 ---p 00000000 00:00 0 
7f6c8f74d000-7f6c8f84a000 rw-p 00000000 00:00 0 
7f6c8f84a000-7f6c8f84e000 ---p 00000000 00:00 0 
7f6c8f84e000-7f6c8f94b000 rw-p 00000000 00:00 0 
7f6c8f94b000-7f6c90000000 r--p 00000000 103:0a 1700630                   /usr/lib/locale/locale-archive
7f6c90000000-7f6c90021000 rw-p 00000000 00:00 0 
7f6c90021000-7f6c94000000 ---p 00000000 00:00 0 
7f6c94000000-7f6c94021000 rw-p 00000000 00:00 0 
7f6c94021000-7f6c98000000 ---p 00000000 00:00 0 
7f6c98000000-7f6c98021000 rw-p 00000000 00:00 0 
7f6c98021000-7f6c9c000000 ---p 00000000 00:00 0 
7f6c9c000000-7f6c9c0b6000 rw-p 00000000 00:00 0 
7f6c9c0b6000-7f6ca0000000 ---p 00000000 00:00 0 
7f6ca0000000-7f6ca0021000 rw-p 00000000 00:00 0 
7f6ca0021000-7f6ca4000000 ---p 00000000 00:00 0 
7f6ca4000000-7f6ca4021000 rw-p 00000000 00:00 0 
7f6ca4021000-7f6ca8000000 ---p 00000000 00:00 0 
7f6ca8000000-7f6ca8021000 rw-p 00000000 00:00 0 
7f6ca8021000-7f6cac000000 ---p 00000000 00:00 0 
7f6cac0a2000-7f6cac0a3000 ---p 00000000 00:00 0 
7f6cac0a3000-7f6cac1a4000 rw-p 00000000 00:00 0 
7f6cac1a4000-7f6cac1a8000 ---p 00000000 00:00 0 
7f6cac1a8000-7f6cac2a5000 rw-p 00000000 00:00 0 
7f6cac2a5000-7f6cac2a9000 ---p 00000000 00:00 0 
7f6cac2a9000-7f6cac3a6000 rw-p 00000000 00:00 0 
7f6cac3a6000-7f6cac3aa000 ---p 00000000 00:00 0 
7f6cac3aa000-7f6cac4a7000 rw-p 00000000 00:00 0 
7f6cac4a7000-7f6cac4ab000 ---p 00000000 00:00 0 
7f6cac4ab000-7f6cac5a8000 rw-p 00000000 00:00 0 
7f6cac5a8000-7f6cac5ac000 ---p 00000000 00:00 0 
7f6cac5ac000-7f6cac6a9000 rw-p 00000000 00:00 0 
7f6cac6a9000-7f6cac6ad000 ---p 00000000 00:00 0 
7f6cac6ad000-7f6cac7aa000 rw-p 00000000 00:00 0 
7f6cac7aa000-7f6cac7ae000 ---p 00000000 00:00 0 
7f6cac7ae000-7f6cac8ab000 rw-p 00000000 00:00 0 
7f6cac8ab000-7f6cac8ac000 ---p 00000000 00:00 0 
7f6cac8ac000-7f6cad22e000 rw-p 00000000 00:00 0 
7f6cad22e000-7f6cad22f000 ---p 00000000 00:00 0 
7f6cad22f000-7f6cad330000 rw-p 00000000 00:00 0 
7f6cad330000-7f6cad331000 ---p 00000000 00:00 0 
7f6cad331000-7f6cafc3a000 rw-p 00000000 00:00 0 
7f6cafc3a000-7f6cafc3b000 ---p 00000000 00:00 0 
7f6cafc3b000-7f6cafd3c000 rw-p 00000000 00:00 0 
7f6cafd3c000-7f6cafd3d000 ---p 00000000 00:00 0 
7f6cafd3d000-7f6cb0216000 rw-p 00000000 00:00 0 
7f6cb0216000-7f6cb2b46000 ---p 00000000 00:00 0 
7f6cb2b46000-7f6cb2b4e000 rw-p 00000000 00:00 0 
7f6cb2b4e000-7f6cb3b4e000 ---p 00000000 00:00 0 
7f6cb3b4e000-7f6cb3f26000 rw-p 00000000 00:00 0 
7f6cb3f26000-7f6cb6856000 ---p 00000000 00:00 0 
7f6cb6856000-7f6cb685e000 rw-p 00000000 00:00 0 
7f6cb685e000-7f6cb785e000 ---p 00000000 00:00 0 
7f6cb785e000-7f6cb78d9000 rw-p 00000000 00:00 0 
7f6cb78d9000-7f6cb7dff000 ---p 00000000 00:00 0 
7f6cb7dff000-7f6cb7e00000 rw-p 00000000 00:00 0 
7f6cb7e00000-7f6cb8000000 ---p 00000000 00:00 0 
7f6cb8000000-7f6cb8021000 rw-p 00000000 00:00 0 
7f6cb8021000-7f6cbc000000 ---p 00000000 00:00 0 
7f6cbc025000-7f6cbc12c000 rw-p 00000000 00:00 0 
7f6cbc12c000-7f6cbc652000 ---p 00000000 00:00 0 
7f6cbc652000-7f6cbc653000 rw-p 00000000 00:00 0 
7f6cbc653000-7f6cbc853000 ---p 00000000 00:00 0 
7f6cbc853000-7f6cbcac3000 rwxp 00000000 00:00 0 
7f6cbcac3000-7f6cbcde4000 ---p 00000000 00:00 0 
7f6cbcde4000-7f6cbd3c4000 rwxp 00000000 00:00 0 
7f6cbd3c4000-7f6cc431b000 ---p 00000000 00:00 0 
7f6cc431b000-7f6cc458b000 rwxp 00000000 00:00 0 
7f6cc458b000-7f6ccb853000 ---p 00000000 00:00 0 
7f6ccb853000-7f6cd4000000 r--s 00000000 103:0a 1711002                   /usr/lib/jvm/java-11-openjdk-amd64/lib/modules
7f6cd4000000-7f6cd4d99000 rw-p 00000000 00:00 0 
7f6cd4d99000-7f6cd8000000 ---p 00000000 00:00 0 
7f6cd800b000-7f6cd800d000 r--p 00000000 103:0a 1710990                   /usr/lib/jvm/java-11-openjdk-amd64/lib/libmanagement_ext.so
7f6cd800d000-7f6cd8010000 r-xp 00002000 103:0a 1710990                   /usr/lib/jvm/java-11-openjdk-amd64/lib/libmanagement_ext.so
7f6cd8010000-7f6cd8012000 r--p 00005000 103:0a 1710990                   /usr/lib/jvm/java-11-openjdk-amd64/lib/libmanagement_ext.so
7f6cd8012000-7f6cd8013000 r--p 00006000 103:0a 1710990                   /usr/lib/jvm/java-11-openjdk-amd64/lib/libmanagement_ext.so
7f6cd8013000-7f6cd8014000 rw-p 00007000 103:0a 1710990                   /usr/lib/jvm/java-11-openjdk-amd64/lib/libmanagement_ext.so
7f6cd8014000-7f6cd8017000 r--p 00000000 103:0a 1710988                   /usr/lib/jvm/java-11-openjdk-amd64/lib/libmanagement.so
7f6cd8017000-7f6cd8018000 r-xp 00003000 103:0a 1710988                   /usr/lib/jvm/java-11-openjdk-amd64/lib/libmanagement.so
7f6cd8018000-7f6cd8019000 r--p 00004000 103:0a 1710988                   /usr/lib/jvm/java-11-openjdk-amd64/lib/libmanagement.so
7f6cd8019000-7f6cd801a000 r--p 00004000 103:0a 1710988                   /usr/lib/jvm/java-11-openjdk-amd64/lib/libmanagement.so
7f6cd801a000-7f6cd801b000 rw-p 00005000 103:0a 1710988                   /usr/lib/jvm/java-11-openjdk-amd64/lib/libmanagement.so
7f6cd801b000-7f6cd801f000 r--p 00000000 103:0a 1710992                   /usr/lib/jvm/java-11-openjdk-amd64/lib/libnet.so
7f6cd801f000-7f6cd802e000 r-xp 00004000 103:0a 1710992                   /usr/lib/jvm/java-11-openjdk-amd64/lib/libnet.so
7f6cd802e000-7f6cd8032000 r--p 00013000 103:0a 1710992                   /usr/lib/jvm/java-11-openjdk-amd64/lib/libnet.so
7f6cd8032000-7f6cd8033000 r--p 00016000 103:0a 1710992                   /usr/lib/jvm/java-11-openjdk-amd64/lib/libnet.so
7f6cd8033000-7f6cd8034000 rw-p 00017000 103:0a 1710992                   /usr/lib/jvm/java-11-openjdk-amd64/lib/libnet.so
7f6cd8034000-7f6cd803b000 r--p 00000000 103:0a 1710993                   /usr/lib/jvm/java-11-openjdk-amd64/lib/libnio.so
7f6cd803b000-7f6cd8043000 r-xp 00007000 103:0a 1710993                   /usr/lib/jvm/java-11-openjdk-amd64/lib/libnio.so
7f6cd8043000-7f6cd8046000 r--p 0000f000 103:0a 1710993                   /usr/lib/jvm/java-11-openjdk-amd64/lib/libnio.so
7f6cd8046000-7f6cd8047000 r--p 00011000 103:0a 1710993                   /usr/lib/jvm/java-11-openjdk-amd64/lib/libnio.so
7f6cd8047000-7f6cd8048000 rw-p 00012000 103:0a 1710993                   /usr/lib/jvm/java-11-openjdk-amd64/lib/libnio.so
7f6cd8048000-7f6cd8229000 rw-p 00000000 00:00 0 
7f6cd8229000-7f6cd874f000 ---p 00000000 00:00 0 
7f6cd874f000-7f6cd8750000 rw-p 00000000 00:00 0 
7f6cd8750000-7f6cd8950000 ---p 00000000 00:00 0 
7f6cd8950000-7f6cd9158000 rw-p 00000000 00:00 0 
7f6cd9158000-7f6cd9159000 ---p 00000000 00:00 0 
7f6cd9159000-7f6cd925f000 rw-p 00000000 00:00 0 
7f6cd925f000-7f6cd9345000 ---p 00000000 00:00 0 
7f6cd9345000-7f6cd9351000 rw-p 00000000 00:00 0 
7f6cd9351000-7f6cd9430000 ---p 00000000 00:00 0 
7f6cd9430000-7f6cd9435000 rw-p 00000000 00:00 0 
7f6cd9435000-7f6cd943c000 ---p 00000000 00:00 0 
7f6cd943c000-7f6cd943f000 r--p 00000000 103:0a 1707575                   /usr/lib/x86_64-linux-gnu/libnss_files-2.31.so
7f6cd943f000-7f6cd9446000 r-xp 00003000 103:0a 1707575                   /usr/lib/x86_64-linux-gnu/libnss_files-2.31.so
7f6cd9446000-7f6cd9448000 r--p 0000a000 103:0a 1707575                   /usr/lib/x86_64-linux-gnu/libnss_files-2.31.so
7f6cd9448000-7f6cd9449000 r--p 0000b000 103:0a 1707575                   /usr/lib/x86_64-linux-gnu/libnss_files-2.31.so
7f6cd9449000-7f6cd944a000 rw-p 0000c000 103:0a 1707575                   /usr/lib/x86_64-linux-gnu/libnss_files-2.31.so
7f6cd944a000-7f6cd9450000 rw-p 00000000 00:00 0 
7f6cd9450000-7f6cd9452000 r--s 0000c000 103:0a 578984                    /usr/share/java/java-atk-wrapper.jar
7f6cd9452000-7f6cd9454000 r--p 00000000 103:0a 1711001                   /usr/lib/jvm/java-11-openjdk-amd64/lib/libzip.so
7f6cd9454000-7f6cd9458000 r-xp 00002000 103:0a 1711001                   /usr/lib/jvm/java-11-openjdk-amd64/lib/libzip.so
7f6cd9458000-7f6cd945a000 r--p 00006000 103:0a 1711001                   /usr/lib/jvm/java-11-openjdk-amd64/lib/libzip.so
7f6cd945a000-7f6cd945b000 r--p 00007000 103:0a 1711001                   /usr/lib/jvm/java-11-openjdk-amd64/lib/libzip.so
7f6cd945b000-7f6cd945c000 rw-p 00008000 103:0a 1711001                   /usr/lib/jvm/java-11-openjdk-amd64/lib/libzip.so
7f6cd945c000-7f6cd9464000 rw-s 00000000 103:0a 1316892                   /tmp/hsperfdata_haneul/4364
7f6cd9464000-7f6cd9466000 r--p 00000000 103:0a 1710984                   /usr/lib/jvm/java-11-openjdk-amd64/lib/libjimage.so
7f6cd9466000-7f6cd9469000 r-xp 00002000 103:0a 1710984                   /usr/lib/jvm/java-11-openjdk-amd64/lib/libjimage.so
7f6cd9469000-7f6cd946a000 r--p 00005000 103:0a 1710984                   /usr/lib/jvm/java-11-openjdk-amd64/lib/libjimage.so
7f6cd946a000-7f6cd946b000 ---p 00006000 103:0a 1710984                   /usr/lib/jvm/java-11-openjdk-amd64/lib/libjimage.so
7f6cd946b000-7f6cd946c000 r--p 00006000 103:0a 1710984                   /usr/lib/jvm/java-11-openjdk-amd64/lib/libjimage.so
7f6cd946c000-7f6cd946d000 rw-p 00007000 103:0a 1710984                   /usr/lib/jvm/java-11-openjdk-amd64/lib/libjimage.so
7f6cd946d000-7f6cd947b000 r--p 00000000 103:0a 1710981                   /usr/lib/jvm/java-11-openjdk-amd64/lib/libjava.so
7f6cd947b000-7f6cd9491000 r-xp 0000e000 103:0a 1710981                   /usr/lib/jvm/java-11-openjdk-amd64/lib/libjava.so
7f6cd9491000-7f6cd9498000 r--p 00024000 103:0a 1710981                   /usr/lib/jvm/java-11-openjdk-amd64/lib/libjava.so
7f6cd9498000-7f6cd9499000 r--p 0002a000 103:0a 1710981                   /usr/lib/jvm/java-11-openjdk-amd64/lib/libjava.so
7f6cd9499000-7f6cd949a000 rw-p 0002b000 103:0a 1710981                   /usr/lib/jvm/java-11-openjdk-amd64/lib/libjava.so
7f6cd949a000-7f6cd949b000 rw-p 00000000 00:00 0 
7f6cd949b000-7f6cd949e000 r--p 00000000 103:0a 1707582                   /usr/lib/x86_64-linux-gnu/librt-2.31.so
7f6cd949e000-7f6cd94a2000 r-xp 00003000 103:0a 1707582                   /usr/lib/x86_64-linux-gnu/librt-2.31.so
7f6cd94a2000-7f6cd94a3000 r--p 00007000 103:0a 1707582                   /usr/lib/x86_64-linux-gnu/librt-2.31.so
7f6cd94a3000-7f6cd94a4000 ---p 00008000 103:0a 1707582                   /usr/lib/x86_64-linux-gnu/librt-2.31.so
7f6cd94a4000-7f6cd94a5000 r--p 00008000 103:0a 1707582                   /usr/lib/x86_64-linux-gnu/librt-2.31.so
7f6cd94a5000-7f6cd94a6000 rw-p 00009000 103:0a 1707582                   /usr/lib/x86_64-linux-gnu/librt-2.31.so
7f6cd94a6000-7f6cd94aa000 ---p 00000000 00:00 0 
7f6cd94aa000-7f6cd95a7000 rw-p 00000000 00:00 0 
7f6cd95a7000-7f6cd95aa000 r--p 00000000 103:0a 1711787                   /usr/lib/x86_64-linux-gnu/libgcc_s.so.1
7f6cd95aa000-7f6cd95bc000 r-xp 00003000 103:0a 1711787                   /usr/lib/x86_64-linux-gnu/libgcc_s.so.1
7f6cd95bc000-7f6cd95c0000 r--p 00015000 103:0a 1711787                   /usr/lib/x86_64-linux-gnu/libgcc_s.so.1
7f6cd95c0000-7f6cd95c1000 r--p 00018000 103:0a 1711787                   /usr/lib/x86_64-linux-gnu/libgcc_s.so.1
7f6cd95c1000-7f6cd95c2000 rw-p 00019000 103:0a 1711787                   /usr/lib/x86_64-linux-gnu/libgcc_s.so.1
7f6cd95c2000-7f6cd95d1000 r--p 00000000 103:0a 1706622                   /usr/lib/x86_64-linux-gnu/libm-2.31.so
7f6cd95d1000-7f6cd9678000 r-xp 0000f000 103:0a 1706622                   /usr/lib/x86_64-linux-gnu/libm-2.31.so
7f6cd9678000-7f6cd970f000 r--p 000b6000 103:0a 1706622                   /usr/lib/x86_64-linux-gnu/libm-2.31.so
7f6cd970f000-7f6cd9710000 r--p 0014c000 103:0a 1706622                   /usr/lib/x86_64-linux-gnu/libm-2.31.so
7f6cd9710000-7f6cd9711000 rw-p 0014d000 103:0a 1706622                   /usr/lib/x86_64-linux-gnu/libm-2.31.so
7f6cd9711000-7f6cd97a7000 r--p 00000000 103:0a 1702190                   /usr/lib/x86_64-linux-gnu/libstdc++.so.6.0.28
7f6cd97a7000-7f6cd9898000 r-xp 00096000 103:0a 1702190                   /usr/lib/x86_64-linux-gnu/libstdc++.so.6.0.28
7f6cd9898000-7f6cd98e1000 r--p 00187000 103:0a 1702190                   /usr/lib/x86_64-linux-gnu/libstdc++.so.6.0.28
7f6cd98e1000-7f6cd98e2000 ---p 001d0000 103:0a 1702190                   /usr/lib/x86_64-linux-gnu/libstdc++.so.6.0.28
7f6cd98e2000-7f6cd98ed000 r--p 001d0000 103:0a 1702190                   /usr/lib/x86_64-linux-gnu/libstdc++.so.6.0.28
7f6cd98ed000-7f6cd98f0000 rw-p 001db000 103:0a 1702190                   /usr/lib/x86_64-linux-gnu/libstdc++.so.6.0.28
7f6cd98f0000-7f6cd98f3000 rw-p 00000000 00:00 0 
7f6cd98f3000-7f6cd9b74000 r--p 00000000 103:0a 1711005                   /usr/lib/jvm/java-11-openjdk-amd64/lib/server/libjvm.so
7f6cd9b74000-7f6cda7f4000 r-xp 00281000 103:0a 1711005                   /usr/lib/jvm/java-11-openjdk-amd64/lib/server/libjvm.so
7f6cda7f4000-7f6cdaa4f000 r--p 00f01000 103:0a 1711005                   /usr/lib/jvm/java-11-openjdk-amd64/lib/server/libjvm.so
7f6cdaa4f000-7f6cdab13000 r--p 0115b000 103:0a 1711005                   /usr/lib/jvm/java-11-openjdk-amd64/lib/server/libjvm.so
7f6cdab13000-7f6cdab4e000 rw-p 0121f000 103:0a 1711005                   /usr/lib/jvm/java-11-openjdk-amd64/lib/server/libjvm.so
7f6cdab4e000-7f6cdaba7000 rw-p 00000000 00:00 0 
7f6cdaba7000-7f6cdabae000 r--p 00000000 103:0a 1707580                   /usr/lib/x86_64-linux-gnu/libpthread-2.31.so
7f6cdabae000-7f6cdabbf000 r-xp 00007000 103:0a 1707580                   /usr/lib/x86_64-linux-gnu/libpthread-2.31.so
7f6cdabbf000-7f6cdabc4000 r--p 00018000 103:0a 1707580                   /usr/lib/x86_64-linux-gnu/libpthread-2.31.so
7f6cdabc4000-7f6cdabc5000 r--p 0001c000 103:0a 1707580                   /usr/lib/x86_64-linux-gnu/libpthread-2.31.so
7f6cdabc5000-7f6cdabc6000 rw-p 0001d000 103:0a 1707580                   /usr/lib/x86_64-linux-gnu/libpthread-2.31.so
7f6cdabc6000-7f6cdabca000 rw-p 00000000 00:00 0 
7f6cdabca000-7f6cdabcb000 r--p 00000000 103:0a 1706620                   /usr/lib/x86_64-linux-gnu/libdl-2.31.so
7f6cdabcb000-7f6cdabcd000 r-xp 00001000 103:0a 1706620                   /usr/lib/x86_64-linux-gnu/libdl-2.31.so
7f6cdabcd000-7f6cdabce000 r--p 00003000 103:0a 1706620                   /usr/lib/x86_64-linux-gnu/libdl-2.31.so
7f6cdabce000-7f6cdabcf000 r--p 00003000 103:0a 1706620                   /usr/lib/x86_64-linux-gnu/libdl-2.31.so
7f6cdabcf000-7f6cdabd0000 rw-p 00004000 103:0a 1706620                   /usr/lib/x86_64-linux-gnu/libdl-2.31.so
7f6cdabd0000-7f6cdabd2000 r--p 00000000 103:0a 1705730                   /usr/lib/x86_64-linux-gnu/libz.so.1.2.11
7f6cdabd2000-7f6cdabe3000 r-xp 00002000 103:0a 1705730                   /usr/lib/x86_64-linux-gnu/libz.so.1.2.11
7f6cdabe3000-7f6cdabe9000 r--p 00013000 103:0a 1705730                   /usr/lib/x86_64-linux-gnu/libz.so.1.2.11
7f6cdabe9000-7f6cdabea000 ---p 00019000 103:0a 1705730                   /usr/lib/x86_64-linux-gnu/libz.so.1.2.11
7f6cdabea000-7f6cdabeb000 r--p 00019000 103:0a 1705730                   /usr/lib/x86_64-linux-gnu/libz.so.1.2.11
7f6cdabeb000-7f6cdabec000 rw-p 0001a000 103:0a 1705730                   /usr/lib/x86_64-linux-gnu/libz.so.1.2.11
7f6cdabec000-7f6cdac11000 r--p 00000000 103:0a 1706487                   /usr/lib/x86_64-linux-gnu/libc-2.31.so
7f6cdac11000-7f6cdad89000 r-xp 00025000 103:0a 1706487                   /usr/lib/x86_64-linux-gnu/libc-2.31.so
7f6cdad89000-7f6cdadd3000 r--p 0019d000 103:0a 1706487                   /usr/lib/x86_64-linux-gnu/libc-2.31.so
7f6cdadd3000-7f6cdadd4000 ---p 001e7000 103:0a 1706487                   /usr/lib/x86_64-linux-gnu/libc-2.31.so
7f6cdadd4000-7f6cdadd7000 r--p 001e7000 103:0a 1706487                   /usr/lib/x86_64-linux-gnu/libc-2.31.so
7f6cdadd7000-7f6cdadda000 rw-p 001ea000 103:0a 1706487                   /usr/lib/x86_64-linux-gnu/libc-2.31.so
7f6cdadda000-7f6cdadde000 rw-p 00000000 00:00 0 
7f6cdadde000-7f6cdaddf000 ---p 00000000 00:00 0 
7f6cdaddf000-7f6cdade0000 r--p 00000000 00:00 0 
7f6cdade0000-7f6cdade5000 r--p 00000000 103:0a 1711000                   /usr/lib/jvm/java-11-openjdk-amd64/lib/libverify.so
7f6cdade5000-7f6cdadec000 r-xp 00005000 103:0a 1711000                   /usr/lib/jvm/java-11-openjdk-amd64/lib/libverify.so
7f6cdadec000-7f6cdadee000 r--p 0000c000 103:0a 1711000                   /usr/lib/jvm/java-11-openjdk-amd64/lib/libverify.so
7f6cdadee000-7f6cdadef000 ---p 0000e000 103:0a 1711000                   /usr/lib/jvm/java-11-openjdk-amd64/lib/libverify.so
7f6cdadef000-7f6cdadf1000 r--p 0000e000 103:0a 1711000                   /usr/lib/jvm/java-11-openjdk-amd64/lib/libverify.so
7f6cdadf1000-7f6cdadf2000 rw-p 00010000 103:0a 1711000                   /usr/lib/jvm/java-11-openjdk-amd64/lib/libverify.so
7f6cdadf2000-7f6cdadf5000 r--p 00000000 103:0a 1710966                   /usr/lib/jvm/java-11-openjdk-amd64/lib/jli/libjli.so
7f6cdadf5000-7f6cdadff000 r-xp 00003000 103:0a 1710966                   /usr/lib/jvm/java-11-openjdk-amd64/lib/jli/libjli.so
7f6cdadff000-7f6cdae02000 r--p 0000d000 103:0a 1710966                   /usr/lib/jvm/java-11-openjdk-amd64/lib/jli/libjli.so
7f6cdae02000-7f6cdae03000 ---p 00010000 103:0a 1710966                   /usr/lib/jvm/java-11-openjdk-amd64/lib/jli/libjli.so
7f6cdae03000-7f6cdae04000 r--p 00010000 103:0a 1710966                   /usr/lib/jvm/java-11-openjdk-amd64/lib/jli/libjli.so
7f6cdae04000-7f6cdae05000 rw-p 00011000 103:0a 1710966                   /usr/lib/jvm/java-11-openjdk-amd64/lib/jli/libjli.so
7f6cdae05000-7f6cdae07000 rw-p 00000000 00:00 0 
7f6cdae07000-7f6cdae08000 r--p 00000000 103:0a 1706483                   /usr/lib/x86_64-linux-gnu/ld-2.31.so
7f6cdae08000-7f6cdae2b000 r-xp 00001000 103:0a 1706483                   /usr/lib/x86_64-linux-gnu/ld-2.31.so
7f6cdae2b000-7f6cdae33000 r--p 00024000 103:0a 1706483                   /usr/lib/x86_64-linux-gnu/ld-2.31.so
7f6cdae34000-7f6cdae35000 r--p 0002c000 103:0a 1706483                   /usr/lib/x86_64-linux-gnu/ld-2.31.so
7f6cdae35000-7f6cdae36000 rw-p 0002d000 103:0a 1706483                   /usr/lib/x86_64-linux-gnu/ld-2.31.so
7f6cdae36000-7f6cdae37000 rw-p 00000000 00:00 0 
7ffe5c987000-7ffe5c9ab000 rw-p 00000000 00:00 0                          [stack]
7ffe5c9be000-7ffe5c9c2000 r--p 00000000 00:00 0                          [vvar]
7ffe5c9c2000-7ffe5c9c4000 r-xp 00000000 00:00 0                          [vdso]
ffffffffff600000-ffffffffff601000 --xp 00000000 00:00 0                  [vsyscall]


VM Arguments:
jvm_args: -Dfile.encoding=UTF-8 -Duser.country=KR -Duser.language=ko -Duser.variant 
java_command: com.haneul.study.springboot.Application
java_class_path (initial): /home/haneul/workspace/spring-study/spring_study/freelec-springboot2-webservice/build/classes/java/main:/home/haneul/workspace/spring-study/spring_study/freelec-springboot2-webservice/build/resources/main:/home/haneul/.gradle/caches/modules-2/files-2.1/org.springframework.boot/spring-boot-starter-web/2.4.1/fb70dcc55475177dd404c5577c6d64b6c591c9cd/spring-boot-starter-web-2.4.1.jar:/home/haneul/.gradle/caches/modules-2/files-2.1/org.springframework.boot/spring-boot-starter-mustache/2.4.1/a572c4f5878f7591e3dcd49ab5c91eb392571125/spring-boot-starter-mustache-2.4.1.jar:/home/haneul/.gradle/caches/modules-2/files-2.1/org.projectlombok/lombok/1.18.16/6dc192c7f93ec1853f70d59d8a6dcf94eb42866/lombok-1.18.16.jar:/home/haneul/.gradle/caches/modules-2/files-2.1/org.springframework.boot/spring-boot-starter-data-jpa/2.4.1/7801874040c4c3050ebd4b5fee572f72e26219b0/spring-boot-starter-data-jpa-2.4.1.jar:/home/haneul/.gradle/caches/modules-2/files-2.1/org.mariadb.jdbc/mariadb-java-client/2.7.1/3b8c972f7518d4e0e2a070e9e877ebcfba2d2db8/mariadb-java-client-2.7.1.jar:/home/haneul/.gradle/caches/modules-2/files-2.1/com.h2database/h2/1.4.200/f7533fe7cb8e99c87a43d325a77b4b678ad9031a/h2-1.4.200.jar:/home/haneul/.gradle/caches/modules-2/files-2.1/org.springframework.boot/spring-boot-starter-json/2.4.1/5a4b7088c88be531cb416ef218da3e19309f8cea/spring-boot-starter-json-2.4.1.jar:/home/haneul/.gradle/caches/modules-2/files-2.1/org.springframework.boot/spring-boot-starter-aop/2.4.1/316d517012a03f9c039301f6013bbd952571e10f/spring-boot-starter-aop-2.4.1.jar:/home/haneul/.gradle/caches/modules-2/files-2.1/org.springframework.boot/spring-boot-starter-jdbc/2.4.1/8bce44479b03c6418f91370063ca770ca3ec6184/spring-boot-starter-jdbc-2.4.1.jar:/home/haneul/.gradle/caches/modules-2/files-2.1/org.springframework.boot/spring-boot-starter/2.4.1/15d81ffe81e26de37986d491e1cf4c1e3a324ca3/spring-boot-starter-2.4.1.jar:/home/haneul/.gradle/caches/modules-2/files-2.1/org.springframework.boot
Launcher Type: SUN_STANDARD

[Global flags]
     intx CICompilerCount                          = 4                                         {product} {ergonomic}
     uint ConcGCThreads                            = 2                                         {product} {ergonomic}
     uint G1ConcRefinementThreads                  = 8                                         {product} {ergonomic}
   size_t G1HeapRegionSize                         = 1048576                                   {product} {ergonomic}
    uintx GCDrainStackTargetSize                   = 64                                        {product} {ergonomic}
   size_t InitialHeapSize                          = 257949696                                 {product} {ergonomic}
   size_t MarkStackSize                            = 4194304                                   {product} {ergonomic}
   size_t MaxHeapSize                              = 4097835008                                {product} {ergonomic}
   size_t MaxNewSize                               = 2457862144                                {product} {ergonomic}
   size_t MinHeapDeltaBytes                        = 1048576                                   {product} {ergonomic}
    uintx NonNMethodCodeHeapSize                   = 5836300                                {pd product} {ergonomic}
    uintx NonProfiledCodeHeapSize                  = 122910970                              {pd product} {ergonomic}
    uintx ProfiledCodeHeapSize                     = 122910970                              {pd product} {ergonomic}
    uintx ReservedCodeCacheSize                    = 251658240                              {pd product} {ergonomic}
     bool SegmentedCodeCache                       = true                                      {product} {ergonomic}
     bool UseCompressedClassPointers               = true                                 {lp64_product} {ergonomic}
     bool UseCompressedOops                        = true                                 {lp64_product} {ergonomic}
     bool UseG1GC                                  = true                                      {product} {ergonomic}

Logging:
Log output configuration:
 #0: stdout all=warning uptime,level,tags
 #1: stderr all=off uptime,level,tags

Environment Variables:
PATH=/home/haneul/.local/bin:/usr/local/sbin:/usr/local/bin:/usr/sbin:/usr/bin:/sbin:/bin:/usr/games:/usr/local/games:/snap/bin
USERNAME=haneul
SHELL=/bin/bash
DISPLAY=:0
LANG=ko_KR.UTF-8

Signal Handlers:
SIGSEGV: [libjvm.so+0xe8e8d0], sa_mask[0]=11111111011111111101111111111110, sa_flags=SA_RESTART|SA_SIGINFO
SIGBUS: [libjvm.so+0xe8e8d0], sa_mask[0]=11111111011111111101111111111110, sa_flags=SA_RESTART|SA_SIGINFO
SIGFPE: [libjvm.so+0xe8e8d0], sa_mask[0]=11111111011111111101111111111110, sa_flags=SA_RESTART|SA_SIGINFO
SIGPIPE: [libjvm.so+0xbd6910], sa_mask[0]=11111111011111111101111111111110, sa_flags=SA_RESTART|SA_SIGINFO
SIGXFSZ: [libjvm.so+0xbd6910], sa_mask[0]=11111111011111111101111111111110, sa_flags=SA_RESTART|SA_SIGINFO
SIGILL: [libjvm.so+0xe8e8d0], sa_mask[0]=11111111011111111101111111111110, sa_flags=SA_RESTART|SA_SIGINFO
SIGUSR2: [libjvm.so+0xbd67b0], sa_mask[0]=00100000000000000000000000000000, sa_flags=SA_RESTART|SA_SIGINFO
SIGHUP: [libjvm.so+0xbd6c50], sa_mask[0]=11111111011111111101111111111110, sa_flags=SA_RESTART|SA_SIGINFO
SIGINT: [libjvm.so+0xbd6c50], sa_mask[0]=11111111011111111101111111111110, sa_flags=SA_RESTART|SA_SIGINFO
SIGTERM: [libjvm.so+0xbd6c50], sa_mask[0]=11111111011111111101111111111110, sa_flags=SA_RESTART|SA_SIGINFO
SIGQUIT: [libjvm.so+0xbd6c50], sa_mask[0]=11111111011111111101111111111110, sa_flags=SA_RESTART|SA_SIGINFO


---------------  S Y S T E M  ---------------

OS:DISTRIB_ID=Ubuntu
DISTRIB_RELEASE=20.04
DISTRIB_CODENAME=focal
DISTRIB_DESCRIPTION="Ubuntu 20.04.3 LTS"
uname:Linux 5.11.0-43-generic #47~20.04.2-Ubuntu SMP Mon Dec 13 11:06:56 UTC 2021 x86_64
OS uptime: 0 days 0:41 hours
libc:glibc 2.31 NPTL 2.31 
rlimit (soft/hard): STACK 8192k/infinity , CORE 0k/infinity , NPROC 62242/62242 , NOFILE 1048576/1048576 , AS infinity/infinity , CPU infinity/infinity , DATA infinity/infinity , FSIZE infinity/infinity , MEMLOCK 65536k/65536k
load average:4.19 1.67 0.91

/proc/meminfo:
MemTotal:       15999496 kB
MemFree:         8712948 kB
MemAvailable:   11016924 kB
Buffers:          131328 kB
Cached:          2730036 kB
SwapCached:            0 kB
Active:           647572 kB
Inactive:        5937060 kB
Active(anon):       2456 kB
Inactive(anon):  4077780 kB
Active(file):     645116 kB
Inactive(file):  1859280 kB
Unevictable:      351900 kB
Mlocked:              32 kB
SwapTotal:       1425444 kB
SwapFree:        1425444 kB
Dirty:             32468 kB
Writeback:             0 kB
AnonPages:       4075416 kB
Mapped:          1086560 kB
Shmem:            363640 kB
KReclaimable:     121056 kB
Slab:             224836 kB
SReclaimable:     121056 kB
SUnreclaim:       103780 kB
KernelStack:       14784 kB
PageTables:        30868 kB
NFS_Unstable:          0 kB
Bounce:                0 kB
WritebackTmp:          0 kB
CommitLimit:     9425192 kB
Committed_AS:    9285216 kB
VmallocTotal:   34359738367 kB
VmallocUsed:       39504 kB
VmallocChunk:          0 kB
Percpu:             6752 kB
HardwareCorrupted:     0 kB
AnonHugePages:         0 kB
ShmemHugePages:        0 kB
ShmemPmdMapped:        0 kB
FileHugePages:         0 kB
FilePmdMapped:         0 kB
HugePages_Total:       0
HugePages_Free:        0
HugePages_Rsvd:        0
HugePages_Surp:        0
Hugepagesize:       2048 kB
Hugetlb:               0 kB
DirectMap4k:      283952 kB
DirectMap2M:     6664192 kB
DirectMap1G:     9437184 kB

/sys/kernel/mm/transparent_hugepage/enabled:
always [madvise] never
/sys/kernel/mm/transparent_hugepage/defrag (defrag/compaction efforts parameter):
always defer defer+madvise [madvise] never

Process Memory:
Virtual Size: 7236724K (peak: 15515252K)
Resident Set Size: 262912K (peak: 262912K) (anon: 234716K, file: 28196K, shmem: 0K)
Swapped out: 0K
C-Heap outstanding allocations: 42431K

/proc/sys/kernel/threads-max (system-wide limit on the number of threads):
124484
/proc/sys/vm/max_map_count (maximum number of memory map areas a process may have):
262144
/proc/sys/kernel/pid_max (system-wide limit on number of process identifiers):
4194304

container (cgroup) information:
container_type: cgroupv1
cpu_cpuset_cpus: 0-7
cpu_memory_nodes: 0
active_processor_count: 8
cpu_quota: -1
cpu_period: 100000
cpu_shares: -1
memory_limit_in_bytes: -1
memory_and_swap_limit_in_bytes: -1
memory_soft_limit_in_bytes: -1
memory_usage_in_bytes: 5569654784
memory_max_usage_in_bytes: 5569658880

Steal ticks since vm start: 0
Steal ticks percentage since vm start:  0.000

CPU:total 8 (initial active 8) (4 cores per cpu, 2 threads per core) family 6 model 126 stepping 5 microcode 0xa6, cmov, cx8, fxsr, mmx, sse, sse2, sse3, ssse3, sse4.1, sse4.2, popcnt, avx, avx2, aes, clmul, erms, 3dnowpref, lzcnt, ht, tsc, tscinvbit, bmi1, bmi2, adx, evex, sha, fma
CPU Model and flags from /proc/cpuinfo:
model name	: Intel(R) Core(TM) i5-1035G7 CPU @ 1.20GHz
flags		: fpu vme de pse tsc msr pae mce cx8 apic sep mtrr pge mca cmov pat pse36 clflush dts acpi mmx fxsr sse sse2 ss ht tm pbe syscall nx pdpe1gb rdtscp lm constant_tsc art arch_perfmon pebs bts rep_good nopl xtopology nonstop_tsc cpuid aperfmperf tsc_known_freq pni pclmulqdq dtes64 monitor ds_cpl vmx est tm2 ssse3 sdbg fma cx16 xtpr pdcm pcid sse4_1 sse4_2 x2apic movbe popcnt tsc_deadline_timer aes xsave avx f16c rdrand lahf_lm abm 3dnowprefetch cpuid_fault epb invpcid_single ssbd ibrs ibpb stibp ibrs_enhanced tpr_shadow vnmi flexpriority ept vpid ept_ad fsgsbase tsc_adjust sgx bmi1 avx2 smep bmi2 erms invpcid avx512f avx512dq rdseed adx smap avx512ifma clflushopt intel_pt avx512cd sha_ni avx512bw avx512vl xsaveopt xsavec xgetbv1 xsaves split_lock_detect dtherm ida arat pln pts hwp hwp_notify hwp_act_window hwp_epp hwp_pkg_req avx512vbmi umip pku ospke avx512_vbmi2 gfni vaes vpclmulqdq avx512_vnni avx512_bitalg avx512_vpopcntdq rdpid sgx_lc fsrm md_clear flush_l1d arch_capabilities
Online cpus:
0-7
Offline cpus:

BIOS frequency limitation:
<Not Available>
Frequency switch latency (ns):
0
Available cpu frequencies:
<Not Available>
Current governor:
powersave
Core performance/turbo boost:
<Not Available>

Memory: 4k page, physical 15999496k(8712948k free), swap 1425444k(1425444k free)

vm_info: OpenJDK 64-Bit Server VM (11.0.13+8-Ubuntu-0ubuntu1.20.04) for linux-amd64 JRE (11.0.13+8-Ubuntu-0ubuntu1.20.04), built on Oct 29 2021 09:11:30 by "unknown" with gcc 9.3.0

END.
