#
# A fatal error has been detected by the Java Runtime Environment:
#
#  SIGSEGV (0xb) at pc=0x00007f21867ac29e, pid=4227, tid=4249
#
# JRE version: OpenJDK Runtime Environment (11.0.13+8) (build 11.0.13+8-Ubuntu-0ubuntu1.20.04)
# Java VM: OpenJDK 64-Bit Server VM (11.0.13+8-Ubuntu-0ubuntu1.20.04, mixed mode, sharing, tiered, compressed oops, g1 gc, linux-amd64)
# Problematic frame:
# V  [libjvm.so+0x56529e]
#
# Core dump will be written. Default location: Core dumps may be processed with "/usr/share/apport/apport %p %s %c %d %P %E" (or dumping to /home/haneul/workspace/spring-study/spring_study/freelec-springboot2-webservice/core.4227)
#
# If you would like to submit a bug report, please visit:
#   https://bugs.launchpad.net/ubuntu/+source/openjdk-lts
#

---------------  S U M M A R Y ------------

Command Line: -Dfile.encoding=UTF-8 -Duser.country=KR -Duser.language=ko -Duser.variant com.haneul.study.springboot.Application

Host: Intel(R) Core(TM) i5-1035G7 CPU @ 1.20GHz, 8 cores, 15G, Ubuntu 20.04.3 LTS
Time: Tue Jan 11 21:48:55 2022 KST elapsed time: 2.245962 seconds (0d 0h 0m 2s)

---------------  T H R E A D  ---------------

Current thread (0x00007f212c06e000):  JavaThread "C2 CompilerThread1" daemon [_thread_in_native, id=4249, stack(0x00007f2154137000,0x00007f2154238000)]


Current CompileTask:
C2:   2246 3403       4       org.springframework.core.annotation.AnnotationsScanner::getDeclaredAnnotations (166 bytes)

Stack: [0x00007f2154137000,0x00007f2154238000],  sp=0x00007f2154233420,  free space=1009k
Native frames: (J=compiled Java code, A=aot compiled Java code, j=interpreted, Vv=VM code, C=native code)
V  [libjvm.so+0x56529e]
V  [libjvm.so+0x565e33]
V  [libjvm.so+0x568890]
V  [libjvm.so+0x615aa5]
V  [libjvm.so+0x619910]
V  [libjvm.so+0x54574f]
V  [libjvm.so+0x622321]
V  [libjvm.so+0x623468]
V  [libjvm.so+0xe24e0f]
V  [libjvm.so+0xe21850]
V  [libjvm.so+0xbe0406]


siginfo: si_signo: 11 (SIGSEGV), si_code: 2 (SEGV_ACCERR), si_addr: 0x00007f2140232ac0

Register to memory mapping:

RAX=0x0000000008000000 is an unknown value
RBX=0x00007f21542339a0 is pointing into the stack for thread: 0x00007f212c06e000
RCX=0x00007f2120232ac0 points into unknown readable memory: 0x0000000100000000 | 00 00 00 00 01 00 00 00
RDX=0x0 is NULL
RSP=0x00007f2154233420 is pointing into the stack for thread: 0x00007f212c06e000
RBP=0x00007f21542334c0 is pointing into the stack for thread: 0x00007f212c06e000
RSI=0x0000000008000000 is an unknown value
RDI=0x00007f2140232ac0 is an unknown value
R8 =0x00007f2120232ac0 points into unknown readable memory: 0x0000000100000000 | 00 00 00 00 01 00 00 00
R9 =0x0 is NULL
R10=0x0000000000000001 is an unknown value
R11=0x0 is NULL
R12=0x00007f21542334f0 is pointing into the stack for thread: 0x00007f212c06e000
R13=0x0 is NULL
R14=0x00007f2120db8a60 points into unknown readable memory: 0x3f1416576fd48445 | 45 84 d4 6f 57 16 14 3f
R15=0x0 is NULL


Registers:
RAX=0x0000000008000000, RBX=0x00007f21542339a0, RCX=0x00007f2120232ac0, RDX=0x0000000000000000
RSP=0x00007f2154233420, RBP=0x00007f21542334c0, RSI=0x0000000008000000, RDI=0x00007f2140232ac0
R8 =0x00007f2120232ac0, R9 =0x0000000000000000, R10=0x0000000000000001, R11=0x0000000000000000
R12=0x00007f21542334f0, R13=0x0000000000000000, R14=0x00007f2120db8a60, R15=0x0000000000000000
RIP=0x00007f21867ac29e, EFLAGS=0x0000000000010246, CSGSFS=0x002b000000000033, ERR=0x0000000000000004
  TRAPNO=0x000000000000000e

Top of Stack: (sp=0x00007f2154233420)
0x00007f2154233420:   00007f2154233450 00000000000000f5
0x00007f2154233430:   00007f21542334c0 00007f2186a724a8
0x00007f2154233440:   00007f2120cf3880 0000000000000000
0x00007f2154233450:   00000a6a00000000 00007f2100000008 

Instructions: (pc=0x00007f21867ac29e)
0x00007f21867ac19e:   00 00 c1 e8 05 83 c2 05 89 c1 83 e1 1f 74 f3 89
0x00007f21867ac1ae:   ce 48 8d 0d 0a 7d 9e 00 0f b6 0c 31 d3 e8 01 d1
0x00007f21867ac1be:   89 85 40 ff ff ff 48 8d 05 15 7d 9e 00 89 8d 44
0x00007f21867ac1ce:   ff ff ff 0f b6 04 30 01 c2 48 8b 7b 70 85 d2 0f
0x00007f21867ac1de:   84 72 fd ff ff 48 8d 04 92 48 c1 e0 05 48 03 47
0x00007f21867ac1ee:   20 44 89 70 20 8b 85 40 ff ff ff 85 c0 75 8b 4c
0x00007f21867ac1fe:   89 ef e8 4b 12 2d 00 89 c2 eb ce 90 66 0f 1f 44
0x00007f21867ac20e:   00 00 f3 0f 1e fa 55 48 89 e5 41 57 41 89 d7 41
0x00007f21867ac21e:   56 49 89 f6 41 55 41 54 53 48 89 fb 48 83 ec 78
0x00007f21867ac22e:   48 63 46 20 48 8b b7 08 01 00 00 4c 8d 04 86 49
0x00007f21867ac23e:   63 08 39 c8 74 40 48 89 c7 89 ca 0f 1f 80 00 00
0x00007f21867ac24e:   00 00 48 63 d2 48 89 d0 8b 14 96 39 c2 75 f3 39
0x00007f21867ac25e:   c7 74 23 41 89 00 39 c1 74 1c 0f 1f 84 00 00 00
0x00007f21867ac26e:   00 00 48 8b 93 08 01 00 00 48 8d 14 8a 48 63 0a
0x00007f21867ac27e:   89 02 39 c8 75 ec 85 c0 0f 85 a4 04 00 00 49 63
0x00007f21867ac28e:   46 24 48 8b 8b 08 01 00 00 48 8d 3c 81 48 89 c6
0x00007f21867ac29e:   48 63 07 41 89 f4 39 c6 74 3e 89 c2 66 0f 1f 44
0x00007f21867ac2ae:   00 00 48 63 d2 49 89 d4 8b 14 91 44 39 e2 75 f2
0x00007f21867ac2be:   44 39 e6 74 23 44 89 27 44 39 e0 74 1b 0f 1f 44
0x00007f21867ac2ce:   00 00 48 8b 93 08 01 00 00 48 8d 14 82 48 63 02
0x00007f21867ac2de:   44 89 22 44 39 e0 75 ea 45 85 e4 0f 85 89 03 00
0x00007f21867ac2ee:   00 41 0f b7 b6 94 00 00 00 41 f6 86 98 00 00 00
0x00007f21867ac2fe:   04 0f 85 0b 04 00 00 66 83 fe 02 0f 84 01 04 00
0x00007f21867ac30e:   00 41 8b 7e 38 45 31 e4 85 ff 0f 85 72 01 00 00
0x00007f21867ac31e:   41 8b 7e 3c 41 bc 20 00 00 00 85 ff 0f 85 60 01
0x00007f21867ac32e:   00 00 41 8b 7e 40 41 bc 40 00 00 00 85 ff 0f 85
0x00007f21867ac33e:   4e 01 00 00 41 8b 7e 44 41 bc 60 00 00 00 85 ff
0x00007f21867ac34e:   0f 85 3c 01 00 00 41 8b 7e 48 41 bc 80 00 00 00
0x00007f21867ac35e:   85 ff 0f 85 2a 01 00 00 41 8b 7e 4c 41 bc a0 00
0x00007f21867ac36e:   00 00 85 ff 0f 85 18 01 00 00 41 8b 7e 50 41 bc
0x00007f21867ac37e:   c0 00 00 00 85 ff 0f 85 06 01 00 00 41 8b 7e 54
0x00007f21867ac38e:   41 bc e0 00 00 00 85 ff 0f 85 f4 00 00 00 41 8b 


Stack slot to memory mapping:
stack at sp + 0 slots: 0x00007f2154233450 is pointing into the stack for thread: 0x00007f212c06e000
stack at sp + 1 slots: 0x00000000000000f5 is an unknown value
stack at sp + 2 slots: 0x00007f21542334c0 is pointing into the stack for thread: 0x00007f212c06e000
stack at sp + 3 slots: 0x00007f2186a724a8: <offset 0x000000000082b4a8> in /usr/lib/jvm/java-11-openjdk-amd64/lib/server/libjvm.so at 0x00007f2186247000
stack at sp + 4 slots: 0x00007f2120cf3880 points into unknown readable memory: 0x0000000000000004 | 04 00 00 00 00 00 00 00
stack at sp + 5 slots: 0x0 is NULL
stack at sp + 6 slots: 0x00000a6a00000000 is an unknown value
stack at sp + 7 slots: 0x00007f2100000008 points into unknown readable memory: 0x0000000000000000 | 00 00 00 00 00 00 00 00


---------------  P R O C E S S  ---------------

Threads class SMR info:
_java_thread_list=0x00007f20f8002c60, length=16, elements={
0x00007f2180019000, 0x00007f21801cc000, 0x00007f21801d6800, 0x00007f21801dc000,
0x00007f21801de000, 0x00007f21801e0000, 0x00007f21801e2000, 0x00007f21801e4000,
0x00007f2180257800, 0x00007f212c06e000, 0x00007f21302f5800, 0x00007f2181177000,
0x00007f21811ab800, 0x00007f20fc002000, 0x00007f21811ae800, 0x00007f20f8001800
}

Java Threads: ( => current thread )
  0x00007f2180019000 JavaThread "main" [_thread_in_vm, id=4233, stack(0x00007f2185dfa000,0x00007f2185efb000)]
  0x00007f21801cc000 JavaThread "Reference Handler" daemon [_thread_blocked, id=4240, stack(0x00007f21550f6000,0x00007f21551f7000)]
  0x00007f21801d6800 JavaThread "Finalizer" daemon [_thread_blocked, id=4241, stack(0x00007f2154ff5000,0x00007f21550f6000)]
  0x00007f21801dc000 JavaThread "Signal Dispatcher" daemon [_thread_blocked, id=4242, stack(0x00007f215483f000,0x00007f2154940000)]
  0x00007f21801de000 JavaThread "Service Thread" daemon [_thread_blocked, id=4243, stack(0x00007f215473e000,0x00007f215483f000)]
  0x00007f21801e0000 JavaThread "C2 CompilerThread0" daemon [_thread_in_native, id=4244, stack(0x00007f215463d000,0x00007f215473e000)]
  0x00007f21801e2000 JavaThread "C1 CompilerThread0" daemon [_thread_blocked, id=4245, stack(0x00007f215453c000,0x00007f215463d000)]
  0x00007f21801e4000 JavaThread "Sweeper thread" daemon [_thread_blocked, id=4246, stack(0x00007f215443b000,0x00007f215453c000)]
  0x00007f2180257800 JavaThread "Common-Cleaner" daemon [_thread_blocked, id=4248, stack(0x00007f2154238000,0x00007f2154339000)]
=>0x00007f212c06e000 JavaThread "C2 CompilerThread1" daemon [_thread_in_native, id=4249, stack(0x00007f2154137000,0x00007f2154238000)]
  0x00007f21302f5800 JavaThread "C2 CompilerThread2" daemon [_thread_in_native, id=4250, stack(0x00007f2154036000,0x00007f2154137000)]
  0x00007f2181177000 JavaThread "HikariPool-1 housekeeper" daemon [_thread_blocked, id=4258, stack(0x00007f211baf7000,0x00007f211bbf8000)]
  0x00007f21811ab800 JavaThread "Catalina-utility-1" [_thread_blocked, id=4259, stack(0x00007f211a4f4000,0x00007f211a5f5000)]
  0x00007f20fc002000 JavaThread "Catalina-utility-2" [_thread_blocked, id=4260, stack(0x00007f211a3f3000,0x00007f211a4f4000)]
  0x00007f21811ae800 JavaThread "container-0" [_thread_blocked, id=4261, stack(0x00007f211a2f2000,0x00007f211a3f3000)]
  0x00007f20f8001800 JavaThread "HikariPool-1 connection adder" daemon [_thread_blocked, id=4262, stack(0x00007f211a1f1000,0x00007f211a2f2000)]

Other Threads:
  0x00007f21801c9800 VMThread "VM Thread" [stack: 0x00007f21551f9000,0x00007f21552f9000] [id=4239]
  0x00007f2180255800 WatcherThread [stack: 0x00007f215433b000,0x00007f215443b000] [id=4247]
  0x00007f2180031000 GCTaskThread "GC Thread#0" [stack: 0x00007f2185aae000,0x00007f2185bae000] [id=4234]
  0x00007f2148001000 GCTaskThread "GC Thread#1" [stack: 0x00007f211bf00000,0x00007f211c000000] [id=4251]
  0x00007f2148002800 GCTaskThread "GC Thread#2" [stack: 0x00007f211bdfe000,0x00007f211befe000] [id=4252]
  0x00007f2148004000 GCTaskThread "GC Thread#3" [stack: 0x00007f211bcfc000,0x00007f211bdfc000] [id=4253]
  0x00007f2148005800 GCTaskThread "GC Thread#4" [stack: 0x00007f211bbfa000,0x00007f211bcfa000] [id=4254]
  0x00007f218008d800 ConcurrentGCThread "G1 Main Marker" [stack: 0x00007f2184164000,0x00007f2184264000] [id=4235]
  0x00007f218008f800 ConcurrentGCThread "G1 Conc#0" [stack: 0x00007f2184062000,0x00007f2184162000] [id=4236]
  0x00007f2158001000 ConcurrentGCThread "G1 Conc#1" [stack: 0x00007f211adf7000,0x00007f211aef7000] [id=4257]
  0x00007f218018b800 ConcurrentGCThread "G1 Refine#0" [stack: 0x00007f2155bfd000,0x00007f2155cfd000] [id=4237]
  0x00007f218018d800 ConcurrentGCThread "G1 Young RemSet Sampling" [stack: 0x00007f2155afb000,0x00007f2155bfb000] [id=4238]

Threads with active compile tasks:
C2 CompilerThread0   2248 3495       4       org.springframework.core.annotation.TypeMappedAnnotations$MergedAnnotationFinder::doWithAnnotations (75 bytes)
C2 CompilerThread1   2248 3403       4       org.springframework.core.annotation.AnnotationsScanner::getDeclaredAnnotations (166 bytes)
C2 CompilerThread2   2248 3494   !   4       org.springframework.core.annotation.AnnotationsScanner::processClassHierarchy (227 bytes)

VM state:not at safepoint (normal execution)

VM Mutex/Monitor currently owned by a thread: None

Heap address: 0x000000070bc00000, size: 3908 MB, Compressed Oops mode: Zero based, Oop shift amount: 3
Narrow klass base: 0x0000000800000000, Narrow klass shift: 3
Compressed class space size: 1073741824 Address: 0x0000000840000000

Heap:
 garbage-first heap   total 253952K, used 116903K [0x000000070bc00000, 0x0000000800000000)
  region size 1024K, 110 young (112640K), 5 survivors (5120K)
 Metaspace       used 32429K, capacity 33446K, committed 33712K, reserved 1079296K
  class space    used 3945K, capacity 4334K, committed 4352K, reserved 1048576K
Heap Regions: E=young(eden), S=young(survivor), O=old, HS=humongous(starts), HC=humongous(continues), CS=collection set, F=free, A=archive, TAMS=top-at-mark-start (previous, next)
|   0|0x000000070bc00000, 0x000000070bd00000, 0x000000070bd00000|100%|HS|  |TAMS 0x000000070bd00000, 0x000000070bc00000| Complete 
|   1|0x000000070bd00000, 0x000000070be00000, 0x000000070be00000|100%| O|  |TAMS 0x000000070be00000, 0x000000070bd00000| Untracked 
|   2|0x000000070be00000, 0x000000070bf00000, 0x000000070bf00000|100%| O|  |TAMS 0x000000070bf00000, 0x000000070be00000| Untracked 
|   3|0x000000070bf00000, 0x000000070c000000, 0x000000070c000000|100%| O|  |TAMS 0x000000070c000000, 0x000000070bf00000| Untracked 
|   4|0x000000070c000000, 0x000000070c100000, 0x000000070c100000|100%| O|  |TAMS 0x000000070c100000, 0x000000070c000000| Untracked 
|   5|0x000000070c100000, 0x000000070c1e6a00, 0x000000070c200000| 90%| O|  |TAMS 0x000000070c1e6a00, 0x000000070c100000| Untracked 
|   6|0x000000070c200000, 0x000000070c200000, 0x000000070c300000|  0%| F|  |TAMS 0x000000070c200000, 0x000000070c200000| Untracked 
|   7|0x000000070c300000, 0x000000070c300000, 0x000000070c400000|  0%| F|  |TAMS 0x000000070c300000, 0x000000070c300000| Untracked 
|   8|0x000000070c400000, 0x000000070c400000, 0x000000070c500000|  0%| F|  |TAMS 0x000000070c400000, 0x000000070c400000| Untracked 
|   9|0x000000070c500000, 0x000000070c500000, 0x000000070c600000|  0%| F|  |TAMS 0x000000070c500000, 0x000000070c500000| Untracked 
|  10|0x000000070c600000, 0x000000070c600000, 0x000000070c700000|  0%| F|  |TAMS 0x000000070c600000, 0x000000070c600000| Untracked 
|  11|0x000000070c700000, 0x000000070c700000, 0x000000070c800000|  0%| F|  |TAMS 0x000000070c700000, 0x000000070c700000| Untracked 
|  12|0x000000070c800000, 0x000000070c800000, 0x000000070c900000|  0%| F|  |TAMS 0x000000070c800000, 0x000000070c800000| Untracked 
|  13|0x000000070c900000, 0x000000070c900000, 0x000000070ca00000|  0%| F|  |TAMS 0x000000070c900000, 0x000000070c900000| Untracked 
|  14|0x000000070ca00000, 0x000000070ca00000, 0x000000070cb00000|  0%| F|  |TAMS 0x000000070ca00000, 0x000000070ca00000| Untracked 
|  15|0x000000070cb00000, 0x000000070cb00000, 0x000000070cc00000|  0%| F|  |TAMS 0x000000070cb00000, 0x000000070cb00000| Untracked 
|  16|0x000000070cc00000, 0x000000070cc00000, 0x000000070cd00000|  0%| F|  |TAMS 0x000000070cc00000, 0x000000070cc00000| Untracked 
|  17|0x000000070cd00000, 0x000000070cd00000, 0x000000070ce00000|  0%| F|  |TAMS 0x000000070cd00000, 0x000000070cd00000| Untracked 
|  18|0x000000070ce00000, 0x000000070ce00000, 0x000000070cf00000|  0%| F|  |TAMS 0x000000070ce00000, 0x000000070ce00000| Untracked 
|  19|0x000000070cf00000, 0x000000070cf00000, 0x000000070d000000|  0%| F|  |TAMS 0x000000070cf00000, 0x000000070cf00000| Untracked 
|  20|0x000000070d000000, 0x000000070d000000, 0x000000070d100000|  0%| F|  |TAMS 0x000000070d000000, 0x000000070d000000| Untracked 
|  21|0x000000070d100000, 0x000000070d100000, 0x000000070d200000|  0%| F|  |TAMS 0x000000070d100000, 0x000000070d100000| Untracked 
|  22|0x000000070d200000, 0x000000070d200000, 0x000000070d300000|  0%| F|  |TAMS 0x000000070d200000, 0x000000070d200000| Untracked 
|  23|0x000000070d300000, 0x000000070d300000, 0x000000070d400000|  0%| F|  |TAMS 0x000000070d300000, 0x000000070d300000| Untracked 
|  24|0x000000070d400000, 0x000000070d400000, 0x000000070d500000|  0%| F|  |TAMS 0x000000070d400000, 0x000000070d400000| Untracked 
|  25|0x000000070d500000, 0x000000070d500000, 0x000000070d600000|  0%| F|  |TAMS 0x000000070d500000, 0x000000070d500000| Untracked 
|  26|0x000000070d600000, 0x000000070d600000, 0x000000070d700000|  0%| F|  |TAMS 0x000000070d600000, 0x000000070d600000| Untracked 
|  27|0x000000070d700000, 0x000000070d700000, 0x000000070d800000|  0%| F|  |TAMS 0x000000070d700000, 0x000000070d700000| Untracked 
|  28|0x000000070d800000, 0x000000070d800000, 0x000000070d900000|  0%| F|  |TAMS 0x000000070d800000, 0x000000070d800000| Untracked 
|  29|0x000000070d900000, 0x000000070d900000, 0x000000070da00000|  0%| F|  |TAMS 0x000000070d900000, 0x000000070d900000| Untracked 
|  30|0x000000070da00000, 0x000000070da00000, 0x000000070db00000|  0%| F|  |TAMS 0x000000070da00000, 0x000000070da00000| Untracked 
|  31|0x000000070db00000, 0x000000070db00000, 0x000000070dc00000|  0%| F|  |TAMS 0x000000070db00000, 0x000000070db00000| Untracked 
|  32|0x000000070dc00000, 0x000000070dc00000, 0x000000070dd00000|  0%| F|  |TAMS 0x000000070dc00000, 0x000000070dc00000| Untracked 
|  33|0x000000070dd00000, 0x000000070dd00000, 0x000000070de00000|  0%| F|  |TAMS 0x000000070dd00000, 0x000000070dd00000| Untracked 
|  34|0x000000070de00000, 0x000000070de00000, 0x000000070df00000|  0%| F|  |TAMS 0x000000070de00000, 0x000000070de00000| Untracked 
|  35|0x000000070df00000, 0x000000070df00000, 0x000000070e000000|  0%| F|  |TAMS 0x000000070df00000, 0x000000070df00000| Untracked 
|  36|0x000000070e000000, 0x000000070e000000, 0x000000070e100000|  0%| F|  |TAMS 0x000000070e000000, 0x000000070e000000| Untracked 
|  37|0x000000070e100000, 0x000000070e100000, 0x000000070e200000|  0%| F|  |TAMS 0x000000070e100000, 0x000000070e100000| Untracked 
|  38|0x000000070e200000, 0x000000070e200000, 0x000000070e300000|  0%| F|  |TAMS 0x000000070e200000, 0x000000070e200000| Untracked 
|  39|0x000000070e300000, 0x000000070e300000, 0x000000070e400000|  0%| F|  |TAMS 0x000000070e300000, 0x000000070e300000| Untracked 
|  40|0x000000070e400000, 0x000000070e400000, 0x000000070e500000|  0%| F|  |TAMS 0x000000070e400000, 0x000000070e400000| Untracked 
|  41|0x000000070e500000, 0x000000070e500000, 0x000000070e600000|  0%| F|  |TAMS 0x000000070e500000, 0x000000070e500000| Untracked 
|  42|0x000000070e600000, 0x000000070e600000, 0x000000070e700000|  0%| F|  |TAMS 0x000000070e600000, 0x000000070e600000| Untracked 
|  43|0x000000070e700000, 0x000000070e700000, 0x000000070e800000|  0%| F|  |TAMS 0x000000070e700000, 0x000000070e700000| Untracked 
|  44|0x000000070e800000, 0x000000070e800000, 0x000000070e900000|  0%| F|  |TAMS 0x000000070e800000, 0x000000070e800000| Untracked 
|  45|0x000000070e900000, 0x000000070e900000, 0x000000070ea00000|  0%| F|  |TAMS 0x000000070e900000, 0x000000070e900000| Untracked 
|  46|0x000000070ea00000, 0x000000070ea00000, 0x000000070eb00000|  0%| F|  |TAMS 0x000000070ea00000, 0x000000070ea00000| Untracked 
|  47|0x000000070eb00000, 0x000000070eb00000, 0x000000070ec00000|  0%| F|  |TAMS 0x000000070eb00000, 0x000000070eb00000| Untracked 
|  48|0x000000070ec00000, 0x000000070ec00000, 0x000000070ed00000|  0%| F|  |TAMS 0x000000070ec00000, 0x000000070ec00000| Untracked 
|  49|0x000000070ed00000, 0x000000070ed00000, 0x000000070ee00000|  0%| F|  |TAMS 0x000000070ed00000, 0x000000070ed00000| Untracked 
|  50|0x000000070ee00000, 0x000000070ee00000, 0x000000070ef00000|  0%| F|  |TAMS 0x000000070ee00000, 0x000000070ee00000| Untracked 
|  51|0x000000070ef00000, 0x000000070ef00000, 0x000000070f000000|  0%| F|  |TAMS 0x000000070ef00000, 0x000000070ef00000| Untracked 
|  52|0x000000070f000000, 0x000000070f000000, 0x000000070f100000|  0%| F|  |TAMS 0x000000070f000000, 0x000000070f000000| Untracked 
|  53|0x000000070f100000, 0x000000070f100000, 0x000000070f200000|  0%| F|  |TAMS 0x000000070f100000, 0x000000070f100000| Untracked 
|  54|0x000000070f200000, 0x000000070f200000, 0x000000070f300000|  0%| F|  |TAMS 0x000000070f200000, 0x000000070f200000| Untracked 
|  55|0x000000070f300000, 0x000000070f300000, 0x000000070f400000|  0%| F|  |TAMS 0x000000070f300000, 0x000000070f300000| Untracked 
|  56|0x000000070f400000, 0x000000070f400000, 0x000000070f500000|  0%| F|  |TAMS 0x000000070f400000, 0x000000070f400000| Untracked 
|  57|0x000000070f500000, 0x000000070f500000, 0x000000070f600000|  0%| F|  |TAMS 0x000000070f500000, 0x000000070f500000| Untracked 
|  58|0x000000070f600000, 0x000000070f600000, 0x000000070f700000|  0%| F|  |TAMS 0x000000070f600000, 0x000000070f600000| Untracked 
|  59|0x000000070f700000, 0x000000070f700000, 0x000000070f800000|  0%| F|  |TAMS 0x000000070f700000, 0x000000070f700000| Untracked 
|  60|0x000000070f800000, 0x000000070f800000, 0x000000070f900000|  0%| F|  |TAMS 0x000000070f800000, 0x000000070f800000| Untracked 
|  61|0x000000070f900000, 0x000000070f900000, 0x000000070fa00000|  0%| F|  |TAMS 0x000000070f900000, 0x000000070f900000| Untracked 
|  62|0x000000070fa00000, 0x000000070fa00000, 0x000000070fb00000|  0%| F|  |TAMS 0x000000070fa00000, 0x000000070fa00000| Untracked 
|  63|0x000000070fb00000, 0x000000070fb00000, 0x000000070fc00000|  0%| F|  |TAMS 0x000000070fb00000, 0x000000070fb00000| Untracked 
|  64|0x000000070fc00000, 0x000000070fc00000, 0x000000070fd00000|  0%| F|  |TAMS 0x000000070fc00000, 0x000000070fc00000| Untracked 
|  65|0x000000070fd00000, 0x000000070fd00000, 0x000000070fe00000|  0%| F|  |TAMS 0x000000070fd00000, 0x000000070fd00000| Untracked 
|  66|0x000000070fe00000, 0x000000070fe00000, 0x000000070ff00000|  0%| F|  |TAMS 0x000000070fe00000, 0x000000070fe00000| Untracked 
|  67|0x000000070ff00000, 0x000000070ff00000, 0x0000000710000000|  0%| F|  |TAMS 0x000000070ff00000, 0x000000070ff00000| Untracked 
|  68|0x0000000710000000, 0x0000000710000000, 0x0000000710100000|  0%| F|  |TAMS 0x0000000710000000, 0x0000000710000000| Untracked 
|  69|0x0000000710100000, 0x0000000710100000, 0x0000000710200000|  0%| F|  |TAMS 0x0000000710100000, 0x0000000710100000| Untracked 
|  70|0x0000000710200000, 0x0000000710200000, 0x0000000710300000|  0%| F|  |TAMS 0x0000000710200000, 0x0000000710200000| Untracked 
|  71|0x0000000710300000, 0x0000000710300000, 0x0000000710400000|  0%| F|  |TAMS 0x0000000710300000, 0x0000000710300000| Untracked 
|  72|0x0000000710400000, 0x0000000710400000, 0x0000000710500000|  0%| F|  |TAMS 0x0000000710400000, 0x0000000710400000| Untracked 
|  73|0x0000000710500000, 0x0000000710500000, 0x0000000710600000|  0%| F|  |TAMS 0x0000000710500000, 0x0000000710500000| Untracked 
|  74|0x0000000710600000, 0x0000000710600000, 0x0000000710700000|  0%| F|  |TAMS 0x0000000710600000, 0x0000000710600000| Untracked 
|  75|0x0000000710700000, 0x0000000710700000, 0x0000000710800000|  0%| F|  |TAMS 0x0000000710700000, 0x0000000710700000| Untracked 
|  76|0x0000000710800000, 0x0000000710800000, 0x0000000710900000|  0%| F|  |TAMS 0x0000000710800000, 0x0000000710800000| Untracked 
|  77|0x0000000710900000, 0x0000000710900000, 0x0000000710a00000|  0%| F|  |TAMS 0x0000000710900000, 0x0000000710900000| Untracked 
|  78|0x0000000710a00000, 0x0000000710a00000, 0x0000000710b00000|  0%| F|  |TAMS 0x0000000710a00000, 0x0000000710a00000| Untracked 
|  79|0x0000000710b00000, 0x0000000710b00000, 0x0000000710c00000|  0%| F|  |TAMS 0x0000000710b00000, 0x0000000710b00000| Untracked 
|  80|0x0000000710c00000, 0x0000000710c00000, 0x0000000710d00000|  0%| F|  |TAMS 0x0000000710c00000, 0x0000000710c00000| Untracked 
|  81|0x0000000710d00000, 0x0000000710d00000, 0x0000000710e00000|  0%| F|  |TAMS 0x0000000710d00000, 0x0000000710d00000| Untracked 
|  82|0x0000000710e00000, 0x0000000710e00000, 0x0000000710f00000|  0%| F|  |TAMS 0x0000000710e00000, 0x0000000710e00000| Untracked 
|  83|0x0000000710f00000, 0x0000000710f00000, 0x0000000711000000|  0%| F|  |TAMS 0x0000000710f00000, 0x0000000710f00000| Untracked 
|  84|0x0000000711000000, 0x0000000711000000, 0x0000000711100000|  0%| F|  |TAMS 0x0000000711000000, 0x0000000711000000| Untracked 
|  85|0x0000000711100000, 0x0000000711100000, 0x0000000711200000|  0%| F|  |TAMS 0x0000000711100000, 0x0000000711100000| Untracked 
|  86|0x0000000711200000, 0x0000000711200000, 0x0000000711300000|  0%| F|  |TAMS 0x0000000711200000, 0x0000000711200000| Untracked 
|  87|0x0000000711300000, 0x0000000711300000, 0x0000000711400000|  0%| F|  |TAMS 0x0000000711300000, 0x0000000711300000| Untracked 
|  88|0x0000000711400000, 0x0000000711400000, 0x0000000711500000|  0%| F|  |TAMS 0x0000000711400000, 0x0000000711400000| Untracked 
|  89|0x0000000711500000, 0x0000000711500000, 0x0000000711600000|  0%| F|  |TAMS 0x0000000711500000, 0x0000000711500000| Untracked 
|  90|0x0000000711600000, 0x0000000711600000, 0x0000000711700000|  0%| F|  |TAMS 0x0000000711600000, 0x0000000711600000| Untracked 
|  91|0x0000000711700000, 0x0000000711700000, 0x0000000711800000|  0%| F|  |TAMS 0x0000000711700000, 0x0000000711700000| Untracked 
|  92|0x0000000711800000, 0x0000000711800000, 0x0000000711900000|  0%| F|  |TAMS 0x0000000711800000, 0x0000000711800000| Untracked 
|  93|0x0000000711900000, 0x0000000711900000, 0x0000000711a00000|  0%| F|  |TAMS 0x0000000711900000, 0x0000000711900000| Untracked 
|  94|0x0000000711a00000, 0x0000000711a00000, 0x0000000711b00000|  0%| F|  |TAMS 0x0000000711a00000, 0x0000000711a00000| Untracked 
|  95|0x0000000711b00000, 0x0000000711b00000, 0x0000000711c00000|  0%| F|  |TAMS 0x0000000711b00000, 0x0000000711b00000| Untracked 
|  96|0x0000000711c00000, 0x0000000711c00000, 0x0000000711d00000|  0%| F|  |TAMS 0x0000000711c00000, 0x0000000711c00000| Untracked 
|  97|0x0000000711d00000, 0x0000000711d00000, 0x0000000711e00000|  0%| F|  |TAMS 0x0000000711d00000, 0x0000000711d00000| Untracked 
|  98|0x0000000711e00000, 0x0000000711e00000, 0x0000000711f00000|  0%| F|  |TAMS 0x0000000711e00000, 0x0000000711e00000| Untracked 
|  99|0x0000000711f00000, 0x0000000711f00000, 0x0000000712000000|  0%| F|  |TAMS 0x0000000711f00000, 0x0000000711f00000| Untracked 
| 100|0x0000000712000000, 0x0000000712000000, 0x0000000712100000|  0%| F|  |TAMS 0x0000000712000000, 0x0000000712000000| Untracked 
| 101|0x0000000712100000, 0x0000000712100000, 0x0000000712200000|  0%| F|  |TAMS 0x0000000712100000, 0x0000000712100000| Untracked 
| 102|0x0000000712200000, 0x0000000712200000, 0x0000000712300000|  0%| F|  |TAMS 0x0000000712200000, 0x0000000712200000| Untracked 
| 103|0x0000000712300000, 0x0000000712300000, 0x0000000712400000|  0%| F|  |TAMS 0x0000000712300000, 0x0000000712300000| Untracked 
| 104|0x0000000712400000, 0x0000000712400000, 0x0000000712500000|  0%| F|  |TAMS 0x0000000712400000, 0x0000000712400000| Untracked 
| 105|0x0000000712500000, 0x0000000712500000, 0x0000000712600000|  0%| F|  |TAMS 0x0000000712500000, 0x0000000712500000| Untracked 
| 106|0x0000000712600000, 0x0000000712600000, 0x0000000712700000|  0%| F|  |TAMS 0x0000000712600000, 0x0000000712600000| Untracked 
| 107|0x0000000712700000, 0x0000000712700000, 0x0000000712800000|  0%| F|  |TAMS 0x0000000712700000, 0x0000000712700000| Untracked 
| 108|0x0000000712800000, 0x0000000712800000, 0x0000000712900000|  0%| F|  |TAMS 0x0000000712800000, 0x0000000712800000| Untracked 
| 109|0x0000000712900000, 0x0000000712900000, 0x0000000712a00000|  0%| F|  |TAMS 0x0000000712900000, 0x0000000712900000| Untracked 
| 110|0x0000000712a00000, 0x0000000712a00000, 0x0000000712b00000|  0%| F|  |TAMS 0x0000000712a00000, 0x0000000712a00000| Untracked 
| 111|0x0000000712b00000, 0x0000000712b00000, 0x0000000712c00000|  0%| F|  |TAMS 0x0000000712b00000, 0x0000000712b00000| Untracked 
| 112|0x0000000712c00000, 0x0000000712c00000, 0x0000000712d00000|  0%| F|  |TAMS 0x0000000712c00000, 0x0000000712c00000| Untracked 
| 113|0x0000000712d00000, 0x0000000712d00000, 0x0000000712e00000|  0%| F|  |TAMS 0x0000000712d00000, 0x0000000712d00000| Untracked 
| 114|0x0000000712e00000, 0x0000000712e00000, 0x0000000712f00000|  0%| F|  |TAMS 0x0000000712e00000, 0x0000000712e00000| Untracked 
| 115|0x0000000712f00000, 0x0000000712f00000, 0x0000000713000000|  0%| F|  |TAMS 0x0000000712f00000, 0x0000000712f00000| Untracked 
| 116|0x0000000713000000, 0x0000000713000000, 0x0000000713100000|  0%| F|  |TAMS 0x0000000713000000, 0x0000000713000000| Untracked 
| 117|0x0000000713100000, 0x0000000713100000, 0x0000000713200000|  0%| F|  |TAMS 0x0000000713100000, 0x0000000713100000| Untracked 
| 118|0x0000000713200000, 0x0000000713200000, 0x0000000713300000|  0%| F|  |TAMS 0x0000000713200000, 0x0000000713200000| Untracked 
| 119|0x0000000713300000, 0x0000000713300000, 0x0000000713400000|  0%| F|  |TAMS 0x0000000713300000, 0x0000000713300000| Untracked 
| 120|0x0000000713400000, 0x0000000713400000, 0x0000000713500000|  0%| F|  |TAMS 0x0000000713400000, 0x0000000713400000| Untracked 
| 121|0x0000000713500000, 0x0000000713500000, 0x0000000713600000|  0%| F|  |TAMS 0x0000000713500000, 0x0000000713500000| Untracked 
| 122|0x0000000713600000, 0x0000000713600000, 0x0000000713700000|  0%| F|  |TAMS 0x0000000713600000, 0x0000000713600000| Untracked 
| 123|0x0000000713700000, 0x0000000713700000, 0x0000000713800000|  0%| F|  |TAMS 0x0000000713700000, 0x0000000713700000| Untracked 
| 124|0x0000000713800000, 0x0000000713800000, 0x0000000713900000|  0%| F|  |TAMS 0x0000000713800000, 0x0000000713800000| Untracked 
| 125|0x0000000713900000, 0x0000000713900000, 0x0000000713a00000|  0%| F|  |TAMS 0x0000000713900000, 0x0000000713900000| Untracked 
| 126|0x0000000713a00000, 0x0000000713a00000, 0x0000000713b00000|  0%| F|  |TAMS 0x0000000713a00000, 0x0000000713a00000| Untracked 
| 127|0x0000000713b00000, 0x0000000713b00000, 0x0000000713c00000|  0%| F|  |TAMS 0x0000000713b00000, 0x0000000713b00000| Untracked 
| 128|0x0000000713c00000, 0x0000000713c00000, 0x0000000713d00000|  0%| F|  |TAMS 0x0000000713c00000, 0x0000000713c00000| Untracked 
| 129|0x0000000713d00000, 0x0000000713d00000, 0x0000000713e00000|  0%| F|  |TAMS 0x0000000713d00000, 0x0000000713d00000| Untracked 
| 130|0x0000000713e00000, 0x0000000713e00000, 0x0000000713f00000|  0%| F|  |TAMS 0x0000000713e00000, 0x0000000713e00000| Untracked 
| 131|0x0000000713f00000, 0x0000000713f00000, 0x0000000714000000|  0%| F|  |TAMS 0x0000000713f00000, 0x0000000713f00000| Untracked 
| 132|0x0000000714000000, 0x0000000714000000, 0x0000000714100000|  0%| F|  |TAMS 0x0000000714000000, 0x0000000714000000| Untracked 
| 133|0x0000000714100000, 0x0000000714100000, 0x0000000714200000|  0%| F|  |TAMS 0x0000000714100000, 0x0000000714100000| Untracked 
| 134|0x0000000714200000, 0x0000000714200000, 0x0000000714300000|  0%| F|  |TAMS 0x0000000714200000, 0x0000000714200000| Untracked 
| 135|0x0000000714300000, 0x0000000714382940, 0x0000000714400000| 51%| E|  |TAMS 0x0000000714300000, 0x0000000714300000| Complete 
| 136|0x0000000714400000, 0x0000000714500000, 0x0000000714500000|100%| E|CS|TAMS 0x0000000714400000, 0x0000000714400000| Complete 
| 137|0x0000000714500000, 0x0000000714600000, 0x0000000714600000|100%| E|CS|TAMS 0x0000000714500000, 0x0000000714500000| Complete 
| 138|0x0000000714600000, 0x0000000714700000, 0x0000000714700000|100%| E|CS|TAMS 0x0000000714600000, 0x0000000714600000| Complete 
| 139|0x0000000714700000, 0x0000000714800000, 0x0000000714800000|100%| E|CS|TAMS 0x0000000714700000, 0x0000000714700000| Complete 
| 140|0x0000000714800000, 0x0000000714900000, 0x0000000714900000|100%| E|CS|TAMS 0x0000000714800000, 0x0000000714800000| Complete 
| 141|0x0000000714900000, 0x0000000714a00000, 0x0000000714a00000|100%| E|CS|TAMS 0x0000000714900000, 0x0000000714900000| Complete 
| 142|0x0000000714a00000, 0x0000000714b00000, 0x0000000714b00000|100%| E|CS|TAMS 0x0000000714a00000, 0x0000000714a00000| Complete 
| 143|0x0000000714b00000, 0x0000000714c00000, 0x0000000714c00000|100%| E|CS|TAMS 0x0000000714b00000, 0x0000000714b00000| Complete 
| 144|0x0000000714c00000, 0x0000000714d00000, 0x0000000714d00000|100%| E|CS|TAMS 0x0000000714c00000, 0x0000000714c00000| Complete 
| 145|0x0000000714d00000, 0x0000000714e00000, 0x0000000714e00000|100%| E|CS|TAMS 0x0000000714d00000, 0x0000000714d00000| Complete 
| 146|0x0000000714e00000, 0x0000000714f00000, 0x0000000714f00000|100%| E|CS|TAMS 0x0000000714e00000, 0x0000000714e00000| Complete 
| 147|0x0000000714f00000, 0x0000000715000000, 0x0000000715000000|100%| E|CS|TAMS 0x0000000714f00000, 0x0000000714f00000| Complete 
| 148|0x0000000715000000, 0x0000000715100000, 0x0000000715100000|100%| E|CS|TAMS 0x0000000715000000, 0x0000000715000000| Complete 
| 149|0x0000000715100000, 0x0000000715200000, 0x0000000715200000|100%| E|CS|TAMS 0x0000000715100000, 0x0000000715100000| Complete 
| 150|0x0000000715200000, 0x0000000715300000, 0x0000000715300000|100%| E|CS|TAMS 0x0000000715200000, 0x0000000715200000| Complete 
| 151|0x0000000715300000, 0x0000000715400000, 0x0000000715400000|100%| E|CS|TAMS 0x0000000715300000, 0x0000000715300000| Complete 
| 152|0x0000000715400000, 0x0000000715500000, 0x0000000715500000|100%| E|CS|TAMS 0x0000000715400000, 0x0000000715400000| Complete 
| 153|0x0000000715500000, 0x0000000715600000, 0x0000000715600000|100%| E|CS|TAMS 0x0000000715500000, 0x0000000715500000| Complete 
| 154|0x0000000715600000, 0x0000000715700000, 0x0000000715700000|100%| E|CS|TAMS 0x0000000715600000, 0x0000000715600000| Complete 
| 155|0x0000000715700000, 0x0000000715800000, 0x0000000715800000|100%| E|CS|TAMS 0x0000000715700000, 0x0000000715700000| Complete 
| 156|0x0000000715800000, 0x0000000715900000, 0x0000000715900000|100%| E|CS|TAMS 0x0000000715800000, 0x0000000715800000| Complete 
| 157|0x0000000715900000, 0x0000000715a00000, 0x0000000715a00000|100%| E|CS|TAMS 0x0000000715900000, 0x0000000715900000| Complete 
| 158|0x0000000715a00000, 0x0000000715b00000, 0x0000000715b00000|100%| E|CS|TAMS 0x0000000715a00000, 0x0000000715a00000| Complete 
| 159|0x0000000715b00000, 0x0000000715c00000, 0x0000000715c00000|100%| E|CS|TAMS 0x0000000715b00000, 0x0000000715b00000| Complete 
| 160|0x0000000715c00000, 0x0000000715d00000, 0x0000000715d00000|100%| E|CS|TAMS 0x0000000715c00000, 0x0000000715c00000| Complete 
| 161|0x0000000715d00000, 0x0000000715e00000, 0x0000000715e00000|100%| E|CS|TAMS 0x0000000715d00000, 0x0000000715d00000| Complete 
| 162|0x0000000715e00000, 0x0000000715f00000, 0x0000000715f00000|100%| E|CS|TAMS 0x0000000715e00000, 0x0000000715e00000| Complete 
| 163|0x0000000715f00000, 0x0000000716000000, 0x0000000716000000|100%| E|CS|TAMS 0x0000000715f00000, 0x0000000715f00000| Complete 
| 164|0x0000000716000000, 0x0000000716100000, 0x0000000716100000|100%| E|CS|TAMS 0x0000000716000000, 0x0000000716000000| Complete 
| 165|0x0000000716100000, 0x0000000716200000, 0x0000000716200000|100%| E|CS|TAMS 0x0000000716100000, 0x0000000716100000| Complete 
| 166|0x0000000716200000, 0x0000000716300000, 0x0000000716300000|100%| E|CS|TAMS 0x0000000716200000, 0x0000000716200000| Complete 
| 167|0x0000000716300000, 0x0000000716400000, 0x0000000716400000|100%| E|CS|TAMS 0x0000000716300000, 0x0000000716300000| Complete 
| 168|0x0000000716400000, 0x0000000716500000, 0x0000000716500000|100%| E|CS|TAMS 0x0000000716400000, 0x0000000716400000| Complete 
| 169|0x0000000716500000, 0x0000000716591470, 0x0000000716600000| 56%| S|CS|TAMS 0x0000000716500000, 0x0000000716500000| Complete 
| 170|0x0000000716600000, 0x0000000716700000, 0x0000000716700000|100%| S|CS|TAMS 0x0000000716600000, 0x0000000716600000| Complete 
| 171|0x0000000716700000, 0x0000000716800000, 0x0000000716800000|100%| S|CS|TAMS 0x0000000716700000, 0x0000000716700000| Complete 
| 172|0x0000000716800000, 0x0000000716900000, 0x0000000716900000|100%| S|CS|TAMS 0x0000000716800000, 0x0000000716800000| Complete 
| 173|0x0000000716900000, 0x0000000716a00000, 0x0000000716a00000|100%| S|CS|TAMS 0x0000000716900000, 0x0000000716900000| Complete 
| 174|0x0000000716a00000, 0x0000000716b00000, 0x0000000716b00000|100%| E|CS|TAMS 0x0000000716a00000, 0x0000000716a00000| Complete 
| 175|0x0000000716b00000, 0x0000000716c00000, 0x0000000716c00000|100%| E|CS|TAMS 0x0000000716b00000, 0x0000000716b00000| Complete 
| 176|0x0000000716c00000, 0x0000000716d00000, 0x0000000716d00000|100%| E|CS|TAMS 0x0000000716c00000, 0x0000000716c00000| Complete 
| 177|0x0000000716d00000, 0x0000000716e00000, 0x0000000716e00000|100%| E|CS|TAMS 0x0000000716d00000, 0x0000000716d00000| Complete 
| 178|0x0000000716e00000, 0x0000000716f00000, 0x0000000716f00000|100%| E|CS|TAMS 0x0000000716e00000, 0x0000000716e00000| Complete 
| 179|0x0000000716f00000, 0x0000000717000000, 0x0000000717000000|100%| E|CS|TAMS 0x0000000716f00000, 0x0000000716f00000| Complete 
| 180|0x0000000717000000, 0x0000000717100000, 0x0000000717100000|100%| E|CS|TAMS 0x0000000717000000, 0x0000000717000000| Complete 
| 181|0x0000000717100000, 0x0000000717200000, 0x0000000717200000|100%| E|CS|TAMS 0x0000000717100000, 0x0000000717100000| Complete 
| 182|0x0000000717200000, 0x0000000717300000, 0x0000000717300000|100%| E|CS|TAMS 0x0000000717200000, 0x0000000717200000| Complete 
| 183|0x0000000717300000, 0x0000000717400000, 0x0000000717400000|100%| E|CS|TAMS 0x0000000717300000, 0x0000000717300000| Complete 
| 184|0x0000000717400000, 0x0000000717500000, 0x0000000717500000|100%| E|CS|TAMS 0x0000000717400000, 0x0000000717400000| Complete 
| 185|0x0000000717500000, 0x0000000717600000, 0x0000000717600000|100%| E|CS|TAMS 0x0000000717500000, 0x0000000717500000| Complete 
| 186|0x0000000717600000, 0x0000000717700000, 0x0000000717700000|100%| E|CS|TAMS 0x0000000717600000, 0x0000000717600000| Complete 
| 187|0x0000000717700000, 0x0000000717800000, 0x0000000717800000|100%| E|CS|TAMS 0x0000000717700000, 0x0000000717700000| Complete 
| 188|0x0000000717800000, 0x0000000717900000, 0x0000000717900000|100%| E|  |TAMS 0x0000000717800000, 0x0000000717800000| Complete 
| 189|0x0000000717900000, 0x0000000717a00000, 0x0000000717a00000|100%| E|CS|TAMS 0x0000000717900000, 0x0000000717900000| Complete 
| 190|0x0000000717a00000, 0x0000000717b00000, 0x0000000717b00000|100%| E|CS|TAMS 0x0000000717a00000, 0x0000000717a00000| Complete 
| 191|0x0000000717b00000, 0x0000000717c00000, 0x0000000717c00000|100%| E|CS|TAMS 0x0000000717b00000, 0x0000000717b00000| Complete 
| 192|0x0000000717c00000, 0x0000000717d00000, 0x0000000717d00000|100%| E|CS|TAMS 0x0000000717c00000, 0x0000000717c00000| Complete 
| 193|0x0000000717d00000, 0x0000000717e00000, 0x0000000717e00000|100%| E|CS|TAMS 0x0000000717d00000, 0x0000000717d00000| Complete 
| 194|0x0000000717e00000, 0x0000000717f00000, 0x0000000717f00000|100%| E|CS|TAMS 0x0000000717e00000, 0x0000000717e00000| Complete 
| 195|0x0000000717f00000, 0x0000000718000000, 0x0000000718000000|100%| E|CS|TAMS 0x0000000717f00000, 0x0000000717f00000| Complete 
| 196|0x0000000718000000, 0x0000000718100000, 0x0000000718100000|100%| E|CS|TAMS 0x0000000718000000, 0x0000000718000000| Complete 
| 197|0x0000000718100000, 0x0000000718200000, 0x0000000718200000|100%| E|CS|TAMS 0x0000000718100000, 0x0000000718100000| Complete 
| 198|0x0000000718200000, 0x0000000718300000, 0x0000000718300000|100%| E|CS|TAMS 0x0000000718200000, 0x0000000718200000| Complete 
| 199|0x0000000718300000, 0x0000000718400000, 0x0000000718400000|100%| E|CS|TAMS 0x0000000718300000, 0x0000000718300000| Complete 
| 200|0x0000000718400000, 0x0000000718500000, 0x0000000718500000|100%| E|CS|TAMS 0x0000000718400000, 0x0000000718400000| Complete 
| 201|0x0000000718500000, 0x0000000718600000, 0x0000000718600000|100%| E|CS|TAMS 0x0000000718500000, 0x0000000718500000| Complete 
| 202|0x0000000718600000, 0x0000000718700000, 0x0000000718700000|100%| E|CS|TAMS 0x0000000718600000, 0x0000000718600000| Complete 
| 203|0x0000000718700000, 0x0000000718800000, 0x0000000718800000|100%| E|CS|TAMS 0x0000000718700000, 0x0000000718700000| Complete 
| 204|0x0000000718800000, 0x0000000718900000, 0x0000000718900000|100%| E|CS|TAMS 0x0000000718800000, 0x0000000718800000| Complete 
| 205|0x0000000718900000, 0x0000000718a00000, 0x0000000718a00000|100%| E|CS|TAMS 0x0000000718900000, 0x0000000718900000| Complete 
| 206|0x0000000718a00000, 0x0000000718b00000, 0x0000000718b00000|100%| E|CS|TAMS 0x0000000718a00000, 0x0000000718a00000| Complete 
| 207|0x0000000718b00000, 0x0000000718c00000, 0x0000000718c00000|100%| E|CS|TAMS 0x0000000718b00000, 0x0000000718b00000| Complete 
| 208|0x0000000718c00000, 0x0000000718d00000, 0x0000000718d00000|100%| E|CS|TAMS 0x0000000718c00000, 0x0000000718c00000| Complete 
| 209|0x0000000718d00000, 0x0000000718e00000, 0x0000000718e00000|100%| E|CS|TAMS 0x0000000718d00000, 0x0000000718d00000| Complete 
| 210|0x0000000718e00000, 0x0000000718f00000, 0x0000000718f00000|100%| E|CS|TAMS 0x0000000718e00000, 0x0000000718e00000| Complete 
| 211|0x0000000718f00000, 0x0000000719000000, 0x0000000719000000|100%| E|CS|TAMS 0x0000000718f00000, 0x0000000718f00000| Complete 
| 212|0x0000000719000000, 0x0000000719100000, 0x0000000719100000|100%| E|CS|TAMS 0x0000000719000000, 0x0000000719000000| Complete 
| 213|0x0000000719100000, 0x0000000719200000, 0x0000000719200000|100%| E|CS|TAMS 0x0000000719100000, 0x0000000719100000| Complete 
| 214|0x0000000719200000, 0x0000000719300000, 0x0000000719300000|100%| E|CS|TAMS 0x0000000719200000, 0x0000000719200000| Complete 
| 215|0x0000000719300000, 0x0000000719400000, 0x0000000719400000|100%| E|CS|TAMS 0x0000000719300000, 0x0000000719300000| Complete 
| 216|0x0000000719400000, 0x0000000719500000, 0x0000000719500000|100%| E|CS|TAMS 0x0000000719400000, 0x0000000719400000| Complete 
| 217|0x0000000719500000, 0x0000000719600000, 0x0000000719600000|100%| E|CS|TAMS 0x0000000719500000, 0x0000000719500000| Complete 
| 218|0x0000000719600000, 0x0000000719700000, 0x0000000719700000|100%| E|CS|TAMS 0x0000000719600000, 0x0000000719600000| Complete 
| 219|0x0000000719700000, 0x0000000719800000, 0x0000000719800000|100%| E|CS|TAMS 0x0000000719700000, 0x0000000719700000| Complete 
| 220|0x0000000719800000, 0x0000000719900000, 0x0000000719900000|100%| E|CS|TAMS 0x0000000719800000, 0x0000000719800000| Complete 
| 221|0x0000000719900000, 0x0000000719a00000, 0x0000000719a00000|100%| E|CS|TAMS 0x0000000719900000, 0x0000000719900000| Complete 
| 222|0x0000000719a00000, 0x0000000719b00000, 0x0000000719b00000|100%| E|CS|TAMS 0x0000000719a00000, 0x0000000719a00000| Complete 
| 223|0x0000000719b00000, 0x0000000719c00000, 0x0000000719c00000|100%| E|CS|TAMS 0x0000000719b00000, 0x0000000719b00000| Complete 
| 224|0x0000000719c00000, 0x0000000719d00000, 0x0000000719d00000|100%| E|CS|TAMS 0x0000000719c00000, 0x0000000719c00000| Complete 
| 225|0x0000000719d00000, 0x0000000719e00000, 0x0000000719e00000|100%| E|CS|TAMS 0x0000000719d00000, 0x0000000719d00000| Complete 
| 226|0x0000000719e00000, 0x0000000719f00000, 0x0000000719f00000|100%| E|CS|TAMS 0x0000000719e00000, 0x0000000719e00000| Complete 
| 227|0x0000000719f00000, 0x000000071a000000, 0x000000071a000000|100%| E|CS|TAMS 0x0000000719f00000, 0x0000000719f00000| Complete 
| 228|0x000000071a000000, 0x000000071a100000, 0x000000071a100000|100%| E|CS|TAMS 0x000000071a000000, 0x000000071a000000| Complete 
| 229|0x000000071a100000, 0x000000071a200000, 0x000000071a200000|100%| E|CS|TAMS 0x000000071a100000, 0x000000071a100000| Complete 
| 230|0x000000071a200000, 0x000000071a300000, 0x000000071a300000|100%| E|CS|TAMS 0x000000071a200000, 0x000000071a200000| Complete 
| 231|0x000000071a300000, 0x000000071a400000, 0x000000071a400000|100%| E|CS|TAMS 0x000000071a300000, 0x000000071a300000| Complete 
| 232|0x000000071a400000, 0x000000071a500000, 0x000000071a500000|100%| E|CS|TAMS 0x000000071a400000, 0x000000071a400000| Complete 
| 233|0x000000071a500000, 0x000000071a600000, 0x000000071a600000|100%| E|CS|TAMS 0x000000071a500000, 0x000000071a500000| Complete 
| 234|0x000000071a600000, 0x000000071a700000, 0x000000071a700000|100%| E|CS|TAMS 0x000000071a600000, 0x000000071a600000| Complete 
| 235|0x000000071a700000, 0x000000071a800000, 0x000000071a800000|100%| E|CS|TAMS 0x000000071a700000, 0x000000071a700000| Complete 
| 236|0x000000071a800000, 0x000000071a900000, 0x000000071a900000|100%| E|CS|TAMS 0x000000071a800000, 0x000000071a800000| Complete 
| 237|0x000000071a900000, 0x000000071aa00000, 0x000000071aa00000|100%| E|CS|TAMS 0x000000071a900000, 0x000000071a900000| Complete 
| 238|0x000000071aa00000, 0x000000071ab00000, 0x000000071ab00000|100%| E|CS|TAMS 0x000000071aa00000, 0x000000071aa00000| Complete 
| 239|0x000000071ab00000, 0x000000071ac00000, 0x000000071ac00000|100%| E|CS|TAMS 0x000000071ab00000, 0x000000071ab00000| Complete 
| 240|0x000000071ac00000, 0x000000071ad00000, 0x000000071ad00000|100%| E|CS|TAMS 0x000000071ac00000, 0x000000071ac00000| Complete 
| 241|0x000000071ad00000, 0x000000071ae00000, 0x000000071ae00000|100%| E|CS|TAMS 0x000000071ad00000, 0x000000071ad00000| Complete 
| 242|0x000000071ae00000, 0x000000071af00000, 0x000000071af00000|100%| E|CS|TAMS 0x000000071ae00000, 0x000000071ae00000| Complete 
| 243|0x000000071af00000, 0x000000071b000000, 0x000000071b000000|100%| E|CS|TAMS 0x000000071af00000, 0x000000071af00000| Complete 
| 244|0x000000071b000000, 0x000000071b100000, 0x000000071b100000|100%| E|CS|TAMS 0x000000071b000000, 0x000000071b000000| Complete 
| 245|0x000000071b100000, 0x000000071b200000, 0x000000071b200000|100%| E|CS|TAMS 0x000000071b100000, 0x000000071b100000| Complete 
|2882|0x00000007bfe00000, 0x00000007bfe47000, 0x00000007bff00000| 27%|OA|  |TAMS 0x00000007bfe47000, 0x00000007bfe00000| Untracked 
|2883|0x00000007bff00000, 0x00000007bff6b000, 0x00000007c0000000| 41%|CA|  |TAMS 0x00000007bff6b000, 0x00000007bff00000| Untracked 

Card table byte_map: [0x00007f2184360000,0x00007f2184b02000] _byte_map_base: 0x00007f2180b02000

Marking Bits (Prev, Next): (CMBitMap*) 0x00007f218007d4b0, (CMBitMap*) 0x00007f218007d478
 Prev Bits: [0x00007f215c5e0000, 0x00007f21602f0000)
 Next Bits: [0x00007f21602f0000, 0x00007f2164000000)

Polling page: 0x00007f2187732000

Metaspace:

Usage:
  Non-class:     28.43 MB capacity,    27.84 MB ( 98%) used,   483.52 KB (  2%) free+waste,   120.56 KB ( <1%) overhead. 
      Class:      4.26 MB capacity,     3.86 MB ( 90%) used,   357.62 KB (  8%) free+waste,    58.31 KB (  1%) overhead. 
       Both:     32.69 MB capacity,    31.70 MB ( 97%) used,   841.13 KB (  3%) free+waste,   178.88 KB ( <1%) overhead. 

Virtual space:
  Non-class space:       30.00 MB reserved,      28.67 MB ( 96%) committed 
      Class space:        1.00 GB reserved,       4.38 MB ( <1%) committed 
             Both:        1.03 GB reserved,      33.05 MB (  3%) committed 

Chunk freelists:
   Non-Class:  180.00 KB
       Class:  18.00 KB
        Both:  198.00 KB

MaxMetaspaceSize: unlimited
CompressedClassSpaceSize: 1.00 GB
Initial GC threshold: 20.80 MB
Current GC threshold: 35.08 MB
CDS: on

CodeHeap 'non-profiled nmethods': size=120032Kb used=1880Kb max_used=1880Kb free=118151Kb
 bounds [0x00007f217031b000, 0x00007f217058b000, 0x00007f2177853000]
CodeHeap 'profiled nmethods': size=120028Kb used=8289Kb max_used=8289Kb free=111738Kb
 bounds [0x00007f2168de4000, 0x00007f2169604000, 0x00007f217031b000]
CodeHeap 'non-nmethods': size=5700Kb used=1233Kb max_used=1278Kb free=4466Kb
 bounds [0x00007f2168853000, 0x00007f2168ac3000, 0x00007f2168de4000]
 total_blobs=3999 nmethods=3498 adapters=414
 compilation: enabled
              stopped_count=0, restarted_count=0
 full_count=0

Compilation events (20 events):
Event: 2.190 Thread 0x00007f21801e0000 3495       4       org.springframework.core.annotation.TypeMappedAnnotations$MergedAnnotationFinder::doWithAnnotations (75 bytes)
Event: 2.192 Thread 0x00007f21801e2000 3499       3       java.lang.reflect.ProxyGenerator$FieldInfo::write (50 bytes)
Event: 2.193 Thread 0x00007f21801e2000 nmethod 3499 0x00007f21695d6890 code [0x00007f21695d6b80, 0x00007f21695d7b90]
Event: 2.195 Thread 0x00007f21801e2000 3500       3       java.lang.ThreadLocal$ThreadLocalMap::set (136 bytes)
Event: 2.196 Thread 0x00007f21801e2000 nmethod 3500 0x00007f21695d8110 code [0x00007f21695d8380, 0x00007f21695d8fa0]
Event: 2.203 Thread 0x00007f21801e2000 3502   !   3       jdk.internal.loader.AbstractClassLoaderValue::computeIfAbsent (113 bytes)
Event: 2.204 Thread 0x00007f21801e2000 nmethod 3502 0x00007f21695d9390 code [0x00007f21695d9640, 0x00007f21695da6c0]
Event: 2.205 Thread 0x00007f21801e2000 3503   !   3       com.sun.proxy.$Proxy36::annotationType (29 bytes)
Event: 2.205 Thread 0x00007f21801e2000 nmethod 3503 0x00007f21695dac90 code [0x00007f21695dae80, 0x00007f21695db2b0]
Event: 2.205 Thread 0x00007f21801e2000 3504   !   3       org.springframework.util.ConcurrentReferenceHashMap$Segment::restructure (316 bytes)
Event: 2.208 Thread 0x00007f21801e2000 nmethod 3504 0x00007f21695db490 code [0x00007f21695db8a0, 0x00007f21695ddf60]
Event: 2.210 Thread 0x00007f21801e2000 3505       1       org.springframework.core.io.support.PathMatchingResourcePatternResolver::getPathMatcher (5 bytes)
Event: 2.210 Thread 0x00007f21801e2000 nmethod 3505 0x00007f21704f1090 code [0x00007f21704f1240, 0x00007f21704f1310]
Event: 2.210 Thread 0x00007f21801e2000 3506       3       org.springframework.util.StringUtils::delimitedListToStringArray (164 bytes)
Event: 2.212 Thread 0x00007f21801e2000 nmethod 3506 0x00007f21695df110 code [0x00007f21695df580, 0x00007f21695e1c90]
Event: 2.212 Thread 0x00007f21801e2000 3508       3       java.util.zip.ZipFile$Source::getEntryPos (206 bytes)
Event: 2.213 Thread 0x00007f21801e2000 nmethod 3508 0x00007f21695e2990 code [0x00007f21695e2c00, 0x00007f21695e38f0]
Event: 2.215 Thread 0x00007f21801e2000 3509   !   3       java.net.URL::<init> (543 bytes)
Event: 2.220 Thread 0x00007f21801e2000 nmethod 3509 0x00007f21695e3f10 code [0x00007f21695e45e0, 0x00007f21695e8460]
Event: 2.220 Thread 0x00007f21801e2000 3510       3       java.net.URLStreamHandler::parseURL (1201 bytes)

GC Heap History (8 events):
Event: 0.370 GC heap before
{Heap before GC invocations=0 (full 0):
 garbage-first heap   total 253952K, used 26312K [0x000000070bc00000, 0x0000000800000000)
  region size 1024K, 24 young (24576K), 0 survivors (0K)
 Metaspace       used 4972K, capacity 7248K, committed 7552K, reserved 1056768K
  class space    used 581K, capacity 831K, committed 896K, reserved 1048576K
}
Event: 0.375 GC heap after
{Heap after GC invocations=1 (full 0):
 garbage-first heap   total 253952K, used 6726K [0x000000070bc00000, 0x0000000800000000)
  region size 1024K, 3 young (3072K), 3 survivors (3072K)
 Metaspace       used 4972K, capacity 7248K, committed 7552K, reserved 1056768K
  class space    used 581K, capacity 831K, committed 896K, reserved 1048576K
}
Event: 0.630 GC heap before
{Heap before GC invocations=1 (full 0):
 garbage-first heap   total 253952K, used 33350K [0x000000070bc00000, 0x0000000800000000)
  region size 1024K, 29 young (29696K), 3 survivors (3072K)
 Metaspace       used 10225K, capacity 11404K, committed 11520K, reserved 1058816K
  class space    used 1252K, capacity 1459K, committed 1536K, reserved 1048576K
}
Event: 0.635 GC heap after
{Heap after GC invocations=2 (full 0):
 garbage-first heap   total 253952K, used 8054K [0x000000070bc00000, 0x0000000800000000)
  region size 1024K, 2 young (2048K), 2 survivors (2048K)
 Metaspace       used 10225K, capacity 11404K, committed 11520K, reserved 1058816K
  class space    used 1252K, capacity 1459K, committed 1536K, reserved 1048576K
}
Event: 0.856 GC heap before
{Heap before GC invocations=2 (full 0):
 garbage-first heap   total 253952K, used 50038K [0x000000070bc00000, 0x0000000800000000)
  region size 1024K, 44 young (45056K), 2 survivors (2048K)
 Metaspace       used 15176K, capacity 15813K, committed 16000K, reserved 1062912K
  class space    used 1883K, capacity 2108K, committed 2176K, reserved 1048576K
}
Event: 0.858 GC heap after
{Heap after GC invocations=3 (full 0):
 garbage-first heap   total 253952K, used 9324K [0x000000070bc00000, 0x0000000800000000)
  region size 1024K, 3 young (3072K), 3 survivors (3072K)
 Metaspace       used 15176K, capacity 15813K, committed 16000K, reserved 1062912K
  class space    used 1883K, capacity 2108K, committed 2176K, reserved 1048576K
}
Event: 1.439 GC heap before
{Heap before GC invocations=3 (full 0):
 garbage-first heap   total 253952K, used 77932K [0x000000070bc00000, 0x0000000800000000)
  region size 1024K, 72 young (73728K), 3 survivors (3072K)
 Metaspace       used 20443K, capacity 21172K, committed 21296K, reserved 1067008K
  class space    used 2539K, capacity 2854K, committed 2944K, reserved 1048576K
}
Event: 1.445 GC heap after
{Heap after GC invocations=4 (full 0):
 garbage-first heap   total 253952K, used 11431K [0x000000070bc00000, 0x0000000800000000)
  region size 1024K, 5 young (5120K), 5 survivors (5120K)
 Metaspace       used 20443K, capacity 21172K, committed 21296K, reserved 1067008K
  class space    used 2539K, capacity 2854K, committed 2944K, reserved 1048576K
}

Deoptimization events (20 events):
Event: 2.107 Thread 0x00007f2180019000 DEOPT PACKING pc=0x00007f216957aedd sp=0x00007f2185ef7570
Event: 2.107 Thread 0x00007f2180019000 DEOPT UNPACKING pc=0x00007f216889c9fa sp=0x00007f2185ef6a70 mode 0
Event: 2.107 Thread 0x00007f2180019000 DEOPT PACKING pc=0x00007f216957af61 sp=0x00007f2185ef7570
Event: 2.107 Thread 0x00007f2180019000 DEOPT UNPACKING pc=0x00007f216889c9fa sp=0x00007f2185ef6a70 mode 0
Event: 2.132 Thread 0x00007f2180019000 Uncommon trap: trap_request=0xffffff4d fr.pc=0x00007f21703aa060 relative=0x00000000000003e0
Event: 2.132 Thread 0x00007f2180019000 Uncommon trap: reason=unstable_if action=reinterpret pc=0x00007f21703aa060 method=org.springframework.boot.context.properties.source.ConfigurationPropertyName.getElement(ILorg/springframework/boot/context/properties/source/ConfigurationPropertyName$Form;)
Event: 2.132 Thread 0x00007f2180019000 DEOPT PACKING pc=0x00007f21703aa060 sp=0x00007f2185ef63c0
Event: 2.132 Thread 0x00007f2180019000 DEOPT UNPACKING pc=0x00007f216885b2a5 sp=0x00007f2185ef63a0 mode 2
Event: 2.211 Thread 0x00007f2180019000 Uncommon trap: trap_request=0xffffff4d fr.pc=0x00007f21704d0fac relative=0x0000000000000a4c
Event: 2.211 Thread 0x00007f2180019000 Uncommon trap: reason=unstable_if action=reinterpret pc=0x00007f21704d0fac method=java.util.zip.ZipFile$Source.getEntryPos([BZ)I @ 145 c2
Event: 2.211 Thread 0x00007f2180019000 DEOPT PACKING pc=0x00007f21704d0fac sp=0x00007f2185ef86e0
Event: 2.211 Thread 0x00007f2180019000 DEOPT UNPACKING pc=0x00007f216885b2a5 sp=0x00007f2185ef8688 mode 2
Event: 2.211 Thread 0x00007f2180019000 Uncommon trap: trap_request=0xffffff4d fr.pc=0x00007f21704d6860 relative=0x0000000000001ee0
Event: 2.211 Thread 0x00007f2180019000 Uncommon trap: reason=unstable_if action=reinterpret pc=0x00007f21704d6860 method=java.net.URL.<init>(Ljava/net/URL;Ljava/lang/String;Ljava/net/URLStreamHandler;)V @ 57 c2
Event: 2.211 Thread 0x00007f2180019000 DEOPT PACKING pc=0x00007f21704d6860 sp=0x00007f2185ef8720
Event: 2.211 Thread 0x00007f2180019000 DEOPT UNPACKING pc=0x00007f216885b2a5 sp=0x00007f2185ef86e0 mode 2
Event: 2.211 Thread 0x00007f2180019000 Uncommon trap: trap_request=0xffffff4d fr.pc=0x00007f21704ada6c relative=0x0000000000002f8c
Event: 2.211 Thread 0x00007f2180019000 Uncommon trap: reason=unstable_if action=reinterpret pc=0x00007f21704ada6c method=java.net.URLStreamHandler.parseURL(Ljava/net/URL;Ljava/lang/String;II)V @ 57 c2
Event: 2.211 Thread 0x00007f2180019000 DEOPT PACKING pc=0x00007f21704ada6c sp=0x00007f2185ef85d0
Event: 2.211 Thread 0x00007f2180019000 DEOPT UNPACKING pc=0x00007f216885b2a5 sp=0x00007f2185ef8590 mode 2

Classes redefined (0 events):
No events

Internal exceptions (20 events):
Event: 1.493 Thread 0x00007f2180019000 Exception <a 'java/lang/ClassNotFoundException'{0x000000071ad38ed8}: org/springframework/aop/framework/AopInfrastructureBeanCustomizer> (0x000000071ad38ed8) thrown at [src/hotspot/share/classfile/systemDictionary.cpp, line 231]
Event: 1.541 Thread 0x00007f2180019000 Exception <a 'java/lang/ClassNotFoundException'{0x000000071aa97160}: java/lang/ObjectCustomizer> (0x000000071aa97160) thrown at [src/hotspot/share/classfile/systemDictionary.cpp, line 231]
Event: 1.541 Thread 0x00007f2180019000 Exception <a 'java/lang/ClassNotFoundException'{0x000000071aaaabb8}: org/springframework/transaction/annotation/AbstractTransactionManagementConfigurationCustomizer> (0x000000071aaaabb8) thrown at [src/hotspot/share/classfile/systemDictionary.cpp, line 231]
Event: 1.541 Thread 0x00007f2180019000 Exception <a 'java/lang/ClassNotFoundException'{0x000000071aabd660}: org/springframework/transaction/annotation/ProxyTransactionManagementConfigurationCustomizer> (0x000000071aabd660) thrown at [src/hotspot/share/classfile/systemDictionary.cpp, line 231]
Event: 1.542 Thread 0x00007f2180019000 Exception <a 'java/lang/ClassNotFoundException'{0x000000071aace7d0}: org/springframework/context/annotation/ImportAwareCustomizer> (0x000000071aace7d0) thrown at [src/hotspot/share/classfile/systemDictionary.cpp, line 231]
Event: 1.542 Thread 0x00007f2180019000 Exception <a 'java/lang/ClassNotFoundException'{0x000000071aadb698}: org/springframework/beans/factory/AwareCustomizer> (0x000000071aadb698) thrown at [src/hotspot/share/classfile/systemDictionary.cpp, line 231]
Event: 1.566 Thread 0x00007f2180019000 Exception <a 'java/lang/NoSuchMethodError'{0x000000071a8d8d38}: 'java.lang.Object java.lang.invoke.DirectMethodHandle$Holder.invokeSpecialIFC(java.lang.Object, java.lang.Object, java.lang.Object)'> (0x000000071a8d8d38) thrown at [src/hotspot/share/interpreter/linkResolver.cpp, line 772]
Event: 1.579 Thread 0x00007f2180019000 Implicit null exception at 0x00007f21703e7c4f to 0x00007f21703e8e4c
Event: 1.585 Thread 0x00007f2180019000 Exception <a 'java/lang/NoSuchMethodError'{0x000000071a684d28}: 'int java.lang.invoke.DirectMethodHandle$Holder.invokeSpecial(java.lang.Object, java.lang.Object, java.lang.Object, java.lang.Object, java.lang.Object)'> (0x000000071a684d28) thrown at [src/hotspot/share/interpreter/linkResolver.cpp, line 772]
Event: 1.623 Thread 0x00007f2180019000 Exception <a 'java/lang/NoSuchMethodError'{0x000000071a35f060}: 'void java.lang.invoke.DirectMethodHandle$Holder.invokeInterface(java.lang.Object, java.lang.Object, int)'> (0x000000071a35f060) thrown at [src/hotspot/share/interpreter/linkResolver.cpp, line 772]
Event: 1.628 Thread 0x00007f2180019000 Exception <a 'java/lang/IncompatibleClassChangeError'{0x000000071a3aaa20}: Found class java.lang.Object, but interface was expected> (0x000000071a3aaa20) thrown at [src/hotspot/share/interpreter/linkResolver.cpp, line 839]
Event: 1.628 Thread 0x00007f2180019000 Exception <a 'java/lang/NoSuchMethodError'{0x000000071a3af8c8}: 'void java.lang.invoke.DirectMethodHandle$Holder.invokeStatic(java.lang.Object, int, java.lang.Object)'> (0x000000071a3af8c8) thrown at [src/hotspot/share/interpreter/linkResolver.cpp, line 772]
Event: 1.798 Thread 0x00007f2180019000 Implicit null exception at 0x00007f21703c5098 to 0x00007f21703c6dd4
Event: 1.833 Thread 0x00007f2180019000 Exception <a 'java/io/FileNotFoundException'{0x0000000716b070e8}> (0x0000000716b070e8) thrown at [src/hotspot/share/prims/jni.cpp, line 616]
Event: 1.833 Thread 0x00007f2180019000 Exception <a 'java/io/FileNotFoundException'{0x0000000716b08600}> (0x0000000716b08600) thrown at [src/hotspot/share/prims/jni.cpp, line 616]
Event: 1.849 Thread 0x00007f2180019000 Exception <a 'java/lang/NoSuchMethodError'{0x0000000716aefb10}: 'int java.lang.invoke.DirectMethodHandle$Holder.invokeInterface(java.lang.Object, java.lang.Object, java.lang.Object, java.lang.Object)'> (0x0000000716aefb10) thrown at [src/hotspot/share/interpreter/linkResolver.cpp, line 772]
Event: 1.858 Thread 0x00007f2180019000 Implicit null exception at 0x00007f217044c7da to 0x00007f217044c9e8
Event: 1.877 Thread 0x00007f2180019000 Exception <a 'java/lang/NoSuchMethodError'{0x000000071620aa60}: 'void java.lang.invoke.DirectMethodHandle$Holder.invokeVirtual(java.lang.Object, java.lang.Object, java.lang.Object, java.lang.Object)'> (0x000000071620aa60) thrown at [src/hotspot/share/interpreter/linkResolver.cpp, line 772]
Event: 2.077 Thread 0x00007f2180019000 Exception <a 'java/lang/NoSuchMethodError'{0x00000007153f3d20}: 'java.lang.Object java.lang.invoke.DirectMethodHandle$Holder.invokeStaticInit(java.lang.Object, java.lang.Object, java.lang.Object, java.lang.Object)'> (0x00000007153f3d20) thrown at [src/hotspot/share/interpreter/linkResolver.cpp, line 772]
Event: 2.113 Thread 0x00007f2180019000 Exception <a 'java/io/FileNotFoundException'{0x00000007150e4140}> (0x00000007150e4140) thrown at [src/hotspot/share/prims/jni.cpp, line 616]

Events (20 events):
Event: 2.219 loading class org/hibernate/boot/archive/scan/spi/ScanOptions
Event: 2.219 loading class org/hibernate/boot/archive/scan/spi/ScanOptions done
Event: 2.219 loading class org/hibernate/proxy/EntityNotFoundDelegate
Event: 2.219 loading class org/hibernate/proxy/EntityNotFoundDelegate done
Event: 2.219 loading class org/hibernate/internal/HEMLogging
Event: 2.219 loading class org/hibernate/internal/HEMLogging done
Event: 2.219 loading class org/hibernate/internal/EntityManagerMessageLogger
Event: 2.219 loading class org/hibernate/internal/EntityManagerMessageLogger done
Event: 2.220 loading class org/hibernate/internal/CoreMessageLogger
Event: 2.220 loading class org/hibernate/internal/CoreMessageLogger done
Event: 2.222 loading class org/jboss/logging/LoggingLocale
Event: 2.222 loading class org/jboss/logging/LoggingLocale done
Event: 2.223 loading class org/hibernate/internal/EntityManagerMessageLogger_$logger_ko_KR
Event: 2.223 loading class org/hibernate/internal/EntityManagerMessageLogger_$logger_ko_KR done
Event: 2.223 loading class org/hibernate/internal/EntityManagerMessageLogger_$logger_ko
Event: 2.223 loading class org/hibernate/internal/EntityManagerMessageLogger_$logger_ko done
Event: 2.223 loading class org/hibernate/internal/EntityManagerMessageLogger_$logger
Event: 2.223 loading class org/hibernate/internal/EntityManagerMessageLogger_$logger done
Event: 2.227 loading class org/jboss/logging/DelegatingBasicLogger
Event: 2.227 loading class org/jboss/logging/DelegatingBasicLogger done


Dynamic libraries:
70bc00000-71b200000 rw-p 00000000 00:00 0 
71b200000-7bfe00000 ---p 00000000 00:00 0 
7bfe00000-7bfe47000 rw-p 01114000 103:0a 1703095                         /usr/lib/jvm/java-11-openjdk-amd64/lib/server/classes.jsa
7bfe47000-7bff00000 rw-p 00000000 00:00 0 
7bff00000-7bff6b000 rw-p 010a9000 103:0a 1703095                         /usr/lib/jvm/java-11-openjdk-amd64/lib/server/classes.jsa
7bff6b000-7c0000000 rw-p 00000000 00:00 0 
7c0000000-800000000 ---p 00000000 00:00 0 
800000000-800002000 rwxp 00001000 103:0a 1703095                         /usr/lib/jvm/java-11-openjdk-amd64/lib/server/classes.jsa
800002000-8003b7000 rw-p 00003000 103:0a 1703095                         /usr/lib/jvm/java-11-openjdk-amd64/lib/server/classes.jsa
8003b7000-800a97000 r--p 003b8000 103:0a 1703095                         /usr/lib/jvm/java-11-openjdk-amd64/lib/server/classes.jsa
800a97000-800a98000 rw-p 00a98000 103:0a 1703095                         /usr/lib/jvm/java-11-openjdk-amd64/lib/server/classes.jsa
800a98000-8010a8000 r--p 00a99000 103:0a 1703095                         /usr/lib/jvm/java-11-openjdk-amd64/lib/server/classes.jsa
840000000-840460000 rw-p 00000000 00:00 0 
840460000-880000000 ---p 00000000 00:00 0 
55dd0e121000-55dd0e122000 r--p 00000000 103:0a 1710924                   /usr/lib/jvm/java-11-openjdk-amd64/bin/java
55dd0e122000-55dd0e123000 r-xp 00001000 103:0a 1710924                   /usr/lib/jvm/java-11-openjdk-amd64/bin/java
55dd0e123000-55dd0e124000 r--p 00002000 103:0a 1710924                   /usr/lib/jvm/java-11-openjdk-amd64/bin/java
55dd0e124000-55dd0e125000 r--p 00002000 103:0a 1710924                   /usr/lib/jvm/java-11-openjdk-amd64/bin/java
55dd0e125000-55dd0e126000 rw-p 00003000 103:0a 1710924                   /usr/lib/jvm/java-11-openjdk-amd64/bin/java
55dd0eabc000-55dd0eadd000 rw-p 00000000 00:00 0                          [heap]
7f20e8000000-7f20e8021000 rw-p 00000000 00:00 0 
7f20e8021000-7f20ec000000 ---p 00000000 00:00 0 
7f20f0000000-7f20f0021000 rw-p 00000000 00:00 0 
7f20f0021000-7f20f4000000 ---p 00000000 00:00 0 
7f20f4000000-7f20f4021000 rw-p 00000000 00:00 0 
7f20f4021000-7f20f8000000 ---p 00000000 00:00 0 
7f20f8000000-7f20f8021000 rw-p 00000000 00:00 0 
7f20f8021000-7f20fc000000 ---p 00000000 00:00 0 
7f20fc000000-7f20fc021000 rw-p 00000000 00:00 0 
7f20fc021000-7f2100000000 ---p 00000000 00:00 0 
7f2100000000-7f2100021000 rw-p 00000000 00:00 0 
7f2100021000-7f2104000000 ---p 00000000 00:00 0 
7f2104000000-7f2104273000 rw-p 00000000 00:00 0 
7f2104273000-7f2108000000 ---p 00000000 00:00 0 
7f2108000000-7f2108021000 rw-p 00000000 00:00 0 
7f2108021000-7f210c000000 ---p 00000000 00:00 0 
7f210c000000-7f210c021000 rw-p 00000000 00:00 0 
7f210c021000-7f2110000000 ---p 00000000 00:00 0 
7f2110000000-7f2110021000 rw-p 00000000 00:00 0 
7f2110021000-7f2114000000 ---p 00000000 00:00 0 
7f2114000000-7f21152f1000 rw-p 00000000 00:00 0 
7f21152f1000-7f2118000000 ---p 00000000 00:00 0 
7f2119ff1000-7f211a0b1000 rw-p 00000000 00:00 0 
7f211a0b1000-7f211a1f1000 ---p 00000000 00:00 0 
7f211a1f1000-7f211a1f5000 ---p 00000000 00:00 0 
7f211a1f5000-7f211a2f2000 rw-p 00000000 00:00 0 
7f211a2f2000-7f211a2f6000 ---p 00000000 00:00 0 
7f211a2f6000-7f211a3f3000 rw-p 00000000 00:00 0 
7f211a3f3000-7f211a3f7000 ---p 00000000 00:00 0 
7f211a3f7000-7f211a4f4000 rw-p 00000000 00:00 0 
7f211a4f4000-7f211a4f8000 ---p 00000000 00:00 0 
7f211a4f8000-7f211a7f5000 rw-p 00000000 00:00 0 
7f211a7f5000-7f211a9f5000 rw-p 00000000 00:00 0 
7f211a9f5000-7f211abf5000 rw-p 00000000 00:00 0 
7f211abf5000-7f211adf5000 rw-p 00000000 00:00 0 
7f211adf5000-7f211adf6000 ---p 00000000 00:00 0 
7f211adf6000-7f211b0f7000 rw-p 00000000 00:00 0 
7f211b0f7000-7f211b2e3000 rw-p 00000000 00:00 0 
7f211b2e3000-7f211b2f7000 ---p 00000000 00:00 0 
7f211b2f7000-7f211b4f7000 rw-p 00000000 00:00 0 
7f211b4f7000-7f211b6f7000 rw-p 00000000 00:00 0 
7f211b6f7000-7f211b8f7000 rw-p 00000000 00:00 0 
7f211b8f7000-7f211baf7000 rw-p 00000000 00:00 0 
7f211baf7000-7f211bafb000 ---p 00000000 00:00 0 
7f211bafb000-7f211bbf8000 rw-p 00000000 00:00 0 
7f211bbf8000-7f211bbf9000 ---p 00000000 00:00 0 
7f211bbf9000-7f211bcfa000 rw-p 00000000 00:00 0 
7f211bcfa000-7f211bcfb000 ---p 00000000 00:00 0 
7f211bcfb000-7f211bdfc000 rw-p 00000000 00:00 0 
7f211bdfc000-7f211bdfd000 ---p 00000000 00:00 0 
7f211bdfd000-7f211befe000 rw-p 00000000 00:00 0 
7f211befe000-7f211beff000 ---p 00000000 00:00 0 
7f211beff000-7f211c000000 rw-p 00000000 00:00 0 
7f211c000000-7f211c021000 rw-p 00000000 00:00 0 
7f211c021000-7f2120000000 ---p 00000000 00:00 0 
7f2120000000-7f2120fd4000 rw-p 00000000 00:00 0 
7f2120fd4000-7f2124000000 ---p 00000000 00:00 0 
7f2124000000-7f2124021000 rw-p 00000000 00:00 0 
7f2124021000-7f2128000000 ---p 00000000 00:00 0 
7f2128000000-7f2128021000 rw-p 00000000 00:00 0 
7f2128021000-7f212c000000 ---p 00000000 00:00 0 
7f212c000000-7f212d2c9000 rw-p 00000000 00:00 0 
7f212d2c9000-7f2130000000 ---p 00000000 00:00 0 
7f2130000000-7f213090b000 rw-p 00000000 00:00 0 
7f213090b000-7f2134000000 ---p 00000000 00:00 0 
7f2134000000-7f2134021000 rw-p 00000000 00:00 0 
7f2134021000-7f2138000000 ---p 00000000 00:00 0 
7f2138000000-7f2138021000 rw-p 00000000 00:00 0 
7f2138021000-7f213c000000 ---p 00000000 00:00 0 
7f213c000000-7f213c021000 rw-p 00000000 00:00 0 
7f213c021000-7f2140000000 ---p 00000000 00:00 0 
7f2140000000-7f2140021000 rw-p 00000000 00:00 0 
7f2140021000-7f2144000000 ---p 00000000 00:00 0 
7f2144000000-7f2144021000 rw-p 00000000 00:00 0 
7f2144021000-7f2148000000 ---p 00000000 00:00 0 
7f2148000000-7f2148032000 rw-p 00000000 00:00 0 
7f2148032000-7f214c000000 ---p 00000000 00:00 0 
7f214c000000-7f214c021000 rw-p 00000000 00:00 0 
7f214c021000-7f2150000000 ---p 00000000 00:00 0 
7f2150000000-7f2150021000 rw-p 00000000 00:00 0 
7f2150021000-7f2154000000 ---p 00000000 00:00 0 
7f2154036000-7f215403a000 ---p 00000000 00:00 0 
7f215403a000-7f2154137000 rw-p 00000000 00:00 0 
7f2154137000-7f215413b000 ---p 00000000 00:00 0 
7f215413b000-7f2154238000 rw-p 00000000 00:00 0 
7f2154238000-7f215423c000 ---p 00000000 00:00 0 
7f215423c000-7f2154339000 rw-p 00000000 00:00 0 
7f2154339000-7f215433a000 ---p 00000000 00:00 0 
7f215433a000-7f215443b000 rw-p 00000000 00:00 0 
7f215443b000-7f215443f000 ---p 00000000 00:00 0 
7f215443f000-7f215453c000 rw-p 00000000 00:00 0 
7f215453c000-7f2154540000 ---p 00000000 00:00 0 
7f2154540000-7f215463d000 rw-p 00000000 00:00 0 
7f215463d000-7f2154641000 ---p 00000000 00:00 0 
7f2154641000-7f215473e000 rw-p 00000000 00:00 0 
7f215473e000-7f2154742000 ---p 00000000 00:00 0 
7f2154742000-7f215483f000 rw-p 00000000 00:00 0 
7f215483f000-7f2154843000 ---p 00000000 00:00 0 
7f2154843000-7f2154940000 rw-p 00000000 00:00 0 
7f2154940000-7f2154ff5000 r--p 00000000 103:0a 1700630                   /usr/lib/locale/locale-archive
7f2154ff5000-7f2154ff9000 ---p 00000000 00:00 0 
7f2154ff9000-7f21550f6000 rw-p 00000000 00:00 0 
7f21550f6000-7f21550fa000 ---p 00000000 00:00 0 
7f21550fa000-7f21551f7000 rw-p 00000000 00:00 0 
7f21551f7000-7f21551f8000 ---p 00000000 00:00 0 
7f21551f8000-7f2155af9000 rw-p 00000000 00:00 0 
7f2155af9000-7f2155afa000 ---p 00000000 00:00 0 
7f2155afa000-7f2155bfb000 rw-p 00000000 00:00 0 
7f2155bfb000-7f2155bfc000 ---p 00000000 00:00 0 
7f2155bfc000-7f2158000000 rw-p 00000000 00:00 0 
7f2158000000-7f2158021000 rw-p 00000000 00:00 0 
7f2158021000-7f215c000000 ---p 00000000 00:00 0 
7f215c029000-7f215c9b8000 rw-p 00000000 00:00 0 
7f215c9b8000-7f215f2e8000 ---p 00000000 00:00 0 
7f215f2e8000-7f215f2f0000 rw-p 00000000 00:00 0 
7f215f2f0000-7f21602f0000 ---p 00000000 00:00 0 
7f21602f0000-7f21606c8000 rw-p 00000000 00:00 0 
7f21606c8000-7f2162ff8000 ---p 00000000 00:00 0 
7f2162ff8000-7f2163000000 rw-p 00000000 00:00 0 
7f2163000000-7f2164000000 ---p 00000000 00:00 0 
7f2164000000-7f2164021000 rw-p 00000000 00:00 0 
7f2164021000-7f2168000000 ---p 00000000 00:00 0 
7f216800c000-7f216800e000 r--p 00000000 103:0a 1710990                   /usr/lib/jvm/java-11-openjdk-amd64/lib/libmanagement_ext.so
7f216800e000-7f2168011000 r-xp 00002000 103:0a 1710990                   /usr/lib/jvm/java-11-openjdk-amd64/lib/libmanagement_ext.so
7f2168011000-7f2168013000 r--p 00005000 103:0a 1710990                   /usr/lib/jvm/java-11-openjdk-amd64/lib/libmanagement_ext.so
7f2168013000-7f2168014000 r--p 00006000 103:0a 1710990                   /usr/lib/jvm/java-11-openjdk-amd64/lib/libmanagement_ext.so
7f2168014000-7f2168015000 rw-p 00007000 103:0a 1710990                   /usr/lib/jvm/java-11-openjdk-amd64/lib/libmanagement_ext.so
7f2168015000-7f2168019000 r--p 00000000 103:0a 1710992                   /usr/lib/jvm/java-11-openjdk-amd64/lib/libnet.so
7f2168019000-7f2168028000 r-xp 00004000 103:0a 1710992                   /usr/lib/jvm/java-11-openjdk-amd64/lib/libnet.so
7f2168028000-7f216802c000 r--p 00013000 103:0a 1710992                   /usr/lib/jvm/java-11-openjdk-amd64/lib/libnet.so
7f216802c000-7f216802d000 r--p 00016000 103:0a 1710992                   /usr/lib/jvm/java-11-openjdk-amd64/lib/libnet.so
7f216802d000-7f216802e000 rw-p 00017000 103:0a 1710992                   /usr/lib/jvm/java-11-openjdk-amd64/lib/libnet.so
7f216802e000-7f216812c000 rw-p 00000000 00:00 0 
7f216812c000-7f2168652000 ---p 00000000 00:00 0 
7f2168652000-7f2168653000 rw-p 00000000 00:00 0 
7f2168653000-7f2168853000 ---p 00000000 00:00 0 
7f2168853000-7f2168ac3000 rwxp 00000000 00:00 0 
7f2168ac3000-7f2168de4000 ---p 00000000 00:00 0 
7f2168de4000-7f2169604000 rwxp 00000000 00:00 0 
7f2169604000-7f217031b000 ---p 00000000 00:00 0 
7f217031b000-7f217058b000 rwxp 00000000 00:00 0 
7f217058b000-7f2177853000 ---p 00000000 00:00 0 
7f2177853000-7f2180000000 r--s 00000000 103:0a 1711002                   /usr/lib/jvm/java-11-openjdk-amd64/lib/modules
7f2180000000-7f2181279000 rw-p 00000000 00:00 0 
7f2181279000-7f2184000000 ---p 00000000 00:00 0 
7f2184003000-7f2184006000 r--p 00000000 103:0a 1710988                   /usr/lib/jvm/java-11-openjdk-amd64/lib/libmanagement.so
7f2184006000-7f2184007000 r-xp 00003000 103:0a 1710988                   /usr/lib/jvm/java-11-openjdk-amd64/lib/libmanagement.so
7f2184007000-7f2184008000 r--p 00004000 103:0a 1710988                   /usr/lib/jvm/java-11-openjdk-amd64/lib/libmanagement.so
7f2184008000-7f2184009000 r--p 00004000 103:0a 1710988                   /usr/lib/jvm/java-11-openjdk-amd64/lib/libmanagement.so
7f2184009000-7f218400a000 rw-p 00005000 103:0a 1710988                   /usr/lib/jvm/java-11-openjdk-amd64/lib/libmanagement.so
7f218400a000-7f2184011000 r--p 00000000 103:0a 1710993                   /usr/lib/jvm/java-11-openjdk-amd64/lib/libnio.so
7f2184011000-7f2184019000 r-xp 00007000 103:0a 1710993                   /usr/lib/jvm/java-11-openjdk-amd64/lib/libnio.so
7f2184019000-7f218401c000 r--p 0000f000 103:0a 1710993                   /usr/lib/jvm/java-11-openjdk-amd64/lib/libnio.so
7f218401c000-7f218401d000 r--p 00011000 103:0a 1710993                   /usr/lib/jvm/java-11-openjdk-amd64/lib/libnio.so
7f218401d000-7f218401e000 rw-p 00012000 103:0a 1710993                   /usr/lib/jvm/java-11-openjdk-amd64/lib/libnio.so
7f218401e000-7f2184060000 rw-p 00000000 00:00 0 
7f2184060000-7f2184061000 ---p 00000000 00:00 0 
7f2184061000-7f2184162000 rw-p 00000000 00:00 0 
7f2184162000-7f2184163000 ---p 00000000 00:00 0 
7f2184163000-7f21843db000 rw-p 00000000 00:00 0 
7f21843db000-7f2184901000 ---p 00000000 00:00 0 
7f2184901000-7f2184902000 rw-p 00000000 00:00 0 
7f2184902000-7f2184b02000 ---p 00000000 00:00 0 
7f2184b02000-7f2184b7d000 rw-p 00000000 00:00 0 
7f2184b7d000-7f21850a3000 ---p 00000000 00:00 0 
7f21850a3000-7f21850a4000 rw-p 00000000 00:00 0 
7f21850a4000-7f21852a4000 ---p 00000000 00:00 0 
7f21852a4000-7f2185aac000 rw-p 00000000 00:00 0 
7f2185aac000-7f2185aad000 ---p 00000000 00:00 0 
7f2185aad000-7f2185bb3000 rw-p 00000000 00:00 0 
7f2185bb3000-7f2185c99000 ---p 00000000 00:00 0 
7f2185c99000-7f2185caa000 rw-p 00000000 00:00 0 
7f2185caa000-7f2185d84000 ---p 00000000 00:00 0 
7f2185d84000-7f2185d89000 rw-p 00000000 00:00 0 
7f2185d89000-7f2185d90000 ---p 00000000 00:00 0 
7f2185d90000-7f2185d93000 r--p 00000000 103:0a 1707575                   /usr/lib/x86_64-linux-gnu/libnss_files-2.31.so
7f2185d93000-7f2185d9a000 r-xp 00003000 103:0a 1707575                   /usr/lib/x86_64-linux-gnu/libnss_files-2.31.so
7f2185d9a000-7f2185d9c000 r--p 0000a000 103:0a 1707575                   /usr/lib/x86_64-linux-gnu/libnss_files-2.31.so
7f2185d9c000-7f2185d9d000 r--p 0000b000 103:0a 1707575                   /usr/lib/x86_64-linux-gnu/libnss_files-2.31.so
7f2185d9d000-7f2185d9e000 rw-p 0000c000 103:0a 1707575                   /usr/lib/x86_64-linux-gnu/libnss_files-2.31.so
7f2185d9e000-7f2185da4000 rw-p 00000000 00:00 0 
7f2185da4000-7f2185da6000 r--s 0000c000 103:0a 578984                    /usr/share/java/java-atk-wrapper.jar
7f2185da6000-7f2185da8000 r--p 00000000 103:0a 1711001                   /usr/lib/jvm/java-11-openjdk-amd64/lib/libzip.so
7f2185da8000-7f2185dac000 r-xp 00002000 103:0a 1711001                   /usr/lib/jvm/java-11-openjdk-amd64/lib/libzip.so
7f2185dac000-7f2185dae000 r--p 00006000 103:0a 1711001                   /usr/lib/jvm/java-11-openjdk-amd64/lib/libzip.so
7f2185dae000-7f2185daf000 r--p 00007000 103:0a 1711001                   /usr/lib/jvm/java-11-openjdk-amd64/lib/libzip.so
7f2185daf000-7f2185db0000 rw-p 00008000 103:0a 1711001                   /usr/lib/jvm/java-11-openjdk-amd64/lib/libzip.so
7f2185db0000-7f2185db8000 rw-s 00000000 103:0a 1316448                   /tmp/hsperfdata_haneul/4227
7f2185db8000-7f2185dba000 r--p 00000000 103:0a 1710984                   /usr/lib/jvm/java-11-openjdk-amd64/lib/libjimage.so
7f2185dba000-7f2185dbd000 r-xp 00002000 103:0a 1710984                   /usr/lib/jvm/java-11-openjdk-amd64/lib/libjimage.so
7f2185dbd000-7f2185dbe000 r--p 00005000 103:0a 1710984                   /usr/lib/jvm/java-11-openjdk-amd64/lib/libjimage.so
7f2185dbe000-7f2185dbf000 ---p 00006000 103:0a 1710984                   /usr/lib/jvm/java-11-openjdk-amd64/lib/libjimage.so
7f2185dbf000-7f2185dc0000 r--p 00006000 103:0a 1710984                   /usr/lib/jvm/java-11-openjdk-amd64/lib/libjimage.so
7f2185dc0000-7f2185dc1000 rw-p 00007000 103:0a 1710984                   /usr/lib/jvm/java-11-openjdk-amd64/lib/libjimage.so
7f2185dc1000-7f2185dcf000 r--p 00000000 103:0a 1710981                   /usr/lib/jvm/java-11-openjdk-amd64/lib/libjava.so
7f2185dcf000-7f2185de5000 r-xp 0000e000 103:0a 1710981                   /usr/lib/jvm/java-11-openjdk-amd64/lib/libjava.so
7f2185de5000-7f2185dec000 r--p 00024000 103:0a 1710981                   /usr/lib/jvm/java-11-openjdk-amd64/lib/libjava.so
7f2185dec000-7f2185ded000 r--p 0002a000 103:0a 1710981                   /usr/lib/jvm/java-11-openjdk-amd64/lib/libjava.so
7f2185ded000-7f2185dee000 rw-p 0002b000 103:0a 1710981                   /usr/lib/jvm/java-11-openjdk-amd64/lib/libjava.so
7f2185dee000-7f2185def000 rw-p 00000000 00:00 0 
7f2185def000-7f2185df2000 r--p 00000000 103:0a 1707582                   /usr/lib/x86_64-linux-gnu/librt-2.31.so
7f2185df2000-7f2185df6000 r-xp 00003000 103:0a 1707582                   /usr/lib/x86_64-linux-gnu/librt-2.31.so
7f2185df6000-7f2185df7000 r--p 00007000 103:0a 1707582                   /usr/lib/x86_64-linux-gnu/librt-2.31.so
7f2185df7000-7f2185df8000 ---p 00008000 103:0a 1707582                   /usr/lib/x86_64-linux-gnu/librt-2.31.so
7f2185df8000-7f2185df9000 r--p 00008000 103:0a 1707582                   /usr/lib/x86_64-linux-gnu/librt-2.31.so
7f2185df9000-7f2185dfa000 rw-p 00009000 103:0a 1707582                   /usr/lib/x86_64-linux-gnu/librt-2.31.so
7f2185dfa000-7f2185dfe000 ---p 00000000 00:00 0 
7f2185dfe000-7f2185efb000 rw-p 00000000 00:00 0 
7f2185efb000-7f2185efe000 r--p 00000000 103:0a 1711787                   /usr/lib/x86_64-linux-gnu/libgcc_s.so.1
7f2185efe000-7f2185f10000 r-xp 00003000 103:0a 1711787                   /usr/lib/x86_64-linux-gnu/libgcc_s.so.1
7f2185f10000-7f2185f14000 r--p 00015000 103:0a 1711787                   /usr/lib/x86_64-linux-gnu/libgcc_s.so.1
7f2185f14000-7f2185f15000 r--p 00018000 103:0a 1711787                   /usr/lib/x86_64-linux-gnu/libgcc_s.so.1
7f2185f15000-7f2185f16000 rw-p 00019000 103:0a 1711787                   /usr/lib/x86_64-linux-gnu/libgcc_s.so.1
7f2185f16000-7f2185f25000 r--p 00000000 103:0a 1706622                   /usr/lib/x86_64-linux-gnu/libm-2.31.so
7f2185f25000-7f2185fcc000 r-xp 0000f000 103:0a 1706622                   /usr/lib/x86_64-linux-gnu/libm-2.31.so
7f2185fcc000-7f2186063000 r--p 000b6000 103:0a 1706622                   /usr/lib/x86_64-linux-gnu/libm-2.31.so
7f2186063000-7f2186064000 r--p 0014c000 103:0a 1706622                   /usr/lib/x86_64-linux-gnu/libm-2.31.so
7f2186064000-7f2186065000 rw-p 0014d000 103:0a 1706622                   /usr/lib/x86_64-linux-gnu/libm-2.31.so
7f2186065000-7f21860fb000 r--p 00000000 103:0a 1702190                   /usr/lib/x86_64-linux-gnu/libstdc++.so.6.0.28
7f21860fb000-7f21861ec000 r-xp 00096000 103:0a 1702190                   /usr/lib/x86_64-linux-gnu/libstdc++.so.6.0.28
7f21861ec000-7f2186235000 r--p 00187000 103:0a 1702190                   /usr/lib/x86_64-linux-gnu/libstdc++.so.6.0.28
7f2186235000-7f2186236000 ---p 001d0000 103:0a 1702190                   /usr/lib/x86_64-linux-gnu/libstdc++.so.6.0.28
7f2186236000-7f2186241000 r--p 001d0000 103:0a 1702190                   /usr/lib/x86_64-linux-gnu/libstdc++.so.6.0.28
7f2186241000-7f2186244000 rw-p 001db000 103:0a 1702190                   /usr/lib/x86_64-linux-gnu/libstdc++.so.6.0.28
7f2186244000-7f2186247000 rw-p 00000000 00:00 0 
7f2186247000-7f21864c8000 r--p 00000000 103:0a 1711005                   /usr/lib/jvm/java-11-openjdk-amd64/lib/server/libjvm.so
7f21864c8000-7f2187148000 r-xp 00281000 103:0a 1711005                   /usr/lib/jvm/java-11-openjdk-amd64/lib/server/libjvm.so
7f2187148000-7f21873a3000 r--p 00f01000 103:0a 1711005                   /usr/lib/jvm/java-11-openjdk-amd64/lib/server/libjvm.so
7f21873a3000-7f2187467000 r--p 0115b000 103:0a 1711005                   /usr/lib/jvm/java-11-openjdk-amd64/lib/server/libjvm.so
7f2187467000-7f21874a2000 rw-p 0121f000 103:0a 1711005                   /usr/lib/jvm/java-11-openjdk-amd64/lib/server/libjvm.so
7f21874a2000-7f21874fb000 rw-p 00000000 00:00 0 
7f21874fb000-7f2187502000 r--p 00000000 103:0a 1707580                   /usr/lib/x86_64-linux-gnu/libpthread-2.31.so
7f2187502000-7f2187513000 r-xp 00007000 103:0a 1707580                   /usr/lib/x86_64-linux-gnu/libpthread-2.31.so
7f2187513000-7f2187518000 r--p 00018000 103:0a 1707580                   /usr/lib/x86_64-linux-gnu/libpthread-2.31.so
7f2187518000-7f2187519000 r--p 0001c000 103:0a 1707580                   /usr/lib/x86_64-linux-gnu/libpthread-2.31.so
7f2187519000-7f218751a000 rw-p 0001d000 103:0a 1707580                   /usr/lib/x86_64-linux-gnu/libpthread-2.31.so
7f218751a000-7f218751e000 rw-p 00000000 00:00 0 
7f218751e000-7f218751f000 r--p 00000000 103:0a 1706620                   /usr/lib/x86_64-linux-gnu/libdl-2.31.so
7f218751f000-7f2187521000 r-xp 00001000 103:0a 1706620                   /usr/lib/x86_64-linux-gnu/libdl-2.31.so
7f2187521000-7f2187522000 r--p 00003000 103:0a 1706620                   /usr/lib/x86_64-linux-gnu/libdl-2.31.so
7f2187522000-7f2187523000 r--p 00003000 103:0a 1706620                   /usr/lib/x86_64-linux-gnu/libdl-2.31.so
7f2187523000-7f2187524000 rw-p 00004000 103:0a 1706620                   /usr/lib/x86_64-linux-gnu/libdl-2.31.so
7f2187524000-7f2187526000 r--p 00000000 103:0a 1705730                   /usr/lib/x86_64-linux-gnu/libz.so.1.2.11
7f2187526000-7f2187537000 r-xp 00002000 103:0a 1705730                   /usr/lib/x86_64-linux-gnu/libz.so.1.2.11
7f2187537000-7f218753d000 r--p 00013000 103:0a 1705730                   /usr/lib/x86_64-linux-gnu/libz.so.1.2.11
7f218753d000-7f218753e000 ---p 00019000 103:0a 1705730                   /usr/lib/x86_64-linux-gnu/libz.so.1.2.11
7f218753e000-7f218753f000 r--p 00019000 103:0a 1705730                   /usr/lib/x86_64-linux-gnu/libz.so.1.2.11
7f218753f000-7f2187540000 rw-p 0001a000 103:0a 1705730                   /usr/lib/x86_64-linux-gnu/libz.so.1.2.11
7f2187540000-7f2187565000 r--p 00000000 103:0a 1706487                   /usr/lib/x86_64-linux-gnu/libc-2.31.so
7f2187565000-7f21876dd000 r-xp 00025000 103:0a 1706487                   /usr/lib/x86_64-linux-gnu/libc-2.31.so
7f21876dd000-7f2187727000 r--p 0019d000 103:0a 1706487                   /usr/lib/x86_64-linux-gnu/libc-2.31.so
7f2187727000-7f2187728000 ---p 001e7000 103:0a 1706487                   /usr/lib/x86_64-linux-gnu/libc-2.31.so
7f2187728000-7f218772b000 r--p 001e7000 103:0a 1706487                   /usr/lib/x86_64-linux-gnu/libc-2.31.so
7f218772b000-7f218772e000 rw-p 001ea000 103:0a 1706487                   /usr/lib/x86_64-linux-gnu/libc-2.31.so
7f218772e000-7f2187732000 rw-p 00000000 00:00 0 
7f2187732000-7f2187733000 ---p 00000000 00:00 0 
7f2187733000-7f2187734000 r--p 00000000 00:00 0 
7f2187734000-7f2187739000 r--p 00000000 103:0a 1711000                   /usr/lib/jvm/java-11-openjdk-amd64/lib/libverify.so
7f2187739000-7f2187740000 r-xp 00005000 103:0a 1711000                   /usr/lib/jvm/java-11-openjdk-amd64/lib/libverify.so
7f2187740000-7f2187742000 r--p 0000c000 103:0a 1711000                   /usr/lib/jvm/java-11-openjdk-amd64/lib/libverify.so
7f2187742000-7f2187743000 ---p 0000e000 103:0a 1711000                   /usr/lib/jvm/java-11-openjdk-amd64/lib/libverify.so
7f2187743000-7f2187745000 r--p 0000e000 103:0a 1711000                   /usr/lib/jvm/java-11-openjdk-amd64/lib/libverify.so
7f2187745000-7f2187746000 rw-p 00010000 103:0a 1711000                   /usr/lib/jvm/java-11-openjdk-amd64/lib/libverify.so
7f2187746000-7f2187749000 r--p 00000000 103:0a 1710966                   /usr/lib/jvm/java-11-openjdk-amd64/lib/jli/libjli.so
7f2187749000-7f2187753000 r-xp 00003000 103:0a 1710966                   /usr/lib/jvm/java-11-openjdk-amd64/lib/jli/libjli.so
7f2187753000-7f2187756000 r--p 0000d000 103:0a 1710966                   /usr/lib/jvm/java-11-openjdk-amd64/lib/jli/libjli.so
7f2187756000-7f2187757000 ---p 00010000 103:0a 1710966                   /usr/lib/jvm/java-11-openjdk-amd64/lib/jli/libjli.so
7f2187757000-7f2187758000 r--p 00010000 103:0a 1710966                   /usr/lib/jvm/java-11-openjdk-amd64/lib/jli/libjli.so
7f2187758000-7f2187759000 rw-p 00011000 103:0a 1710966                   /usr/lib/jvm/java-11-openjdk-amd64/lib/jli/libjli.so
7f2187759000-7f218775b000 rw-p 00000000 00:00 0 
7f218775b000-7f218775c000 r--p 00000000 103:0a 1706483                   /usr/lib/x86_64-linux-gnu/ld-2.31.so
7f218775c000-7f218777f000 r-xp 00001000 103:0a 1706483                   /usr/lib/x86_64-linux-gnu/ld-2.31.so
7f218777f000-7f2187787000 r--p 00024000 103:0a 1706483                   /usr/lib/x86_64-linux-gnu/ld-2.31.so
7f2187788000-7f2187789000 r--p 0002c000 103:0a 1706483                   /usr/lib/x86_64-linux-gnu/ld-2.31.so
7f2187789000-7f218778a000 rw-p 0002d000 103:0a 1706483                   /usr/lib/x86_64-linux-gnu/ld-2.31.so
7f218778a000-7f218778b000 rw-p 00000000 00:00 0 
7ffeab716000-7ffeab73a000 rw-p 00000000 00:00 0                          [stack]
7ffeab787000-7ffeab78b000 r--p 00000000 00:00 0                          [vvar]
7ffeab78b000-7ffeab78d000 r-xp 00000000 00:00 0                          [vdso]
ffffffffff600000-ffffffffff601000 --xp 00000000 00:00 0                  [vsyscall]


VM Arguments:
jvm_args: -Dfile.encoding=UTF-8 -Duser.country=KR -Duser.language=ko -Duser.variant 
java_command: com.haneul.study.springboot.Application
java_class_path (initial): /home/haneul/workspace/spring-study/spring_study/freelec-springboot2-webservice/build/classes/java/main:/home/haneul/workspace/spring-study/spring_study/freelec-springboot2-webservice/build/resources/main:/home/haneul/.gradle/caches/modules-2/files-2.1/org.springframework.boot/spring-boot-starter-web/2.4.1/fb70dcc55475177dd404c5577c6d64b6c591c9cd/spring-boot-starter-web-2.4.1.jar:/home/haneul/.gradle/caches/modules-2/files-2.1/org.springframework.boot/spring-boot-starter-mustache/2.4.1/a572c4f5878f7591e3dcd49ab5c91eb392571125/spring-boot-starter-mustache-2.4.1.jar:/home/haneul/.gradle/caches/modules-2/files-2.1/org.projectlombok/lombok/1.18.16/6dc192c7f93ec1853f70d59d8a6dcf94eb42866/lombok-1.18.16.jar:/home/haneul/.gradle/caches/modules-2/files-2.1/org.springframework.boot/spring-boot-starter-data-jpa/2.4.1/7801874040c4c3050ebd4b5fee572f72e26219b0/spring-boot-starter-data-jpa-2.4.1.jar:/home/haneul/.gradle/caches/modules-2/files-2.1/org.mariadb.jdbc/mariadb-java-client/2.7.1/3b8c972f7518d4e0e2a070e9e877ebcfba2d2db8/mariadb-java-client-2.7.1.jar:/home/haneul/.gradle/caches/modules-2/files-2.1/com.h2database/h2/1.4.200/f7533fe7cb8e99c87a43d325a77b4b678ad9031a/h2-1.4.200.jar:/home/haneul/.gradle/caches/modules-2/files-2.1/org.springframework.boot/spring-boot-starter-json/2.4.1/5a4b7088c88be531cb416ef218da3e19309f8cea/spring-boot-starter-json-2.4.1.jar:/home/haneul/.gradle/caches/modules-2/files-2.1/org.springframework.boot/spring-boot-starter-aop/2.4.1/316d517012a03f9c039301f6013bbd952571e10f/spring-boot-starter-aop-2.4.1.jar:/home/haneul/.gradle/caches/modules-2/files-2.1/org.springframework.boot/spring-boot-starter-jdbc/2.4.1/8bce44479b03c6418f91370063ca770ca3ec6184/spring-boot-starter-jdbc-2.4.1.jar:/home/haneul/.gradle/caches/modules-2/files-2.1/org.springframework.boot/spring-boot-starter/2.4.1/15d81ffe81e26de37986d491e1cf4c1e3a324ca3/spring-boot-starter-2.4.1.jar:/home/haneul/.gradle/caches/modules-2/files-2.1/org.springframework.boot
Launcher Type: SUN_STANDARD

[Global flags]
     intx CICompilerCount                          = 4                                         {product} {ergonomic}
     uint ConcGCThreads                            = 2                                         {product} {ergonomic}
     uint G1ConcRefinementThreads                  = 8                                         {product} {ergonomic}
   size_t G1HeapRegionSize                         = 1048576                                   {product} {ergonomic}
    uintx GCDrainStackTargetSize                   = 64                                        {product} {ergonomic}
   size_t InitialHeapSize                          = 257949696                                 {product} {ergonomic}
   size_t MarkStackSize                            = 4194304                                   {product} {ergonomic}
   size_t MaxHeapSize                              = 4097835008                                {product} {ergonomic}
   size_t MaxNewSize                               = 2457862144                                {product} {ergonomic}
   size_t MinHeapDeltaBytes                        = 1048576                                   {product} {ergonomic}
    uintx NonNMethodCodeHeapSize                   = 5836300                                {pd product} {ergonomic}
    uintx NonProfiledCodeHeapSize                  = 122910970                              {pd product} {ergonomic}
    uintx ProfiledCodeHeapSize                     = 122910970                              {pd product} {ergonomic}
    uintx ReservedCodeCacheSize                    = 251658240                              {pd product} {ergonomic}
     bool SegmentedCodeCache                       = true                                      {product} {ergonomic}
     bool UseCompressedClassPointers               = true                                 {lp64_product} {ergonomic}
     bool UseCompressedOops                        = true                                 {lp64_product} {ergonomic}
     bool UseG1GC                                  = true                                      {product} {ergonomic}

Logging:
Log output configuration:
 #0: stdout all=warning uptime,level,tags
 #1: stderr all=off uptime,level,tags

Environment Variables:
PATH=/home/haneul/.local/bin:/usr/local/sbin:/usr/local/bin:/usr/sbin:/usr/bin:/sbin:/bin:/usr/games:/usr/local/games:/snap/bin
USERNAME=haneul
SHELL=/bin/bash
DISPLAY=:0
LANG=ko_KR.UTF-8

Signal Handlers:
SIGSEGV: [libjvm.so+0xe8e8d0], sa_mask[0]=11111111011111111101111111111110, sa_flags=SA_RESTART|SA_SIGINFO
SIGBUS: [libjvm.so+0xe8e8d0], sa_mask[0]=11111111011111111101111111111110, sa_flags=SA_RESTART|SA_SIGINFO
SIGFPE: [libjvm.so+0xe8e8d0], sa_mask[0]=11111111011111111101111111111110, sa_flags=SA_RESTART|SA_SIGINFO
SIGPIPE: [libjvm.so+0xbd6910], sa_mask[0]=11111111011111111101111111111110, sa_flags=SA_RESTART|SA_SIGINFO
SIGXFSZ: [libjvm.so+0xbd6910], sa_mask[0]=11111111011111111101111111111110, sa_flags=SA_RESTART|SA_SIGINFO
SIGILL: [libjvm.so+0xe8e8d0], sa_mask[0]=11111111011111111101111111111110, sa_flags=SA_RESTART|SA_SIGINFO
SIGUSR2: [libjvm.so+0xbd67b0], sa_mask[0]=00100000000000000000000000000000, sa_flags=SA_RESTART|SA_SIGINFO
SIGHUP: [libjvm.so+0xbd6c50], sa_mask[0]=11111111011111111101111111111110, sa_flags=SA_RESTART|SA_SIGINFO
SIGINT: [libjvm.so+0xbd6c50], sa_mask[0]=11111111011111111101111111111110, sa_flags=SA_RESTART|SA_SIGINFO
SIGTERM: [libjvm.so+0xbd6c50], sa_mask[0]=11111111011111111101111111111110, sa_flags=SA_RESTART|SA_SIGINFO
SIGQUIT: [libjvm.so+0xbd6c50], sa_mask[0]=11111111011111111101111111111110, sa_flags=SA_RESTART|SA_SIGINFO


---------------  S Y S T E M  ---------------

OS:DISTRIB_ID=Ubuntu
DISTRIB_RELEASE=20.04
DISTRIB_CODENAME=focal
DISTRIB_DESCRIPTION="Ubuntu 20.04.3 LTS"
uname:Linux 5.11.0-43-generic #47~20.04.2-Ubuntu SMP Mon Dec 13 11:06:56 UTC 2021 x86_64
OS uptime: 0 days 0:41 hours
libc:glibc 2.31 NPTL 2.31 
rlimit (soft/hard): STACK 8192k/infinity , CORE 0k/infinity , NPROC 62242/62242 , NOFILE 1048576/1048576 , AS infinity/infinity , CPU infinity/infinity , DATA infinity/infinity , FSIZE infinity/infinity , MEMLOCK 65536k/65536k
load average:1.05 0.66 0.56

/proc/meminfo:
MemTotal:       15999496 kB
MemFree:         9190672 kB
MemAvailable:   11209996 kB
Buffers:          130752 kB
Cached:          2446720 kB
SwapCached:            0 kB
Active:           638768 kB
Inactive:        5477548 kB
Active(anon):       2452 kB
Inactive(anon):  3890936 kB
Active(file):     636316 kB
Inactive(file):  1586612 kB
Unevictable:      350000 kB
Mlocked:              32 kB
SwapTotal:       1425444 kB
SwapFree:        1425444 kB
Dirty:              2636 kB
Writeback:             0 kB
AnonPages:       3889084 kB
Mapped:          1083864 kB
Shmem:            361216 kB
KReclaimable:     114688 kB
Slab:             218200 kB
SReclaimable:     114688 kB
SUnreclaim:       103512 kB
KernelStack:       14528 kB
PageTables:        30240 kB
NFS_Unstable:          0 kB
Bounce:                0 kB
WritebackTmp:          0 kB
CommitLimit:     9425192 kB
Committed_AS:    9119724 kB
VmallocTotal:   34359738367 kB
VmallocUsed:       39296 kB
VmallocChunk:          0 kB
Percpu:             6752 kB
HardwareCorrupted:     0 kB
AnonHugePages:         0 kB
ShmemHugePages:        0 kB
ShmemPmdMapped:        0 kB
FileHugePages:         0 kB
FilePmdMapped:         0 kB
HugePages_Total:       0
HugePages_Free:        0
HugePages_Rsvd:        0
HugePages_Surp:        0
Hugepagesize:       2048 kB
Hugetlb:               0 kB
DirectMap4k:      283952 kB
DirectMap2M:     6664192 kB
DirectMap1G:     9437184 kB

/sys/kernel/mm/transparent_hugepage/enabled:
always [madvise] never
/sys/kernel/mm/transparent_hugepage/defrag (defrag/compaction efforts parameter):
always defer defer+madvise [madvise] never

Process Memory:
Virtual Size: 7581836K (peak: 15515252K)
Resident Set Size: 279980K (peak: 279980K) (anon: 251784K, file: 28196K, shmem: 0K)
Swapped out: 0K
C-Heap outstanding allocations: 67719K

/proc/sys/kernel/threads-max (system-wide limit on the number of threads):
124484
/proc/sys/vm/max_map_count (maximum number of memory map areas a process may have):
262144
/proc/sys/kernel/pid_max (system-wide limit on number of process identifiers):
4194304

container (cgroup) information:
container_type: cgroupv1
cpu_cpuset_cpus: 0-7
cpu_memory_nodes: 0
active_processor_count: 8
cpu_quota: -1
cpu_period: 100000
cpu_shares: -1
memory_limit_in_bytes: -1
memory_and_swap_limit_in_bytes: -1
memory_soft_limit_in_bytes: -1
memory_usage_in_bytes: 5224570880
memory_max_usage_in_bytes: 5300109312

Steal ticks since vm start: 0
Steal ticks percentage since vm start:  0.000

CPU:total 8 (initial active 8) (4 cores per cpu, 2 threads per core) family 6 model 126 stepping 5 microcode 0xa6, cmov, cx8, fxsr, mmx, sse, sse2, sse3, ssse3, sse4.1, sse4.2, popcnt, avx, avx2, aes, clmul, erms, 3dnowpref, lzcnt, ht, tsc, tscinvbit, bmi1, bmi2, adx, evex, sha, fma
CPU Model and flags from /proc/cpuinfo:
model name	: Intel(R) Core(TM) i5-1035G7 CPU @ 1.20GHz
flags		: fpu vme de pse tsc msr pae mce cx8 apic sep mtrr pge mca cmov pat pse36 clflush dts acpi mmx fxsr sse sse2 ss ht tm pbe syscall nx pdpe1gb rdtscp lm constant_tsc art arch_perfmon pebs bts rep_good nopl xtopology nonstop_tsc cpuid aperfmperf tsc_known_freq pni pclmulqdq dtes64 monitor ds_cpl vmx est tm2 ssse3 sdbg fma cx16 xtpr pdcm pcid sse4_1 sse4_2 x2apic movbe popcnt tsc_deadline_timer aes xsave avx f16c rdrand lahf_lm abm 3dnowprefetch cpuid_fault epb invpcid_single ssbd ibrs ibpb stibp ibrs_enhanced tpr_shadow vnmi flexpriority ept vpid ept_ad fsgsbase tsc_adjust sgx bmi1 avx2 smep bmi2 erms invpcid avx512f avx512dq rdseed adx smap avx512ifma clflushopt intel_pt avx512cd sha_ni avx512bw avx512vl xsaveopt xsavec xgetbv1 xsaves split_lock_detect dtherm ida arat pln pts hwp hwp_notify hwp_act_window hwp_epp hwp_pkg_req avx512vbmi umip pku ospke avx512_vbmi2 gfni vaes vpclmulqdq avx512_vnni avx512_bitalg avx512_vpopcntdq rdpid sgx_lc fsrm md_clear flush_l1d arch_capabilities
Online cpus:
0-7
Offline cpus:

BIOS frequency limitation:
<Not Available>
Frequency switch latency (ns):
0
Available cpu frequencies:
<Not Available>
Current governor:
powersave
Core performance/turbo boost:
<Not Available>

Memory: 4k page, physical 15999496k(9190672k free), swap 1425444k(1425444k free)

vm_info: OpenJDK 64-Bit Server VM (11.0.13+8-Ubuntu-0ubuntu1.20.04) for linux-amd64 JRE (11.0.13+8-Ubuntu-0ubuntu1.20.04), built on Oct 29 2021 09:11:30 by "unknown" with gcc 9.3.0

END.
